#
# There is insufficient memory for the Java Runtime Environment to continue.
# Native memory allocation (malloc) failed to allocate 189184 bytes for Chunk::new
# Possible reasons:
#   The system is out of physical RAM or swap space
#   The process is running with CompressedOops enabled, and the Java Heap may be blocking the growth of the native heap
# Possible solutions:
#   Reduce memory load on the system
#   Increase physical memory or swap space
#   Check if swap backing store is full
#   Decrease Java heap size (-Xmx/-Xms)
#   Decrease number of Java threads
#   Decrease Java thread stack sizes (-Xss)
#   Set larger code cache with -XX:ReservedCodeCacheSize=
#   JVM is running with Unscaled Compressed Oops mode in which the Java heap is
#     placed in the first 4GB address space. The Java Heap base address is the
#     maximum limit for the native heap growth. Please use -XX:HeapBaseMinAddress
#     to set the Java Heap base and to place the Java Heap above 4GB virtual address.
# This output file may be truncated or incomplete.
#
#  Out of Memory Error (allocation.cpp:389), pid=2928, tid=0x0000000000001044
#
# JRE version: OpenJDK Runtime Environment (8.0_242-b01) (build 1.8.0_242-release-1644-b01)
# Java VM: OpenJDK 64-Bit Server VM (25.242-b01 mixed mode windows-amd64 compressed oops)
# Failed to write core dump. Minidumps are not enabled by default on client versions of Windows
#

---------------  T H R E A D  ---------------

Current thread (0x00000000177fe800):  JavaThread "C2 CompilerThread1" daemon [_thread_in_native, id=4164, stack(0x0000000018f70000,0x0000000019070000)]

Stack: [0x0000000018f70000,0x0000000019070000]
[error occurred during error reporting (printing stack bounds), id 0xc0000005]

Native frames: (J=compiled Java code, j=interpreted, Vv=VM code, C=native code)


Current CompileTask:
C2:  10231 3534       4       java.security.CodeSource::equals (60 bytes)


---------------  P R O C E S S  ---------------

Java Threads: ( => current thread )
  0x00000000191b3000 JavaThread "Service Thread" daemon [_thread_blocked, id=10612, stack(0x0000000019570000,0x0000000019670000)]
  0x0000000017808000 JavaThread "C1 CompilerThread2" daemon [_thread_blocked, id=1560, stack(0x0000000019070000,0x0000000019170000)]
=>0x00000000177fe800 JavaThread "C2 CompilerThread1" daemon [_thread_in_native, id=4164, stack(0x0000000018f70000,0x0000000019070000)]
  0x00000000177f7800 JavaThread "C2 CompilerThread0" daemon [_thread_blocked, id=11232, stack(0x0000000018e70000,0x0000000018f70000)]
  0x00000000177f6000 JavaThread "Attach Listener" daemon [_thread_blocked, id=7508, stack(0x0000000018d70000,0x0000000018e70000)]
  0x00000000177f3000 JavaThread "Signal Dispatcher" daemon [_thread_blocked, id=4916, stack(0x0000000018c70000,0x0000000018d70000)]
  0x00000000177d9000 JavaThread "Finalizer" daemon [_thread_blocked, id=10456, stack(0x0000000018a60000,0x0000000018b60000)]
  0x0000000002c00800 JavaThread "Reference Handler" daemon [_thread_blocked, id=1412, stack(0x0000000018960000,0x0000000018a60000)]
  0x0000000002b12800 JavaThread "main" [_thread_in_vm, id=6736, stack(0x0000000001230000,0x0000000001330000)]

Other Threads:
  0x00000000177b7000 VMThread [stack: 0x0000000018860000,0x0000000018960000] [id=5816]
  0x00000000191b4000 WatcherThread [stack: 0x0000000019670000,0x0000000019770000] [id=10940]

VM state:not at safepoint (normal execution)

VM Mutex/Monitor currently owned by a thread: None

heap address: 0x0000000081a00000, size: 2022 MB, Compressed Oops mode: 32-bit
Narrow klass base: 0x0000000000000000, Narrow klass shift: 3
Compressed class space size: 1073741824 Address: 0x0000000100000000

Heap:
 PSYoungGen      total 90624K, used 34095K [0x00000000d5e00000, 0x00000000de700000, 0x0000000100000000)
  eden space 73216K, 46% used [0x00000000d5e00000,0x00000000d7f4bfa8,0x00000000da580000)
  from space 17408K, 0% used [0x00000000db600000,0x00000000db600000,0x00000000dc700000)
  to   space 16896K, 0% used [0x00000000da580000,0x00000000da580000,0x00000000db600000)
 ParOldGen       total 65536K, used 17058K [0x0000000081a00000, 0x0000000085a00000, 0x00000000d5e00000)
  object space 65536K, 26% used [0x0000000081a00000,0x0000000082aa8ad8,0x0000000085a00000)
 Metaspace       used 40480K, capacity 41092K, committed 41432K, reserved 1085440K
  class space    used 5116K, capacity 5304K, committed 5376K, reserved 1048576K

Card table byte_map: [0x0000000012070000,0x0000000012470000] byte_map_base: 0x0000000011c63000

Marking Bits: (ParMarkBitMap*) 0x0000000057aff030
 Begin Bits: [0x0000000012b20000, 0x0000000014ab8000)
 End Bits:   [0x0000000014ab8000, 0x0000000016a50000)

Polling page: 0x0000000001340000

CodeCache: size=245760Kb used=10368Kb max_used=10368Kb free=235391Kb
 bounds [0x0000000002cb0000, 0x00000000036e0000, 0x0000000011cb0000]
 total_blobs=3748 nmethods=3295 adapters=366
 compilation: enabled

Compilation events (10 events):
Event: 10.188 Thread 0x0000000017808000 3537       1       java.lang.invoke.MethodHandle::internalForm (5 bytes)
Event: 10.189 Thread 0x0000000017808000 nmethod 3537 0x00000000036abfd0 code [0x00000000036ac120, 0x00000000036ac230]
Event: 10.193 Thread 0x0000000017808000 3538   !   3       java.lang.invoke.MethodHandleNatives::linkMethodHandleConstant (154 bytes)
Event: 10.195 Thread 0x0000000017808000 nmethod 3538 0x00000000036d6510 code [0x00000000036d6760, 0x00000000036d7348]
Event: 10.195 Thread 0x0000000017808000 3539       1       java.lang.invoke.SimpleMethodHandle::fieldCount (2 bytes)
Event: 10.195 Thread 0x0000000017808000 nmethod 3539 0x00000000036d6250 code [0x00000000036d63a0, 0x00000000036d64b0]
Event: 10.202 Thread 0x0000000017808000 3540       3       java.lang.invoke.InnerClassLambdaMetafactory::getOpcodeOffset (38 bytes)
Event: 10.202 Thread 0x0000000017808000 nmethod 3540 0x00000000036bd390 code [0x00000000036bd500, 0x00000000036bd848]
Event: 10.216 Thread 0x0000000017808000 3541       3       java.lang.invoke.MethodHandles$Lookup::resolveOrFail (39 bytes)
Event: 10.217 Thread 0x0000000017808000 nmethod 3541 0x00000000036bbf10 code [0x00000000036bc120, 0x00000000036bcf68]

GC Heap History (10 events):
Event: 4.142 GC heap before
{Heap before GC invocations=4 (full 1):
 PSYoungGen      total 38400K, used 5093K [0x00000000d5e00000, 0x00000000da900000, 0x0000000100000000)
  eden space 33280K, 0% used [0x00000000d5e00000,0x00000000d5e00000,0x00000000d7e80000)
  from space 5120K, 99% used [0x00000000d7e80000,0x00000000d8379688,0x00000000d8380000)
  to   space 5120K, 0% used [0x00000000da400000,0x00000000da400000,0x00000000da900000)
 ParOldGen       total 87552K, used 11722K [0x0000000081a00000, 0x0000000086f80000, 0x00000000d5e00000)
  object space 87552K, 13% used [0x0000000081a00000,0x0000000082572b80,0x0000000086f80000)
 Metaspace       used 20803K, capacity 21208K, committed 21248K, reserved 1069056K
  class space    used 2412K, capacity 2558K, committed 2560K, reserved 1048576K
Event: 4.201 GC heap after
Heap after GC invocations=4 (full 1):
 PSYoungGen      total 38400K, used 0K [0x00000000d5e00000, 0x00000000da900000, 0x0000000100000000)
  eden space 33280K, 0% used [0x00000000d5e00000,0x00000000d5e00000,0x00000000d7e80000)
  from space 5120K, 0% used [0x00000000d7e80000,0x00000000d7e80000,0x00000000d8380000)
  to   space 5120K, 0% used [0x00000000da400000,0x00000000da400000,0x00000000da900000)
 ParOldGen       total 65536K, used 9382K [0x0000000081a00000, 0x0000000085a00000, 0x00000000d5e00000)
  object space 65536K, 14% used [0x0000000081a00000,0x0000000082329af8,0x0000000085a00000)
 Metaspace       used 20803K, capacity 21208K, committed 21248K, reserved 1069056K
  class space    used 2412K, capacity 2558K, committed 2560K, reserved 1048576K
}
Event: 5.995 GC heap before
{Heap before GC invocations=5 (full 1):
 PSYoungGen      total 38400K, used 33280K [0x00000000d5e00000, 0x00000000da900000, 0x0000000100000000)
  eden space 33280K, 100% used [0x00000000d5e00000,0x00000000d7e80000,0x00000000d7e80000)
  from space 5120K, 0% used [0x00000000d7e80000,0x00000000d7e80000,0x00000000d8380000)
  to   space 5120K, 0% used [0x00000000da400000,0x00000000da400000,0x00000000da900000)
 ParOldGen       total 65536K, used 9382K [0x0000000081a00000, 0x0000000085a00000, 0x00000000d5e00000)
  object space 65536K, 14% used [0x0000000081a00000,0x0000000082329af8,0x0000000085a00000)
 Metaspace       used 23956K, capacity 24468K, committed 24704K, reserved 1071104K
  class space    used 2822K, capacity 2931K, committed 2944K, reserved 1048576K
Event: 6.010 GC heap after
Heap after GC invocations=5 (full 1):
 PSYoungGen      total 54272K, used 5113K [0x00000000d5e00000, 0x00000000da900000, 0x0000000100000000)
  eden space 49152K, 0% used [0x00000000d5e00000,0x00000000d5e00000,0x00000000d8e00000)
  from space 5120K, 99% used [0x00000000da400000,0x00000000da8fe578,0x00000000da900000)
  to   space 5120K, 0% used [0x00000000d9f00000,0x00000000d9f00000,0x00000000da400000)
 ParOldGen       total 65536K, used 11321K [0x0000000081a00000, 0x0000000085a00000, 0x00000000d5e00000)
  object space 65536K, 17% used [0x0000000081a00000,0x000000008250e4a8,0x0000000085a00000)
 Metaspace       used 23956K, capacity 24468K, committed 24704K, reserved 1071104K
  class space    used 2822K, capacity 2931K, committed 2944K, reserved 1048576K
}
Event: 8.058 GC heap before
{Heap before GC invocations=6 (full 1):
 PSYoungGen      total 54272K, used 54265K [0x00000000d5e00000, 0x00000000da900000, 0x0000000100000000)
  eden space 49152K, 100% used [0x00000000d5e00000,0x00000000d8e00000,0x00000000d8e00000)
  from space 5120K, 99% used [0x00000000da400000,0x00000000da8fe578,0x00000000da900000)
  to   space 5120K, 0% used [0x00000000d9f00000,0x00000000d9f00000,0x00000000da400000)
 ParOldGen       total 65536K, used 11321K [0x0000000081a00000, 0x0000000085a00000, 0x00000000d5e00000)
  object space 65536K, 17% used [0x0000000081a00000,0x000000008250e4a8,0x0000000085a00000)
 Metaspace       used 32633K, capacity 33121K, committed 33536K, reserved 1079296K
  class space    used 4085K, capacity 4251K, committed 4352K, reserved 1048576K
Event: 8.084 GC heap after
Heap after GC invocations=6 (full 1):
 PSYoungGen      total 71680K, used 5091K [0x00000000d5e00000, 0x00000000dc700000, 0x0000000100000000)
  eden space 66560K, 0% used [0x00000000d5e00000,0x00000000d5e00000,0x00000000d9f00000)
  from space 5120K, 99% used [0x00000000d9f00000,0x00000000da3f8c70,0x00000000da400000)
  to   space 17408K, 0% used [0x00000000db600000,0x00000000db600000,0x00000000dc700000)
 ParOldGen       total 65536K, used 24696K [0x0000000081a00000, 0x0000000085a00000, 0x00000000d5e00000)
  object space 65536K, 37% used [0x0000000081a00000,0x000000008321e018,0x0000000085a00000)
 Metaspace       used 32633K, capacity 33121K, committed 33536K, reserved 1079296K
  class space    used 4085K, capacity 4251K, committed 4352K, reserved 1048576K
}
Event: 8.366 GC heap before
{Heap before GC invocations=7 (full 1):
 PSYoungGen      total 71680K, used 15729K [0x00000000d5e00000, 0x00000000dc700000, 0x0000000100000000)
  eden space 66560K, 15% used [0x00000000d5e00000,0x00000000d6863b48,0x00000000d9f00000)
  from space 5120K, 99% used [0x00000000d9f00000,0x00000000da3f8c70,0x00000000da400000)
  to   space 17408K, 0% used [0x00000000db600000,0x00000000db600000,0x00000000dc700000)
 ParOldGen       total 65536K, used 24696K [0x0000000081a00000, 0x0000000085a00000, 0x00000000d5e00000)
  object space 65536K, 37% used [0x0000000081a00000,0x000000008321e018,0x0000000085a00000)
 Metaspace       used 34607K, capacity 35090K, committed 35416K, reserved 1081344K
  class space    used 4340K, capacity 4479K, committed 4480K, reserved 1048576K
Event: 8.380 GC heap after
Heap after GC invocations=7 (full 1):
 PSYoungGen      total 90624K, used 7975K [0x00000000d5e00000, 0x00000000de700000, 0x0000000100000000)
  eden space 73216K, 0% used [0x00000000d5e00000,0x00000000d5e00000,0x00000000da580000)
  from space 17408K, 45% used [0x00000000db600000,0x00000000dbdc9fc8,0x00000000dc700000)
  to   space 16896K, 0% used [0x00000000da580000,0x00000000da580000,0x00000000db600000)
 ParOldGen       total 65536K, used 24696K [0x0000000081a00000, 0x0000000085a00000, 0x00000000d5e00000)
  object space 65536K, 37% used [0x0000000081a00000,0x000000008321e018,0x0000000085a00000)
 Metaspace       used 34607K, capacity 35090K, committed 35416K, reserved 1081344K
  class space    used 4340K, capacity 4479K, committed 4480K, reserved 1048576K
}
Event: 8.380 GC heap before
{Heap before GC invocations=8 (full 2):
 PSYoungGen      total 90624K, used 7975K [0x00000000d5e00000, 0x00000000de700000, 0x0000000100000000)
  eden space 73216K, 0% used [0x00000000d5e00000,0x00000000d5e00000,0x00000000da580000)
  from space 17408K, 45% used [0x00000000db600000,0x00000000dbdc9fc8,0x00000000dc700000)
  to   space 16896K, 0% used [0x00000000da580000,0x00000000da580000,0x00000000db600000)
 ParOldGen       total 65536K, used 24696K [0x0000000081a00000, 0x0000000085a00000, 0x00000000d5e00000)
  object space 65536K, 37% used [0x0000000081a00000,0x000000008321e018,0x0000000085a00000)
 Metaspace       used 34607K, capacity 35090K, committed 35416K, reserved 1081344K
  class space    used 4340K, capacity 4479K, committed 4480K, reserved 1048576K
Event: 8.491 GC heap after
Heap after GC invocations=8 (full 2):
 PSYoungGen      total 90624K, used 0K [0x00000000d5e00000, 0x00000000de700000, 0x0000000100000000)
  eden space 73216K, 0% used [0x00000000d5e00000,0x00000000d5e00000,0x00000000da580000)
  from space 17408K, 0% used [0x00000000db600000,0x00000000db600000,0x00000000dc700000)
  to   space 16896K, 0% used [0x00000000da580000,0x00000000da580000,0x00000000db600000)
 ParOldGen       total 65536K, used 17058K [0x0000000081a00000, 0x0000000085a00000, 0x00000000d5e00000)
  object space 65536K, 26% used [0x0000000081a00000,0x0000000082aa8ad8,0x0000000085a00000)
 Metaspace       used 34607K, capacity 35090K, committed 35416K, reserved 1081344K
  class space    used 4340K, capacity 4479K, committed 4480K, reserved 1048576K
}

Deoptimization events (10 events):
Event: 9.108 Thread 0x0000000002b12800 Uncommon trap: reason=bimorphic action=maybe_recompile pc=0x000000000336e76c method=org.jetbrains.kotlin.protobuf.CodedInputStream.tryRefillBuffer(I)Z @ 177
Event: 9.114 Thread 0x0000000002b12800 Uncommon trap: reason=bimorphic action=maybe_recompile pc=0x000000000336e76c method=org.jetbrains.kotlin.protobuf.CodedInputStream.tryRefillBuffer(I)Z @ 177
Event: 9.114 Thread 0x0000000002b12800 Uncommon trap: reason=bimorphic action=maybe_recompile pc=0x000000000336e76c method=org.jetbrains.kotlin.protobuf.CodedInputStream.tryRefillBuffer(I)Z @ 177
Event: 9.116 Thread 0x0000000002b12800 Uncommon trap: reason=bimorphic action=maybe_recompile pc=0x000000000336e76c method=org.jetbrains.kotlin.protobuf.CodedInputStream.tryRefillBuffer(I)Z @ 177
Event: 9.327 Thread 0x0000000002b12800 Uncommon trap: reason=unstable_if action=reinterpret pc=0x000000000353a520 method=java.text.StringCharacterIterator.current()C @ 19
Event: 9.545 Thread 0x0000000002b12800 Uncommon trap: reason=class_check action=maybe_recompile pc=0x000000000350ec98 method=org.jetbrains.kotlin.com.intellij.openapi.util.text.StringUtilRt.lastIndexOf(Ljava/lang/CharSequence;CII)I @ 17
Event: 9.545 Thread 0x0000000002b12800 Uncommon trap: reason=class_check action=maybe_recompile pc=0x000000000350ec98 method=org.jetbrains.kotlin.com.intellij.openapi.util.text.StringUtilRt.lastIndexOf(Ljava/lang/CharSequence;CII)I @ 17
Event: 9.545 Thread 0x0000000002b12800 Uncommon trap: reason=class_check action=maybe_recompile pc=0x000000000350ec98 method=org.jetbrains.kotlin.com.intellij.openapi.util.text.StringUtilRt.lastIndexOf(Ljava/lang/CharSequence;CII)I @ 17
Event: 9.546 Thread 0x0000000002b12800 Uncommon trap: reason=class_check action=maybe_recompile pc=0x000000000350ec98 method=org.jetbrains.kotlin.com.intellij.openapi.util.text.StringUtilRt.lastIndexOf(Ljava/lang/CharSequence;CII)I @ 17
Event: 9.840 Thread 0x0000000002b12800 Uncommon trap: reason=unstable_if action=reinterpret pc=0x0000000002f7cb1c method=org.jetbrains.kotlin.com.intellij.lang.LanguageExtension.forLanguage(Lorg/jetbrains/kotlin/com/intellij/lang/Language;)Ljava/lang/Object; @ 19

Classes redefined (0 events):
No events

Internal exceptions (10 events):
Event: 2.363 Thread 0x0000000002b12800 Exception <a 'java/lang/ArrayIndexOutOfBoundsException'> (0x00000000d64b36e0) thrown at [C:\src\AOSP-openjdk-git\hotspot\src\share\vm\runtime\sharedRuntime.cpp, line 605]
Event: 3.734 Thread 0x0000000002b12800 Exception <a 'java/lang/NoSuchMethodError': java.lang.Object.lambda$comparing$77a9974f$1(Ljava/util/function/Function;Ljava/lang/Object;Ljava/lang/Object;)I> (0x00000000d6272980) thrown at [C:\src\AOSP-openjdk-git\hotspot\src\share\vm\interpreter\linkReso
Event: 3.760 Thread 0x0000000002b12800 Exception <a 'java/lang/NoSuchMethodError': java.lang.Object.lambda$static$0()J> (0x00000000d6376de8) thrown at [C:\src\AOSP-openjdk-git\hotspot\src\share\vm\interpreter\linkResolver.cpp, line 620]
Event: 3.981 Thread 0x0000000002b12800 Exception <a 'java/lang/NoSuchMethodError': java.lang.Object.lambda$static$0(I)[Lorg/jetbrains/kotlin/com/intellij/openapi/editor/event/DocumentListener;> (0x00000000d6acf0f8) thrown at [C:\src\AOSP-openjdk-git\hotspot\src\share\vm\interpreter\linkResolve
Event: 4.031 Thread 0x0000000002b12800 Exception <a 'java/lang/NoSuchMethodError': java.lang.Object.lambda$static$0(I)[Lorg/jetbrains/kotlin/com/intellij/psi/PsiAnnotation;> (0x00000000d6ced2a8) thrown at [C:\src\AOSP-openjdk-git\hotspot\src\share\vm\interpreter\linkResolver.cpp, line 620]
Event: 4.245 Thread 0x0000000002b12800 Exception <a 'java/lang/NoSuchMethodError': java.lang.Object.lambda$static$0(I)[Lorg/jetbrains/kotlin/com/intellij/psi/PsiElement;> (0x00000000d5f70350) thrown at [C:\src\AOSP-openjdk-git\hotspot\src\share\vm\interpreter\linkResolver.cpp, line 620]
Event: 7.273 Thread 0x0000000002b12800 Exception <a 'java/lang/ArrayIndexOutOfBoundsException': 126> (0x00000000d727c410) thrown at [C:\src\AOSP-openjdk-git\hotspot\src\share\vm\interpreter\interpreterRuntime.cpp, line 368]
Event: 7.273 Thread 0x0000000002b12800 Exception <a 'java/lang/ArrayIndexOutOfBoundsException': 86> (0x00000000d727d898) thrown at [C:\src\AOSP-openjdk-git\hotspot\src\share\vm\interpreter\interpreterRuntime.cpp, line 368]
Event: 8.569 Thread 0x0000000002b12800 Exception <a 'java/lang/NoSuchMethodError': java.lang.Object.lambda$static$0(I)[Lorg/jetbrains/kotlin/psi/KtExpression;> (0x00000000d5fde0e0) thrown at [C:\src\AOSP-openjdk-git\hotspot\src\share\vm\interpreter\linkResolver.cpp, line 620]
Event: 10.225 Thread 0x0000000002b12800 Exception <a 'java/lang/NoSuchMethodError': java.lang.Object.lambda$static$0(I)[Lorg/jetbrains/kotlin/com/intellij/psi/PsiClass;> (0x00000000d7e03ac0) thrown at [C:\src\AOSP-openjdk-git\hotspot\src\share\vm\interpreter\linkResolver.cpp, line 620]

Events (10 events):
Event: 10.224 loading class org/jetbrains/kotlin/com/intellij/psi/PsiClass
Event: 10.224 loading class org/jetbrains/kotlin/com/intellij/psi/PsiClass done
Event: 10.225 loading class org/jetbrains/kotlin/com/intellij/psi/PsiClass
Event: 10.225 loading class org/jetbrains/kotlin/com/intellij/psi/PsiClass done
Event: 10.225 loading class org/jetbrains/kotlin/com/intellij/util/ArrayFactory
Event: 10.225 loading class org/jetbrains/kotlin/com/intellij/util/ArrayFactory done
Event: 10.226 loading class org/jetbrains/kotlin/com/intellij/lang/java/parser/JavaParserUtil
Event: 10.226 loading class org/jetbrains/kotlin/com/intellij/lang/java/parser/JavaParserUtil done
Event: 10.229 loading class org/jetbrains/kotlin/com/intellij/psi/impl/source/javadoc/PsiDocTagImpl
Event: 10.229 loading class org/jetbrains/kotlin/com/intellij/psi/impl/source/javadoc/PsiDocTagImpl done


Dynamic libraries:
0x00007ff61a0f0000 - 0x00007ff61a121000 	Z:\Android Studio\jre\jre\bin\java.exe
0x00007ffd4b8f0000 - 0x00007ffd4bae6000 	C:\Windows\SYSTEM32\ntdll.dll
0x00007ffd4b6c0000 - 0x00007ffd4b77d000 	C:\Windows\System32\KERNEL32.DLL
0x00007ffd49350000 - 0x00007ffd49619000 	C:\Windows\System32\KERNELBASE.dll
0x00007ffd49950000 - 0x00007ffd499fc000 	C:\Windows\System32\ADVAPI32.dll
0x00007ffd49a00000 - 0x00007ffd49a9e000 	C:\Windows\System32\msvcrt.dll
0x00007ffd4a2f0000 - 0x00007ffd4a38c000 	C:\Windows\System32\sechost.dll
0x00007ffd4b780000 - 0x00007ffd4b8ab000 	C:\Windows\System32\RPCRT4.dll
0x00007ffd4abd0000 - 0x00007ffd4ad70000 	C:\Windows\System32\USER32.dll
0x00007ffd49080000 - 0x00007ffd490a2000 	C:\Windows\System32\win32u.dll
0x00007ffd4a2c0000 - 0x00007ffd4a2ea000 	C:\Windows\System32\GDI32.dll
0x00007ffd49190000 - 0x00007ffd49299000 	C:\Windows\System32\gdi32full.dll
0x00007ffd49620000 - 0x00007ffd496bd000 	C:\Windows\System32\msvcp_win.dll
0x00007ffd496f0000 - 0x00007ffd497f0000 	C:\Windows\System32\ucrtbase.dll
0x00007ffd345f0000 - 0x00007ffd3488b000 	C:\Windows\WinSxS\amd64_microsoft.windows.common-controls_6595b64144ccf1df_6.0.19041.488_none_ca04af081b815d21\COMCTL32.dll
0x00007ffd4aa80000 - 0x00007ffd4aab0000 	C:\Windows\System32\IMM32.DLL
0x0000000057250000 - 0x0000000057322000 	Z:\Android Studio\jre\jre\bin\msvcr100.dll
0x0000000057330000 - 0x0000000057b7b000 	Z:\Android Studio\jre\jre\bin\server\jvm.dll
0x00007ffd4a620000 - 0x00007ffd4a628000 	C:\Windows\System32\PSAPI.DLL
0x00007ffd34db0000 - 0x00007ffd34dd7000 	C:\Windows\SYSTEM32\WINMM.dll
0x00007ffd3f430000 - 0x00007ffd3f43a000 	C:\Windows\SYSTEM32\VERSION.dll
0x00007ffd46910000 - 0x00007ffd46919000 	C:\Windows\SYSTEM32\WSOCK32.dll
0x00007ffd4a630000 - 0x00007ffd4a69b000 	C:\Windows\System32\WS2_32.dll
0x00007ffd43fe0000 - 0x00007ffd43fef000 	Z:\Android Studio\jre\jre\bin\verify.dll
0x00007ffd43c50000 - 0x00007ffd43c79000 	Z:\Android Studio\jre\jre\bin\java.dll
0x00007ffd43f70000 - 0x00007ffd43f86000 	Z:\Android Studio\jre\jre\bin\zip.dll
0x00007ffd4af50000 - 0x00007ffd4b692000 	C:\Windows\System32\SHELL32.dll
0x00007ffd47180000 - 0x00007ffd47915000 	C:\Windows\SYSTEM32\windows.storage.dll
0x00007ffd4a6a0000 - 0x00007ffd4a9f6000 	C:\Windows\System32\combase.dll
0x00007ffd489d0000 - 0x00007ffd489fc000 	C:\Windows\SYSTEM32\Wldp.dll
0x00007ffd4a210000 - 0x00007ffd4a2be000 	C:\Windows\System32\SHCORE.dll
0x00007ffd49b00000 - 0x00007ffd49b55000 	C:\Windows\System32\shlwapi.dll
0x00007ffd48f60000 - 0x00007ffd48f86000 	C:\Windows\SYSTEM32\profapi.dll
0x00007ffd43c00000 - 0x00007ffd43c1a000 	Z:\Android Studio\jre\jre\bin\net.dll
0x00007ffd48750000 - 0x00007ffd487ba000 	C:\Windows\system32\mswsock.dll
0x00007ffd43b60000 - 0x00007ffd43b73000 	Z:\Android Studio\jre\jre\bin\nio.dll

VM Arguments:
java_command: org.jetbrains.kotlin.cli.jvm.K2JVMCompiler @Z:\MyApplication\app\build\20201228_7955170024673854163.compiler.options
java_class_path (initial): C:\Users\Chisster\.gradle\caches\modules-2\files-2.1\org.jetbrains.kotlin\kotlin-compiler-embeddable\1.4.10\38c4b99d5d5362debdd9302a866730379aa2328a\kotlin-compiler-embeddable-1.4.10.jar;C:\Users\Chisster\.gradle\caches\modules-2\files-2.1\org.jetbrains.kotlin\kotlin-reflect\1.4.10\e2b3c6695eee6085e606d96d685396dce23a3a06\kotlin-reflect-1.4.10.jar;C:\Users\Chisster\.gradle\caches\modules-2\files-2.1\org.jetbrains.kotlin\kotlin-stdlib\1.4.10\ea29e063d2bbe695be13e9d044dcfb0c7add398e\kotlin-stdlib-1.4.10.jar;C:\Users\Chisster\.gradle\caches\modules-2\files-2.1\org.jetbrains.kotlin\kotlin-script-runtime\1.4.10\7c19d9c2001e016cd7664cebe9eea66fc04a7f4f\kotlin-script-runtime-1.4.10.jar;C:\Users\Chisster\.gradle\caches\modules-2\files-2.1\org.jetbrains.kotlin\kotlin-daemon-embeddable\1.4.10\dbd67f42bed28043d17d7c860b06110a00a45970\kotlin-daemon-embeddable-1.4.10.jar;C:\Users\Chisster\.gradle\caches\modules-2\files-2.1\org.jetbrains.intellij.deps\trove4j\1.0.20181211\216c2e14b070f334479d800987affe4054cd563f\trove4j-1.0.20181211.jar;C:\Users\Chisster\.gradle\caches\modules-2\files-2.1\org.jetbrains.kotlin\kotlin-stdlib-common\1.4.10\6229be3465805c99db1142ad75e6c6ddeac0b04c\kotlin-stdlib-common-1.4.10.jar;C:\Users\Chisster\.gradle\caches\modules-2\files-2.1\org.jetbrains\annotations\13.0\919f0dfe192fb4e063e7dacadee7f8bb9a2672a9\annotations-13.0.jar;Z:\Android Studio\jre\lib\tools.jar
Launcher Type: SUN_STANDARD

Environment Variables:
PATH=C:\Windows\system32;C:\Windows;C:\Windows\System32\Wbem;C:\Windows\System32\WindowsPowerShell\v1.0\;C:\Windows\System32\OpenSSH\;C:\Program Files\Git\cmd;C:\Users\Chisster\AppData\Local\Microsoft\WindowsApps;
USERNAME=Chisster
OS=Windows_NT
PROCESSOR_IDENTIFIER=Intel64 Family 6 Model 69 Stepping 1, GenuineIntel



---------------  S Y S T E M  ---------------

OS: Windows 10.0 , 64 bit Build 19041 (10.0.19041.662)

CPU:total 4 (initial active 4) (2 cores per cpu, 2 threads per core) family 6 model 69 stepping 1, cmov, cx8, fxsr, mmx, sse, sse2, sse3, ssse3, sse4.1, sse4.2, popcnt, avx, avx2, aes, clmul, erms, lzcnt, ht, tsc, tscinvbit, bmi1, bmi2

Memory: 4k page, physical 8278296k(823172k free), swap 11374872k(3944k free)

vm_info: OpenJDK 64-Bit Server VM (25.242-b01) for windows-amd64 JRE (1.8.0_242-release-1644-b01), built by "builder" with MS VC++ 10.0 (VS2010)

time: Mon Dec 28 14:34:16 2020
timezone: RTZ 2 (зима)
elapsed time: 10 seconds (0d 0h 0m 10s)

