#
# There is insufficient memory for the Java Runtime Environment to continue.
# Native memory allocation (malloc) failed to allocate 1048576 bytes for AllocateHeap
# Possible reasons:
#   The system is out of physical RAM or swap space
#   The process is running with CompressedOops enabled, and the Java Heap may be blocking the growth of the native heap
# Possible solutions:
#   Reduce memory load on the system
#   Increase physical memory or swap space
#   Check if swap backing store is full
#   Decrease Java heap size (-Xmx/-Xms)
#   Decrease number of Java threads
#   Decrease Java thread stack sizes (-Xss)
#   Set larger code cache with -XX:ReservedCodeCacheSize=
#   JVM is running with Unscaled Compressed Oops mode in which the Java heap is
#     placed in the first 4GB address space. The Java Heap base address is the
#     maximum limit for the native heap growth. Please use -XX:HeapBaseMinAddress
#     to set the Java Heap base and to place the Java Heap above 4GB virtual address.
# This output file may be truncated or incomplete.
#
#  Out of Memory Error (memory/allocation.inline.hpp:61), pid=9164, tid=0x0000000000001fe0
#
# JRE version:  (8.0_242-b01) (build )
# Java VM: OpenJDK 64-Bit Server VM (25.242-b01 mixed mode windows-amd64 compressed oops)
# Failed to write core dump. Minidumps are not enabled by default on client versions of Windows
#

---------------  T H R E A D  ---------------

Current thread (0x0000000002a22800):  JavaThread "Unknown thread" [_thread_in_vm, id=8160, stack(0x0000000002830000,0x0000000002930000)]

Stack: [0x0000000002830000,0x0000000002930000]
[error occurred during error reporting (printing stack bounds), id 0xc0000005]

Native frames: (J=compiled Java code, j=interpreted, Vv=VM code, C=native code)


---------------  P R O C E S S  ---------------

Java Threads: ( => current thread )

Other Threads:

=>0x0000000002a22800 (exited) JavaThread "Unknown thread" [_thread_in_vm, id=8160, stack(0x0000000002830000,0x0000000002930000)]

VM state:not at safepoint (normal execution)

VM Mutex/Monitor currently owned by a thread: None

heap address: 0x0000000081a00000, size: 2022 MB, Compressed Oops mode: 32-bit
Narrow klass base: 0x0000000000000000, Narrow klass shift: 3
Compressed class space size: 1073741824 Address: 0x0000000100000000

Heap:
 PSYoungGen      total 38400K, used 665K [0x00000000d5e00000, 0x00000000d8880000, 0x0000000100000000)
  eden space 33280K, 2% used [0x00000000d5e00000,0x00000000d5ea6670,0x00000000d7e80000)
  from space 5120K, 0% used [0x00000000d8380000,0x00000000d8380000,0x00000000d8880000)
  to   space 5120K, 0% used [0x00000000d7e80000,0x00000000d7e80000,0x00000000d8380000)
 ParOldGen       total 87552K, used 0K [0x0000000081a00000, 0x0000000086f80000, 0x00000000d5e00000)
  object space 87552K, 0% used [0x0000000081a00000,0x0000000081a00000,0x0000000086f80000)
 Metaspace       used 779K, capacity 4480K, committed 4480K, reserved 1056768K
  class space    used 74K, capacity 384K, committed 384K, reserved 1048576K

Card table byte_map: [0x0000000011fd0000,0x00000000123d0000] byte_map_base: 0x0000000011bc3000

Marking Bits: (ParMarkBitMap*) 0x0000000057aff030
 Begin Bits: [0x0000000012a80000, 0x0000000014a18000)
 End Bits:   [0x0000000014a18000, 0x00000000169b0000)

Polling page: 0x0000000000c10000

CodeCache: size=245760Kb used=328Kb max_used=328Kb free=245431Kb
 bounds [0x0000000002c10000, 0x0000000002e80000, 0x0000000011c10000]
 total_blobs=57 nmethods=0 adapters=38
 compilation: enabled

Compilation events (0 events):
No events

GC Heap History (0 events):
No events

Deoptimization events (0 events):
No events

Classes redefined (0 events):
No events

Internal exceptions (0 events):
No events

Events (10 events):
Event: 0.033 loading class java/lang/Short
Event: 0.033 loading class java/lang/Short done
Event: 0.033 loading class java/lang/Integer
Event: 0.033 loading class java/lang/Integer done
Event: 0.033 loading class java/lang/Long
Event: 0.033 loading class java/lang/Long done
Event: 0.034 loading class java/lang/NullPointerException
Event: 0.034 loading class java/lang/NullPointerException done
Event: 0.034 loading class java/lang/ArithmeticException
Event: 0.034 loading class java/lang/ArithmeticException done


Dynamic libraries:
0x00007ff61a0f0000 - 0x00007ff61a121000 	Z:\Android Studio\jre\jre\bin\java.exe
0x00007ffd4b8f0000 - 0x00007ffd4bae6000 	C:\Windows\SYSTEM32\ntdll.dll
0x00007ffd4b6c0000 - 0x00007ffd4b77d000 	C:\Windows\System32\KERNEL32.DLL
0x00007ffd49350000 - 0x00007ffd49619000 	C:\Windows\System32\KERNELBASE.dll
0x00007ffd49950000 - 0x00007ffd499fc000 	C:\Windows\System32\ADVAPI32.dll
0x00007ffd49a00000 - 0x00007ffd49a9e000 	C:\Windows\System32\msvcrt.dll
0x00007ffd4a2f0000 - 0x00007ffd4a38c000 	C:\Windows\System32\sechost.dll
0x00007ffd4b780000 - 0x00007ffd4b8ab000 	C:\Windows\System32\RPCRT4.dll
0x00007ffd4abd0000 - 0x00007ffd4ad70000 	C:\Windows\System32\USER32.dll
0x00007ffd49080000 - 0x00007ffd490a2000 	C:\Windows\System32\win32u.dll
0x00007ffd4a2c0000 - 0x00007ffd4a2ea000 	C:\Windows\System32\GDI32.dll
0x00007ffd49190000 - 0x00007ffd49299000 	C:\Windows\System32\gdi32full.dll
0x00007ffd49620000 - 0x00007ffd496bd000 	C:\Windows\System32\msvcp_win.dll
0x00007ffd496f0000 - 0x00007ffd497f0000 	C:\Windows\System32\ucrtbase.dll
0x00007ffd345f0000 - 0x00007ffd3488b000 	C:\Windows\WinSxS\amd64_microsoft.windows.common-controls_6595b64144ccf1df_6.0.19041.488_none_ca04af081b815d21\COMCTL32.dll
0x00007ffd4aa80000 - 0x00007ffd4aab0000 	C:\Windows\System32\IMM32.DLL
0x0000000057250000 - 0x0000000057322000 	Z:\Android Studio\jre\jre\bin\msvcr100.dll
0x0000000057330000 - 0x0000000057b7b000 	Z:\Android Studio\jre\jre\bin\server\jvm.dll
0x00007ffd4a620000 - 0x00007ffd4a628000 	C:\Windows\System32\PSAPI.DLL
0x00007ffd46910000 - 0x00007ffd46919000 	C:\Windows\SYSTEM32\WSOCK32.dll
0x00007ffd4a630000 - 0x00007ffd4a69b000 	C:\Windows\System32\WS2_32.dll
0x00007ffd34db0000 - 0x00007ffd34dd7000 	C:\Windows\SYSTEM32\WINMM.dll
0x00007ffd3f430000 - 0x00007ffd3f43a000 	C:\Windows\SYSTEM32\VERSION.dll
0x00007ffd43fe0000 - 0x00007ffd43fef000 	Z:\Android Studio\jre\jre\bin\verify.dll
0x00007ffd43c50000 - 0x00007ffd43c79000 	Z:\Android Studio\jre\jre\bin\java.dll
0x00007ffd43f70000 - 0x00007ffd43f86000 	Z:\Android Studio\jre\jre\bin\zip.dll

VM Arguments:
java_command: org.jetbrains.kotlin.cli.jvm.K2JVMCompiler @Z:\MyApplication\app\build\20201228_4718322859287057450.compiler.options
java_class_path (initial): C:\Users\Chisster\.gradle\caches\modules-2\files-2.1\org.jetbrains.kotlin\kotlin-compiler-embeddable\1.4.10\38c4b99d5d5362debdd9302a866730379aa2328a\kotlin-compiler-embeddable-1.4.10.jar;C:\Users\Chisster\.gradle\caches\modules-2\files-2.1\org.jetbrains.kotlin\kotlin-reflect\1.4.10\e2b3c6695eee6085e606d96d685396dce23a3a06\kotlin-reflect-1.4.10.jar;C:\Users\Chisster\.gradle\caches\modules-2\files-2.1\org.jetbrains.kotlin\kotlin-stdlib\1.4.10\ea29e063d2bbe695be13e9d044dcfb0c7add398e\kotlin-stdlib-1.4.10.jar;C:\Users\Chisster\.gradle\caches\modules-2\files-2.1\org.jetbrains.kotlin\kotlin-script-runtime\1.4.10\7c19d9c2001e016cd7664cebe9eea66fc04a7f4f\kotlin-script-runtime-1.4.10.jar;C:\Users\Chisster\.gradle\caches\modules-2\files-2.1\org.jetbrains.kotlin\kotlin-daemon-embeddable\1.4.10\dbd67f42bed28043d17d7c860b06110a00a45970\kotlin-daemon-embeddable-1.4.10.jar;C:\Users\Chisster\.gradle\caches\modules-2\files-2.1\org.jetbrains.intellij.deps\trove4j\1.0.20181211\216c2e14b070f334479d800987affe4054cd563f\trove4j-1.0.20181211.jar;C:\Users\Chisster\.gradle\caches\modules-2\files-2.1\org.jetbrains.kotlin\kotlin-stdlib-common\1.4.10\6229be3465805c99db1142ad75e6c6ddeac0b04c\kotlin-stdlib-common-1.4.10.jar;C:\Users\Chisster\.gradle\caches\modules-2\files-2.1\org.jetbrains\annotations\13.0\919f0dfe192fb4e063e7dacadee7f8bb9a2672a9\annotations-13.0.jar;Z:\Android Studio\jre\lib\tools.jar
Launcher Type: SUN_STANDARD

Environment Variables:
PATH=C:\Windows\system32;C:\Windows;C:\Windows\System32\Wbem;C:\Windows\System32\WindowsPowerShell\v1.0\;C:\Windows\System32\OpenSSH\;C:\Program Files\Git\cmd;C:\Users\Chisster\AppData\Local\Microsoft\WindowsApps;
USERNAME=Chisster
OS=Windows_NT
PROCESSOR_IDENTIFIER=Intel64 Family 6 Model 69 Stepping 1, GenuineIntel



---------------  S Y S T E M  ---------------

OS: Windows 10.0 , 64 bit Build 19041 (10.0.19041.662)

CPU:total 4 (initial active 4) (2 cores per cpu, 2 threads per core) family 6 model 69 stepping 1, cmov, cx8, fxsr, mmx, sse, sse2, sse3, ssse3, sse4.1, sse4.2, popcnt, avx, avx2, aes, clmul, erms, lzcnt, ht, tsc, tscinvbit, bmi1, bmi2

Memory: 4k page, physical 8278296k(519440k free), swap 11374872k(5536k free)

vm_info: OpenJDK 64-Bit Server VM (25.242-b01) for windows-amd64 JRE (1.8.0_242-release-1644-b01), built by "builder" with MS VC++ 10.0 (VS2010)

time: Mon Dec 28 14:29:05 2020
timezone: RTZ 2 (зима)
elapsed time: 0 seconds (0d 0h 0m 0s)

