#
# There is insufficient memory for the Java Runtime Environment to continue.
# Native memory allocation (malloc) failed to allocate 32744 bytes for ChunkPool::allocate
# Possible reasons:
#   The system is out of physical RAM or swap space
#   The process is running with CompressedOops enabled, and the Java Heap may be blocking the growth of the native heap
# Possible solutions:
#   Reduce memory load on the system
#   Increase physical memory or swap space
#   Check if swap backing store is full
#   Decrease Java heap size (-Xmx/-Xms)
#   Decrease number of Java threads
#   Decrease Java thread stack sizes (-Xss)
#   Set larger code cache with -XX:ReservedCodeCacheSize=
#   JVM is running with Unscaled Compressed Oops mode in which the Java heap is
#     placed in the first 4GB address space. The Java Heap base address is the
#     maximum limit for the native heap growth. Please use -XX:HeapBaseMinAddress
#     to set the Java Heap base and to place the Java Heap above 4GB virtual address.
# This output file may be truncated or incomplete.
#
#  Out of Memory Error (allocation.cpp:272), pid=11276, tid=0x0000000000003170
#
# JRE version: OpenJDK Runtime Environment (8.0_242-b01) (build 1.8.0_242-release-1644-b01)
# Java VM: OpenJDK 64-Bit Server VM (25.242-b01 mixed mode windows-amd64 compressed oops)
# Failed to write core dump. Minidumps are not enabled by default on client versions of Windows
#

---------------  T H R E A D  ---------------

Current thread (0x0000000017757000):  JavaThread "C2 CompilerThread0" daemon [_thread_in_native, id=12656, stack(0x0000000018dc0000,0x0000000018ec0000)]

Stack: [0x0000000018dc0000,0x0000000018ec0000]
[error occurred during error reporting (printing stack bounds), id 0xc0000005]

Native frames: (J=compiled Java code, j=interpreted, Vv=VM code, C=native code)


Current CompileTask:
C2:   3782 1672       4       java.net.URLClassLoader$1::run (5 bytes)


---------------  P R O C E S S  ---------------

Java Threads: ( => current thread )
  0x00000000190f9800 JavaThread "Service Thread" daemon [_thread_blocked, id=10024, stack(0x00000000194c0000,0x00000000195c0000)]
  0x0000000017767800 JavaThread "C1 CompilerThread2" daemon [_thread_blocked, id=12004, stack(0x0000000018fc0000,0x00000000190c0000)]
  0x000000001775b800 JavaThread "C2 CompilerThread1" daemon [_thread_in_native, id=11420, stack(0x0000000018ec0000,0x0000000018fc0000)]
=>0x0000000017757000 JavaThread "C2 CompilerThread0" daemon [_thread_in_native, id=12656, stack(0x0000000018dc0000,0x0000000018ec0000)]
  0x0000000017755800 JavaThread "Attach Listener" daemon [_thread_blocked, id=8848, stack(0x0000000018cc0000,0x0000000018dc0000)]
  0x0000000017754800 JavaThread "Signal Dispatcher" daemon [_thread_blocked, id=4380, stack(0x0000000018bc0000,0x0000000018cc0000)]
  0x0000000002c0c000 JavaThread "Finalizer" daemon [_thread_blocked, id=9676, stack(0x00000000189b0000,0x0000000018ab0000)]
  0x0000000017738000 JavaThread "Reference Handler" daemon [_thread_blocked, id=1932, stack(0x00000000188b0000,0x00000000189b0000)]
  0x0000000002b12800 JavaThread "main" [_thread_in_native, id=12304, stack(0x0000000002a10000,0x0000000002b10000)]

Other Threads:
  0x0000000017717000 VMThread [stack: 0x00000000187b0000,0x00000000188b0000] [id=6552]
  0x00000000190fa800 WatcherThread [stack: 0x00000000195c0000,0x00000000196c0000] [id=12836]

VM state:not at safepoint (normal execution)

VM Mutex/Monitor currently owned by a thread: None

heap address: 0x0000000081a00000, size: 2022 MB, Compressed Oops mode: 32-bit
Narrow klass base: 0x0000000000000000, Narrow klass shift: 3
Compressed class space size: 1073741824 Address: 0x0000000100000000

Heap:
 PSYoungGen      total 38400K, used 25409K [0x00000000d5e00000, 0x00000000d8880000, 0x0000000100000000)
  eden space 33280K, 76% used [0x00000000d5e00000,0x00000000d76d06e0,0x00000000d7e80000)
  from space 5120K, 0% used [0x00000000d7e80000,0x00000000d7e80000,0x00000000d8380000)
  to   space 5120K, 0% used [0x00000000d8380000,0x00000000d8380000,0x00000000d8880000)
 ParOldGen       total 58368K, used 6009K [0x0000000081a00000, 0x0000000085300000, 0x00000000d5e00000)
  object space 58368K, 10% used [0x0000000081a00000,0x0000000081fde478,0x0000000085300000)
 Metaspace       used 22790K, capacity 23314K, committed 23552K, reserved 1073152K
  class space    used 2675K, capacity 2802K, committed 2816K, reserved 1048576K

Card table byte_map: [0x0000000011fd0000,0x00000000123d0000] byte_map_base: 0x0000000011bc3000

Marking Bits: (ParMarkBitMap*) 0x0000000057aff030
 Begin Bits: [0x0000000012a80000, 0x0000000014a18000)
 End Bits:   [0x0000000014a18000, 0x00000000169b0000)

Polling page: 0x0000000001150000

CodeCache: size=245760Kb used=5592Kb max_used=5598Kb free=240167Kb
 bounds [0x0000000002c10000, 0x0000000003190000, 0x0000000011c10000]
 total_blobs=2300 nmethods=1873 adapters=340
 compilation: enabled

Compilation events (10 events):
Event: 3.761 Thread 0x000000001775b800 1846       4       org.jetbrains.kotlin.com.intellij.openapi.vfs.impl.ZipEntryMap::get (6 bytes)
Event: 3.761 Thread 0x0000000017767800 nmethod 1873 0x00000000031832d0 code [0x0000000003183440, 0x00000000031836b0]
Event: 3.761 Thread 0x000000001775b800 nmethod 1846 0x000000000318a2d0 code [0x000000000318a420, 0x000000000318a4a8]
Event: 3.761 Thread 0x000000001775b800 1871       4       java.lang.Math::max (11 bytes)
Event: 3.762 Thread 0x000000001775b800 nmethod 1871 0x000000000318a0d0 code [0x000000000318a200, 0x000000000318a258]
Event: 3.763 Thread 0x0000000017767800 1874       3       sun.nio.cs.SingleByte$Encoder::encode (114 bytes)
Event: 3.764 Thread 0x000000001775b800 1875       4       org.jetbrains.kotlin.com.intellij.openapi.vfs.impl.ZipEntryMap::put (80 bytes)
Event: 3.764 Thread 0x0000000017767800 nmethod 1874 0x0000000003185350 code [0x0000000003185520, 0x0000000003185d90]
Event: 3.767 Thread 0x0000000017767800 1877       3       org.jetbrains.kotlin.com.intellij.util.SmartList$$Lambda$26/1375394559::create (5 bytes)
Event: 3.767 Thread 0x0000000017767800 nmethod 1877 0x0000000003189c10 code [0x0000000003189d80, 0x0000000003189fb0]

GC Heap History (8 events):
Event: 1.681 GC heap before
{Heap before GC invocations=1 (full 0):
 PSYoungGen      total 38400K, used 33280K [0x00000000d5e00000, 0x00000000d8880000, 0x0000000100000000)
  eden space 33280K, 100% used [0x00000000d5e00000,0x00000000d7e80000,0x00000000d7e80000)
  from space 5120K, 0% used [0x00000000d8380000,0x00000000d8380000,0x00000000d8880000)
  to   space 5120K, 0% used [0x00000000d7e80000,0x00000000d7e80000,0x00000000d8380000)
 ParOldGen       total 87552K, used 0K [0x0000000081a00000, 0x0000000086f80000, 0x00000000d5e00000)
  object space 87552K, 0% used [0x0000000081a00000,0x0000000081a00000,0x0000000086f80000)
 Metaspace       used 10298K, capacity 10460K, committed 10624K, reserved 1058816K
  class space    used 1089K, capacity 1148K, committed 1152K, reserved 1048576K
Event: 1.691 GC heap after
Heap after GC invocations=1 (full 0):
 PSYoungGen      total 38400K, used 5103K [0x00000000d5e00000, 0x00000000d8880000, 0x0000000100000000)
  eden space 33280K, 0% used [0x00000000d5e00000,0x00000000d5e00000,0x00000000d7e80000)
  from space 5120K, 99% used [0x00000000d7e80000,0x00000000d837bc50,0x00000000d8380000)
  to   space 5120K, 0% used [0x00000000d8380000,0x00000000d8380000,0x00000000d8880000)
 ParOldGen       total 87552K, used 2448K [0x0000000081a00000, 0x0000000086f80000, 0x00000000d5e00000)
  object space 87552K, 2% used [0x0000000081a00000,0x0000000081c641f8,0x0000000086f80000)
 Metaspace       used 10298K, capacity 10460K, committed 10624K, reserved 1058816K
  class space    used 1089K, capacity 1148K, committed 1152K, reserved 1048576K
}
Event: 2.602 GC heap before
{Heap before GC invocations=2 (full 0):
 PSYoungGen      total 38400K, used 38383K [0x00000000d5e00000, 0x00000000d8880000, 0x0000000100000000)
  eden space 33280K, 100% used [0x00000000d5e00000,0x00000000d7e80000,0x00000000d7e80000)
  from space 5120K, 99% used [0x00000000d7e80000,0x00000000d837bc50,0x00000000d8380000)
  to   space 5120K, 0% used [0x00000000d8380000,0x00000000d8380000,0x00000000d8880000)
 ParOldGen       total 87552K, used 2448K [0x0000000081a00000, 0x0000000086f80000, 0x00000000d5e00000)
  object space 87552K, 2% used [0x0000000081a00000,0x0000000081c641f8,0x0000000086f80000)
 Metaspace       used 15832K, capacity 16198K, committed 16512K, reserved 1069056K
  class space    used 1809K, capacity 1917K, committed 1920K, reserved 1048576K
Event: 2.617 GC heap after
Heap after GC invocations=2 (full 0):
 PSYoungGen      total 38400K, used 5110K [0x00000000d5e00000, 0x00000000d8880000, 0x0000000100000000)
  eden space 33280K, 0% used [0x00000000d5e00000,0x00000000d5e00000,0x00000000d7e80000)
  from space 5120K, 99% used [0x00000000d8380000,0x00000000d887d898,0x00000000d8880000)
  to   space 5120K, 0% used [0x00000000d7e80000,0x00000000d7e80000,0x00000000d8380000)
 ParOldGen       total 87552K, used 7292K [0x0000000081a00000, 0x0000000086f80000, 0x00000000d5e00000)
  object space 87552K, 8% used [0x0000000081a00000,0x000000008211f110,0x0000000086f80000)
 Metaspace       used 15832K, capacity 16198K, committed 16512K, reserved 1069056K
  class space    used 1809K, capacity 1917K, committed 1920K, reserved 1048576K
}
Event: 2.732 GC heap before
{Heap before GC invocations=3 (full 0):
 PSYoungGen      total 38400K, used 11320K [0x00000000d5e00000, 0x00000000d8880000, 0x0000000100000000)
  eden space 33280K, 18% used [0x00000000d5e00000,0x00000000d6410af8,0x00000000d7e80000)
  from space 5120K, 99% used [0x00000000d8380000,0x00000000d887d898,0x00000000d8880000)
  to   space 5120K, 0% used [0x00000000d7e80000,0x00000000d7e80000,0x00000000d8380000)
 ParOldGen       total 87552K, used 7292K [0x0000000081a00000, 0x0000000086f80000, 0x00000000d5e00000)
  object space 87552K, 8% used [0x0000000081a00000,0x000000008211f110,0x0000000086f80000)
 Metaspace       used 16949K, capacity 17318K, committed 17536K, reserved 1073152K
  class space    used 1969K, capacity 2095K, committed 2176K, reserved 1048576K
Event: 2.742 GC heap after
Heap after GC invocations=3 (full 0):
 PSYoungGen      total 38400K, used 5088K [0x00000000d5e00000, 0x00000000d8880000, 0x0000000100000000)
  eden space 33280K, 0% used [0x00000000d5e00000,0x00000000d5e00000,0x00000000d7e80000)
  from space 5120K, 99% used [0x00000000d7e80000,0x00000000d8378020,0x00000000d8380000)
  to   space 5120K, 0% used [0x00000000d8380000,0x00000000d8380000,0x00000000d8880000)
 ParOldGen       total 87552K, used 8278K [0x0000000081a00000, 0x0000000086f80000, 0x00000000d5e00000)
  object space 87552K, 9% used [0x0000000081a00000,0x0000000082215a78,0x0000000086f80000)
 Metaspace       used 16949K, capacity 17318K, committed 17536K, reserved 1073152K
  class space    used 1969K, capacity 2095K, committed 2176K, reserved 1048576K
}
Event: 2.742 GC heap before
{Heap before GC invocations=4 (full 1):
 PSYoungGen      total 38400K, used 5088K [0x00000000d5e00000, 0x00000000d8880000, 0x0000000100000000)
  eden space 33280K, 0% used [0x00000000d5e00000,0x00000000d5e00000,0x00000000d7e80000)
  from space 5120K, 99% used [0x00000000d7e80000,0x00000000d8378020,0x00000000d8380000)
  to   space 5120K, 0% used [0x00000000d8380000,0x00000000d8380000,0x00000000d8880000)
 ParOldGen       total 87552K, used 8278K [0x0000000081a00000, 0x0000000086f80000, 0x00000000d5e00000)
  object space 87552K, 9% used [0x0000000081a00000,0x0000000082215a78,0x0000000086f80000)
 Metaspace       used 16949K, capacity 17318K, committed 17536K, reserved 1073152K
  class space    used 1969K, capacity 2095K, committed 2176K, reserved 1048576K
Event: 2.798 GC heap after
Heap after GC invocations=4 (full 1):
 PSYoungGen      total 38400K, used 0K [0x00000000d5e00000, 0x00000000d8880000, 0x0000000100000000)
  eden space 33280K, 0% used [0x00000000d5e00000,0x00000000d5e00000,0x00000000d7e80000)
  from space 5120K, 0% used [0x00000000d7e80000,0x00000000d7e80000,0x00000000d8380000)
  to   space 5120K, 0% used [0x00000000d8380000,0x00000000d8380000,0x00000000d8880000)
 ParOldGen       total 58368K, used 6009K [0x0000000081a00000, 0x0000000085300000, 0x00000000d5e00000)
  object space 58368K, 10% used [0x0000000081a00000,0x0000000081fde478,0x0000000085300000)
 Metaspace       used 16949K, capacity 17318K, committed 17536K, reserved 1069056K
  class space    used 1969K, capacity 2095K, committed 2176K, reserved 1048576K
}

Deoptimization events (10 events):
Event: 3.135 Thread 0x0000000002b12800 Uncommon trap: reason=class_check action=maybe_recompile pc=0x0000000002fac640 method=java.util.Collections$UnmodifiableCollection.size()I @ 4
Event: 3.135 Thread 0x0000000002b12800 Uncommon trap: reason=class_check action=maybe_recompile pc=0x0000000002fc226c method=java.util.Collections$UnmodifiableList.get(I)Ljava/lang/Object; @ 5
Event: 3.135 Thread 0x0000000002b12800 Uncommon trap: reason=class_check action=maybe_recompile pc=0x0000000002fc226c method=java.util.Collections$UnmodifiableList.get(I)Ljava/lang/Object; @ 5
Event: 3.136 Thread 0x0000000002b12800 Uncommon trap: reason=unstable_if action=reinterpret pc=0x0000000002e4deb0 method=java.lang.String.startsWith(Ljava/lang/String;I)Z @ 25
Event: 3.136 Thread 0x0000000002b12800 Uncommon trap: reason=unstable_if action=reinterpret pc=0x0000000002dcf288 method=java.lang.String.startsWith(Ljava/lang/String;I)Z @ 25
Event: 3.272 Thread 0x0000000002b12800 Uncommon trap: reason=unstable_if action=reinterpret pc=0x000000000307ec74 method=sun.misc.MetaIndex.mayContain(Ljava/lang/String;)Z @ 38
Event: 3.273 Thread 0x0000000002b12800 Uncommon trap: reason=unstable_if action=reinterpret pc=0x0000000002e43a20 method=sun.misc.MetaIndex.mayContain(Ljava/lang/String;)Z @ 38
Event: 3.284 Thread 0x0000000002b12800 Uncommon trap: reason=class_check action=maybe_recompile pc=0x0000000003090f44 method=java.util.regex.Pattern$CharProperty.match(Ljava/util/regex/Matcher;ILjava/lang/CharSequence;)Z @ 18
Event: 3.285 Thread 0x0000000002b12800 Uncommon trap: reason=class_check action=maybe_recompile pc=0x0000000003090f44 method=java.util.regex.Pattern$CharProperty.match(Ljava/util/regex/Matcher;ILjava/lang/CharSequence;)Z @ 18
Event: 3.685 Thread 0x0000000002b12800 Uncommon trap: reason=unstable_if action=reinterpret pc=0x000000000316aa5c method=org.jetbrains.kotlin.com.intellij.openapi.vfs.impl.ZipEntryMap.isTheOne(Lorg/jetbrains/kotlin/com/intellij/openapi/vfs/impl/ArchiveHandler$EntryInfo;Ljava/lang/CharSequence;

Classes redefined (0 events):
No events

Internal exceptions (10 events):
Event: 1.243 Thread 0x0000000002b12800 Exception <a 'java/security/PrivilegedActionException'> (0x00000000d6dfe290) thrown at [C:\src\AOSP-openjdk-git\hotspot\src\share\vm\prims\jvm.cpp, line 1502]
Event: 1.244 Thread 0x0000000002b12800 Exception <a 'java/security/PrivilegedActionException'> (0x00000000d6dff8e0) thrown at [C:\src\AOSP-openjdk-git\hotspot\src\share\vm\prims\jvm.cpp, line 1502]
Event: 1.244 Thread 0x0000000002b12800 Exception <a 'java/security/PrivilegedActionException'> (0x00000000d6dffcd8) thrown at [C:\src\AOSP-openjdk-git\hotspot\src\share\vm\prims\jvm.cpp, line 1502]
Event: 1.608 Thread 0x0000000002b12800 Exception <a 'java/lang/ArrayIndexOutOfBoundsException'> (0x00000000d7b6bf58) thrown at [C:\src\AOSP-openjdk-git\hotspot\src\share\vm\runtime\sharedRuntime.cpp, line 605]
Event: 1.919 Thread 0x0000000002b12800 Exception <a 'java/lang/ArrayIndexOutOfBoundsException'> (0x00000000d64b4e20) thrown at [C:\src\AOSP-openjdk-git\hotspot\src\share\vm\runtime\sharedRuntime.cpp, line 605]
Event: 2.704 Thread 0x0000000002b12800 Exception <a 'java/lang/NoSuchMethodError': java.lang.Object.lambda$comparing$77a9974f$1(Ljava/util/function/Function;Ljava/lang/Object;Ljava/lang/Object;)I> (0x00000000d62710e0) thrown at [C:\src\AOSP-openjdk-git\hotspot\src\share\vm\interpreter\linkReso
Event: 2.731 Thread 0x0000000002b12800 Exception <a 'java/lang/NoSuchMethodError': java.lang.Object.lambda$static$0()J> (0x00000000d63756e8) thrown at [C:\src\AOSP-openjdk-git\hotspot\src\share\vm\interpreter\linkResolver.cpp, line 620]
Event: 3.068 Thread 0x0000000002b12800 Exception <a 'java/lang/NoSuchMethodError': java.lang.Object.lambda$static$0(I)[Lorg/jetbrains/kotlin/com/intellij/openapi/editor/event/DocumentListener;> (0x00000000d6581a80) thrown at [C:\src\AOSP-openjdk-git\hotspot\src\share\vm\interpreter\linkResolve
Event: 3.116 Thread 0x0000000002b12800 Exception <a 'java/lang/NoSuchMethodError': java.lang.Object.lambda$static$0(I)[Lorg/jetbrains/kotlin/com/intellij/psi/PsiAnnotation;> (0x00000000d67a00b8) thrown at [C:\src\AOSP-openjdk-git\hotspot\src\share\vm\interpreter\linkResolver.cpp, line 620]
Event: 3.253 Thread 0x0000000002b12800 Exception <a 'java/lang/NoSuchMethodError': java.lang.Object.lambda$static$0(I)[Lorg/jetbrains/kotlin/com/intellij/psi/PsiElement;> (0x00000000d6d90ec0) thrown at [C:\src\AOSP-openjdk-git\hotspot\src\share\vm\interpreter\linkResolver.cpp, line 620]

Events (10 events):
Event: 3.509 loading class gnu/trove/THashMap$EntryView$EntryIterator done
Event: 3.510 loading class gnu/trove/THashMap$Entry
Event: 3.510 loading class gnu/trove/THashMap$Entry done
Event: 3.511 loading class java/util/AbstractMap$SimpleEntry
Event: 3.512 loading class java/util/AbstractMap$SimpleEntry done
Event: 3.516 loading class java/util/zip/ZipUtils
Event: 3.516 loading class java/util/zip/ZipUtils done
Event: 3.685 Thread 0x0000000002b12800 Uncommon trap: trap_request=0xffffff65 fr.pc=0x000000000316aa5c
Event: 3.685 Thread 0x0000000002b12800 DEOPT PACKING pc=0x000000000316aa5c sp=0x0000000002b0e200
Event: 3.685 Thread 0x0000000002b12800 DEOPT UNPACKING pc=0x0000000002c5557b sp=0x0000000002b0e1b8 mode 2


Dynamic libraries:
0x00007ff61a0f0000 - 0x00007ff61a121000 	Z:\Android Studio\jre\jre\bin\java.exe
0x00007ffd4b8f0000 - 0x00007ffd4bae6000 	C:\Windows\SYSTEM32\ntdll.dll
0x00007ffd4b6c0000 - 0x00007ffd4b77d000 	C:\Windows\System32\KERNEL32.DLL
0x00007ffd49350000 - 0x00007ffd49619000 	C:\Windows\System32\KERNELBASE.dll
0x00007ffd49950000 - 0x00007ffd499fc000 	C:\Windows\System32\ADVAPI32.dll
0x00007ffd49a00000 - 0x00007ffd49a9e000 	C:\Windows\System32\msvcrt.dll
0x00007ffd4a2f0000 - 0x00007ffd4a38c000 	C:\Windows\System32\sechost.dll
0x00007ffd4b780000 - 0x00007ffd4b8ab000 	C:\Windows\System32\RPCRT4.dll
0x00007ffd4abd0000 - 0x00007ffd4ad70000 	C:\Windows\System32\USER32.dll
0x00007ffd49080000 - 0x00007ffd490a2000 	C:\Windows\System32\win32u.dll
0x00007ffd4a2c0000 - 0x00007ffd4a2ea000 	C:\Windows\System32\GDI32.dll
0x00007ffd49190000 - 0x00007ffd49299000 	C:\Windows\System32\gdi32full.dll
0x00007ffd49620000 - 0x00007ffd496bd000 	C:\Windows\System32\msvcp_win.dll
0x00007ffd496f0000 - 0x00007ffd497f0000 	C:\Windows\System32\ucrtbase.dll
0x00007ffd345f0000 - 0x00007ffd3488b000 	C:\Windows\WinSxS\amd64_microsoft.windows.common-controls_6595b64144ccf1df_6.0.19041.488_none_ca04af081b815d21\COMCTL32.dll
0x00007ffd4aa80000 - 0x00007ffd4aab0000 	C:\Windows\System32\IMM32.DLL
0x0000000057250000 - 0x0000000057322000 	Z:\Android Studio\jre\jre\bin\msvcr100.dll
0x0000000057330000 - 0x0000000057b7b000 	Z:\Android Studio\jre\jre\bin\server\jvm.dll
0x00007ffd4a620000 - 0x00007ffd4a628000 	C:\Windows\System32\PSAPI.DLL
0x00007ffd3f430000 - 0x00007ffd3f43a000 	C:\Windows\SYSTEM32\VERSION.dll
0x00007ffd34db0000 - 0x00007ffd34dd7000 	C:\Windows\SYSTEM32\WINMM.dll
0x00007ffd46910000 - 0x00007ffd46919000 	C:\Windows\SYSTEM32\WSOCK32.dll
0x00007ffd4a630000 - 0x00007ffd4a69b000 	C:\Windows\System32\WS2_32.dll
0x00007ffd43fe0000 - 0x00007ffd43fef000 	Z:\Android Studio\jre\jre\bin\verify.dll
0x00007ffd43c50000 - 0x00007ffd43c79000 	Z:\Android Studio\jre\jre\bin\java.dll
0x00007ffd43f70000 - 0x00007ffd43f86000 	Z:\Android Studio\jre\jre\bin\zip.dll
0x00007ffd4af50000 - 0x00007ffd4b692000 	C:\Windows\System32\SHELL32.dll
0x00007ffd47180000 - 0x00007ffd47915000 	C:\Windows\SYSTEM32\windows.storage.dll
0x00007ffd4a6a0000 - 0x00007ffd4a9f6000 	C:\Windows\System32\combase.dll
0x00007ffd489d0000 - 0x00007ffd489fc000 	C:\Windows\SYSTEM32\Wldp.dll
0x00007ffd4a210000 - 0x00007ffd4a2be000 	C:\Windows\System32\SHCORE.dll
0x00007ffd49b00000 - 0x00007ffd49b55000 	C:\Windows\System32\shlwapi.dll
0x00007ffd48f60000 - 0x00007ffd48f86000 	C:\Windows\SYSTEM32\profapi.dll
0x00007ffd43c00000 - 0x00007ffd43c1a000 	Z:\Android Studio\jre\jre\bin\net.dll
0x00007ffd48750000 - 0x00007ffd487ba000 	C:\Windows\system32\mswsock.dll
0x00007ffd43b60000 - 0x00007ffd43b73000 	Z:\Android Studio\jre\jre\bin\nio.dll

VM Arguments:
java_command: org.jetbrains.kotlin.cli.jvm.K2JVMCompiler @Z:\MyApplication\app\build\20201228_1147268333302598827.compiler.options
java_class_path (initial): C:\Users\Chisster\.gradle\caches\modules-2\files-2.1\org.jetbrains.kotlin\kotlin-compiler-embeddable\1.4.10\38c4b99d5d5362debdd9302a866730379aa2328a\kotlin-compiler-embeddable-1.4.10.jar;C:\Users\Chisster\.gradle\caches\modules-2\files-2.1\org.jetbrains.kotlin\kotlin-reflect\1.4.10\e2b3c6695eee6085e606d96d685396dce23a3a06\kotlin-reflect-1.4.10.jar;C:\Users\Chisster\.gradle\caches\modules-2\files-2.1\org.jetbrains.kotlin\kotlin-stdlib\1.4.10\ea29e063d2bbe695be13e9d044dcfb0c7add398e\kotlin-stdlib-1.4.10.jar;C:\Users\Chisster\.gradle\caches\modules-2\files-2.1\org.jetbrains.kotlin\kotlin-script-runtime\1.4.10\7c19d9c2001e016cd7664cebe9eea66fc04a7f4f\kotlin-script-runtime-1.4.10.jar;C:\Users\Chisster\.gradle\caches\modules-2\files-2.1\org.jetbrains.kotlin\kotlin-daemon-embeddable\1.4.10\dbd67f42bed28043d17d7c860b06110a00a45970\kotlin-daemon-embeddable-1.4.10.jar;C:\Users\Chisster\.gradle\caches\modules-2\files-2.1\org.jetbrains.intellij.deps\trove4j\1.0.20181211\216c2e14b070f334479d800987affe4054cd563f\trove4j-1.0.20181211.jar;C:\Users\Chisster\.gradle\caches\modules-2\files-2.1\org.jetbrains.kotlin\kotlin-stdlib-common\1.4.10\6229be3465805c99db1142ad75e6c6ddeac0b04c\kotlin-stdlib-common-1.4.10.jar;C:\Users\Chisster\.gradle\caches\modules-2\files-2.1\org.jetbrains\annotations\13.0\919f0dfe192fb4e063e7dacadee7f8bb9a2672a9\annotations-13.0.jar;Z:\Android Studio\jre\lib\tools.jar
Launcher Type: SUN_STANDARD

Environment Variables:
PATH=C:\Windows\system32;C:\Windows;C:\Windows\System32\Wbem;C:\Windows\System32\WindowsPowerShell\v1.0\;C:\Windows\System32\OpenSSH\;C:\Program Files\Git\cmd;C:\Users\Chisster\AppData\Local\Microsoft\WindowsApps;
USERNAME=Chisster
OS=Windows_NT
PROCESSOR_IDENTIFIER=Intel64 Family 6 Model 69 Stepping 1, GenuineIntel



---------------  S Y S T E M  ---------------

OS: Windows 10.0 , 64 bit Build 19041 (10.0.19041.662)

CPU:total 4 (initial active 4) (2 cores per cpu, 2 threads per core) family 6 model 69 stepping 1, cmov, cx8, fxsr, mmx, sse, sse2, sse3, ssse3, sse4.1, sse4.2, popcnt, avx, avx2, aes, clmul, erms, lzcnt, ht, tsc, tscinvbit, bmi1, bmi2

Memory: 4k page, physical 8278296k(744192k free), swap 11374872k(2896k free)

vm_info: OpenJDK 64-Bit Server VM (25.242-b01) for windows-amd64 JRE (1.8.0_242-release-1644-b01), built by "builder" with MS VC++ 10.0 (VS2010)

time: Mon Dec 28 14:39:20 2020
timezone: RTZ 2 (зима)
elapsed time: 3 seconds (0d 0h 0m 3s)

