#
# There is insufficient memory for the Java Runtime Environment to continue.
# Native memory allocation (malloc) failed to allocate 32744 bytes for ChunkPool::allocate
# Possible reasons:
#   The system is out of physical RAM or swap space
#   The process is running with CompressedOops enabled, and the Java Heap may be blocking the growth of the native heap
# Possible solutions:
#   Reduce memory load on the system
#   Increase physical memory or swap space
#   Check if swap backing store is full
#   Decrease Java heap size (-Xmx/-Xms)
#   Decrease number of Java threads
#   Decrease Java thread stack sizes (-Xss)
#   Set larger code cache with -XX:ReservedCodeCacheSize=
#   JVM is running with Unscaled Compressed Oops mode in which the Java heap is
#     placed in the first 4GB address space. The Java Heap base address is the
#     maximum limit for the native heap growth. Please use -XX:HeapBaseMinAddress
#     to set the Java Heap base and to place the Java Heap above 4GB virtual address.
# This output file may be truncated or incomplete.
#
#  Out of Memory Error (allocation.cpp:272), pid=8832, tid=0x0000000000002a14
#
# JRE version: OpenJDK Runtime Environment (8.0_242-b01) (build 1.8.0_242-release-1644-b01)
# Java VM: OpenJDK 64-Bit Server VM (25.242-b01 mixed mode windows-amd64 compressed oops)
# Failed to write core dump. Minidumps are not enabled by default on client versions of Windows
#

---------------  T H R E A D  ---------------

Current thread (0x0000000017097000):  JavaThread "C2 CompilerThread0" daemon [_thread_in_native, id=10772, stack(0x0000000018700000,0x0000000018800000)]

Stack: [0x0000000018700000,0x0000000018800000]
[error occurred during error reporting (printing stack bounds), id 0xc0000005]

Native frames: (J=compiled Java code, j=interpreted, Vv=VM code, C=native code)


Current CompileTask:
C2:   6991 3749       4       org.jetbrains.org.objectweb.asm.ClassReader::readMethod (1047 bytes)


---------------  P R O C E S S  ---------------

Java Threads: ( => current thread )
  0x00000000170ee000 JavaThread "Service Thread" daemon [_thread_blocked, id=8812, stack(0x0000000018e00000,0x0000000018f00000)]
  0x00000000170ab000 JavaThread "C1 CompilerThread2" daemon [_thread_in_native, id=2332, stack(0x0000000018900000,0x0000000018a00000)]
  0x000000001709c800 JavaThread "C2 CompilerThread1" daemon [_thread_in_native, id=800, stack(0x0000000018800000,0x0000000018900000)]
=>0x0000000017097000 JavaThread "C2 CompilerThread0" daemon [_thread_in_native, id=10772, stack(0x0000000018700000,0x0000000018800000)]
  0x0000000017095800 JavaThread "Attach Listener" daemon [_thread_blocked, id=10324, stack(0x0000000018600000,0x0000000018700000)]
  0x0000000017094000 JavaThread "Signal Dispatcher" daemon [_thread_blocked, id=3840, stack(0x0000000018500000,0x0000000018600000)]
  0x0000000017079000 JavaThread "Finalizer" daemon [_thread_blocked, id=1112, stack(0x00000000182f0000,0x00000000183f0000)]
  0x0000000002540800 JavaThread "Reference Handler" daemon [_thread_blocked, id=13136, stack(0x00000000181f0000,0x00000000182f0000)]
  0x0000000002452800 JavaThread "main" [_thread_in_vm, id=4940, stack(0x0000000002350000,0x0000000002450000)]

Other Threads:
  0x0000000017057000 VMThread [stack: 0x00000000180f0000,0x00000000181f0000] [id=5568]
  0x0000000018a41000 WatcherThread [stack: 0x0000000018f00000,0x0000000019000000] [id=12320]

VM state:not at safepoint (normal execution)

VM Mutex/Monitor currently owned by a thread: None

heap address: 0x0000000081a00000, size: 2022 MB, Compressed Oops mode: 32-bit
Narrow klass base: 0x0000000000000000, Narrow klass shift: 3
Compressed class space size: 1073741824 Address: 0x0000000100000000

Heap:
 PSYoungGen      total 71680K, used 37144K [0x00000000d5e00000, 0x00000000dc280000, 0x0000000100000000)
  eden space 66560K, 48% used [0x00000000d5e00000,0x00000000d7d4bca0,0x00000000d9f00000)
  from space 5120K, 99% used [0x00000000d9f00000,0x00000000da3fa730,0x00000000da400000)
  to   space 16896K, 0% used [0x00000000db200000,0x00000000db200000,0x00000000dc280000)
 ParOldGen       total 67584K, used 38619K [0x0000000081a00000, 0x0000000085c00000, 0x00000000d5e00000)
  object space 67584K, 57% used [0x0000000081a00000,0x0000000083fb6c28,0x0000000085c00000)
 Metaspace       used 44669K, capacity 45344K, committed 45784K, reserved 1089536K
  class space    used 5626K, capacity 5822K, committed 5888K, reserved 1048576K

Card table byte_map: [0x0000000011910000,0x0000000011d10000] byte_map_base: 0x0000000011503000

Marking Bits: (ParMarkBitMap*) 0x0000000057aff030
 Begin Bits: [0x00000000123c0000, 0x0000000014358000)
 End Bits:   [0x0000000014358000, 0x00000000162f0000)

Polling page: 0x0000000000490000

CodeCache: size=245760Kb used=12811Kb max_used=12811Kb free=232948Kb
 bounds [0x0000000002550000, 0x00000000031e0000, 0x0000000011550000]
 total_blobs=4374 nmethods=3905 adapters=382
 compilation: enabled

Compilation events (10 events):
Event: 6.970 Thread 0x00000000170ab000 3942   !   2       java.lang.Class::desiredAssertionStatus (54 bytes)
Event: 6.972 Thread 0x00000000170ab000 nmethod 3942 0x00000000031d88d0 code [0x00000000031d8aa0, 0x00000000031d9098]
Event: 6.973 Thread 0x00000000170ab000 3945       2       java.util.Arrays::asList (9 bytes)
Event: 6.973 Thread 0x00000000170ab000 nmethod 3945 0x00000000031d94d0 code [0x00000000031d9640, 0x00000000031d9888]
Event: 6.973 Thread 0x00000000170ab000 3946       2       java.util.Arrays$ArrayList::<init> (16 bytes)
Event: 6.974 Thread 0x00000000170ab000 nmethod 3946 0x00000000031d99d0 code [0x00000000031d9b40, 0x00000000031d9d68]
Event: 6.974 Thread 0x00000000170ab000 3947   !   2       java.lang.Class::getSimpleBinaryName (38 bytes)
Event: 6.974 Thread 0x00000000170ab000 nmethod 3947 0x00000000031d9e90 code [0x00000000031da040, 0x00000000031da388]
Event: 6.974 Thread 0x00000000170ab000 3948       2       sun.invoke.util.VerifyAccess::isMemberAccessible (261 bytes)
Event: 6.976 Thread 0x00000000170ab000 nmethod 3948 0x00000000031da690 code [0x00000000031da8c0, 0x00000000031db0b8]

GC Heap History (10 events):
Event: 3.156 GC heap before
{Heap before GC invocations=5 (full 1):
 PSYoungGen      total 38400K, used 33280K [0x00000000d5e00000, 0x00000000da900000, 0x0000000100000000)
  eden space 33280K, 100% used [0x00000000d5e00000,0x00000000d7e80000,0x00000000d7e80000)
  from space 5120K, 0% used [0x00000000d7e80000,0x00000000d7e80000,0x00000000d8380000)
  to   space 5120K, 0% used [0x00000000da400000,0x00000000da400000,0x00000000da900000)
 ParOldGen       total 67584K, used 9392K [0x0000000081a00000, 0x0000000085c00000, 0x00000000d5e00000)
  object space 67584K, 13% used [0x0000000081a00000,0x000000008232c2f0,0x0000000085c00000)
 Metaspace       used 23892K, capacity 24404K, committed 24704K, reserved 1071104K
  class space    used 2822K, capacity 2931K, committed 2944K, reserved 1048576K
Event: 3.170 GC heap after
Heap after GC invocations=5 (full 1):
 PSYoungGen      total 53248K, used 5113K [0x00000000d5e00000, 0x00000000da900000, 0x0000000100000000)
  eden space 48128K, 0% used [0x00000000d5e00000,0x00000000d5e00000,0x00000000d8d00000)
  from space 5120K, 99% used [0x00000000da400000,0x00000000da8fe578,0x00000000da900000)
  to   space 5120K, 0% used [0x00000000d9f00000,0x00000000d9f00000,0x00000000da400000)
 ParOldGen       total 67584K, used 11297K [0x0000000081a00000, 0x0000000085c00000, 0x00000000d5e00000)
  object space 67584K, 16% used [0x0000000081a00000,0x00000000825085c8,0x0000000085c00000)
 Metaspace       used 23892K, capacity 24404K, committed 24704K, reserved 1071104K
  class space    used 2822K, capacity 2931K, committed 2944K, reserved 1048576K
}
Event: 4.376 GC heap before
{Heap before GC invocations=6 (full 1):
 PSYoungGen      total 53248K, used 53241K [0x00000000d5e00000, 0x00000000da900000, 0x0000000100000000)
  eden space 48128K, 100% used [0x00000000d5e00000,0x00000000d8d00000,0x00000000d8d00000)
  from space 5120K, 99% used [0x00000000da400000,0x00000000da8fe578,0x00000000da900000)
  to   space 5120K, 0% used [0x00000000d9f00000,0x00000000d9f00000,0x00000000da400000)
 ParOldGen       total 67584K, used 11297K [0x0000000081a00000, 0x0000000085c00000, 0x00000000d5e00000)
  object space 67584K, 16% used [0x0000000081a00000,0x00000000825085c8,0x0000000085c00000)
 Metaspace       used 32384K, capacity 32898K, committed 33152K, reserved 1079296K
  class space    used 4051K, capacity 4219K, committed 4224K, reserved 1048576K
Event: 4.395 GC heap after
Heap after GC invocations=6 (full 1):
 PSYoungGen      total 71680K, used 5091K [0x00000000d5e00000, 0x00000000dc280000, 0x0000000100000000)
  eden space 66560K, 0% used [0x00000000d5e00000,0x00000000d5e00000,0x00000000d9f00000)
  from space 5120K, 99% used [0x00000000d9f00000,0x00000000da3f8c70,0x00000000da400000)
  to   space 16896K, 0% used [0x00000000db200000,0x00000000db200000,0x00000000dc280000)
 ParOldGen       total 67584K, used 24092K [0x0000000081a00000, 0x0000000085c00000, 0x00000000d5e00000)
  object space 67584K, 35% used [0x0000000081a00000,0x0000000083187168,0x0000000085c00000)
 Metaspace       used 32384K, capacity 32898K, committed 33152K, reserved 1079296K
  class space    used 4051K, capacity 4219K, committed 4224K, reserved 1048576K
}
Event: 4.686 GC heap before
{Heap before GC invocations=7 (full 1):
 PSYoungGen      total 71680K, used 17039K [0x00000000d5e00000, 0x00000000dc280000, 0x0000000100000000)
  eden space 66560K, 17% used [0x00000000d5e00000,0x00000000d69ab210,0x00000000d9f00000)
  from space 5120K, 99% used [0x00000000d9f00000,0x00000000da3f8c70,0x00000000da400000)
  to   space 16896K, 0% used [0x00000000db200000,0x00000000db200000,0x00000000dc280000)
 ParOldGen       total 67584K, used 24092K [0x0000000081a00000, 0x0000000085c00000, 0x00000000d5e00000)
  object space 67584K, 35% used [0x0000000081a00000,0x0000000083187168,0x0000000085c00000)
 Metaspace       used 34560K, capacity 35026K, committed 35416K, reserved 1081344K
  class space    used 4340K, capacity 4479K, committed 4480K, reserved 1048576K
Event: 4.699 GC heap after
Heap after GC invocations=7 (full 1):
 PSYoungGen      total 83456K, used 8639K [0x00000000d5e00000, 0x00000000dc280000, 0x0000000100000000)
  eden space 66560K, 0% used [0x00000000d5e00000,0x00000000d5e00000,0x00000000d9f00000)
  from space 16896K, 51% used [0x00000000db200000,0x00000000dba6ffe0,0x00000000dc280000)
  to   space 5120K, 0% used [0x00000000d9f00000,0x00000000d9f00000,0x00000000da400000)
 ParOldGen       total 67584K, used 24100K [0x0000000081a00000, 0x0000000085c00000, 0x00000000d5e00000)
  object space 67584K, 35% used [0x0000000081a00000,0x0000000083189168,0x0000000085c00000)
 Metaspace       used 34560K, capacity 35026K, committed 35416K, reserved 1081344K
  class space    used 4340K, capacity 4479K, committed 4480K, reserved 1048576K
}
Event: 4.699 GC heap before
{Heap before GC invocations=8 (full 2):
 PSYoungGen      total 83456K, used 8639K [0x00000000d5e00000, 0x00000000dc280000, 0x0000000100000000)
  eden space 66560K, 0% used [0x00000000d5e00000,0x00000000d5e00000,0x00000000d9f00000)
  from space 16896K, 51% used [0x00000000db200000,0x00000000dba6ffe0,0x00000000dc280000)
  to   space 5120K, 0% used [0x00000000d9f00000,0x00000000d9f00000,0x00000000da400000)
 ParOldGen       total 67584K, used 24100K [0x0000000081a00000, 0x0000000085c00000, 0x00000000d5e00000)
  object space 67584K, 35% used [0x0000000081a00000,0x0000000083189168,0x0000000085c00000)
 Metaspace       used 34560K, capacity 35026K, committed 35416K, reserved 1081344K
  class space    used 4340K, capacity 4479K, committed 4480K, reserved 1048576K
Event: 4.821 GC heap after
Heap after GC invocations=8 (full 2):
 PSYoungGen      total 83456K, used 0K [0x00000000d5e00000, 0x00000000dc280000, 0x0000000100000000)
  eden space 66560K, 0% used [0x00000000d5e00000,0x00000000d5e00000,0x00000000d9f00000)
  from space 16896K, 0% used [0x00000000db200000,0x00000000db200000,0x00000000dc280000)
  to   space 5120K, 0% used [0x00000000d9f00000,0x00000000d9f00000,0x00000000da400000)
 ParOldGen       total 67584K, used 25741K [0x0000000081a00000, 0x0000000085c00000, 0x00000000d5e00000)
  object space 67584K, 38% used [0x0000000081a00000,0x0000000083323610,0x0000000085c00000)
 Metaspace       used 34560K, capacity 35026K, committed 35416K, reserved 1081344K
  class space    used 4340K, capacity 4479K, committed 4480K, reserved 1048576K
}
Event: 6.720 GC heap before
{Heap before GC invocations=9 (full 2):
 PSYoungGen      total 83456K, used 66560K [0x00000000d5e00000, 0x00000000dc280000, 0x0000000100000000)
  eden space 66560K, 100% used [0x00000000d5e00000,0x00000000d9f00000,0x00000000d9f00000)
  from space 16896K, 0% used [0x00000000db200000,0x00000000db200000,0x00000000dc280000)
  to   space 5120K, 0% used [0x00000000d9f00000,0x00000000d9f00000,0x00000000da400000)
 ParOldGen       total 67584K, used 25741K [0x0000000081a00000, 0x0000000085c00000, 0x00000000d5e00000)
  object space 67584K, 38% used [0x0000000081a00000,0x0000000083323610,0x0000000085c00000)
 Metaspace       used 44386K, capacity 45042K, committed 45528K, reserved 1089536K
  class space    used 5595K, capacity 5787K, committed 5888K, reserved 1048576K
Event: 6.745 GC heap after
Heap after GC invocations=9 (full 2):
 PSYoungGen      total 71680K, used 5097K [0x00000000d5e00000, 0x00000000dc280000, 0x0000000100000000)
  eden space 66560K, 0% used [0x00000000d5e00000,0x00000000d5e00000,0x00000000d9f00000)
  from space 5120K, 99% used [0x00000000d9f00000,0x00000000da3fa730,0x00000000da400000)
  to   space 16896K, 0% used [0x00000000db200000,0x00000000db200000,0x00000000dc280000)
 ParOldGen       total 67584K, used 38619K [0x0000000081a00000, 0x0000000085c00000, 0x00000000d5e00000)
  object space 67584K, 57% used [0x0000000081a00000,0x0000000083fb6c28,0x0000000085c00000)
 Metaspace       used 44386K, capacity 45042K, committed 45528K, reserved 1089536K
  class space    used 5595K, capacity 5787K, committed 5888K, reserved 1048576K
}

Deoptimization events (10 events):
Event: 6.045 Thread 0x0000000002452800 Uncommon trap: reason=class_check action=maybe_recompile pc=0x0000000002cb52c8 method=java.lang.ThreadLocal$ThreadLocalMap.getEntryAfterMiss(Ljava/lang/ThreadLocal;ILjava/lang/ThreadLocal$ThreadLocalMap$Entry;)Ljava/lang/ThreadLocal$ThreadLocalMap$Entry; 
Event: 6.045 Thread 0x0000000002452800 Uncommon trap: reason=class_check action=maybe_recompile pc=0x0000000002d9c1b4 method=org.jetbrains.kotlin.com.intellij.psi.impl.source.tree.SharedImplUtil.findFileElement(Lorg/jetbrains/kotlin/com/intellij/lang/ASTNode;)Lorg/jetbrains/kotlin/com/intellij
Event: 6.045 Thread 0x0000000002452800 Uncommon trap: reason=class_check action=maybe_recompile pc=0x0000000002d9c1b4 method=org.jetbrains.kotlin.com.intellij.psi.impl.source.tree.SharedImplUtil.findFileElement(Lorg/jetbrains/kotlin/com/intellij/lang/ASTNode;)Lorg/jetbrains/kotlin/com/intellij
Event: 6.045 Thread 0x0000000002452800 Uncommon trap: reason=class_check action=maybe_recompile pc=0x0000000002d9c1b4 method=org.jetbrains.kotlin.com.intellij.psi.impl.source.tree.SharedImplUtil.findFileElement(Lorg/jetbrains/kotlin/com/intellij/lang/ASTNode;)Lorg/jetbrains/kotlin/com/intellij
Event: 6.045 Thread 0x0000000002452800 Uncommon trap: reason=class_check action=maybe_recompile pc=0x0000000002d9c1b4 method=org.jetbrains.kotlin.com.intellij.psi.impl.source.tree.SharedImplUtil.findFileElement(Lorg/jetbrains/kotlin/com/intellij/lang/ASTNode;)Lorg/jetbrains/kotlin/com/intellij
Event: 6.444 Thread 0x0000000002452800 Uncommon trap: reason=predicate action=maybe_recompile pc=0x0000000002ea7fc4 method=java.util.regex.Pattern$Start.match(Ljava/util/regex/Matcher;ILjava/lang/CharSequence;)Z @ 37
Event: 6.444 Thread 0x0000000002452800 Uncommon trap: reason=unstable_if action=reinterpret pc=0x0000000002c9b960 method=java.lang.AbstractStringBuilder.append(Ljava/lang/CharSequence;)Ljava/lang/AbstractStringBuilder; @ 29
Event: 6.490 Thread 0x0000000002452800 Uncommon trap: reason=unstable_if action=reinterpret pc=0x00000000030f54ec method=org.jetbrains.kotlin.name.Name.hashCode()I @ 16
Event: 6.504 Thread 0x0000000002452800 Uncommon trap: reason=unstable_if action=reinterpret pc=0x0000000003095f58 method=org.jetbrains.kotlin.parsing.KotlinParserDefinition.createElement(Lorg/jetbrains/kotlin/com/intellij/lang/ASTNode;)Lorg/jetbrains/kotlin/com/intellij/psi/PsiElement; @ 25
Event: 6.511 Thread 0x0000000002452800 Uncommon trap: reason=predicate action=maybe_recompile pc=0x0000000002e13ffc method=org.jetbrains.kotlin.com.intellij.util.text.CharArrayUtil.getChars(Ljava/lang/CharSequence;[CIII)V @ 210

Classes redefined (0 events):
No events

Internal exceptions (10 events):
Event: 2.420 Thread 0x0000000002452800 Exception <a 'java/lang/NoSuchMethodError': java.lang.Object.lambda$static$0(I)[Lorg/jetbrains/kotlin/com/intellij/psi/PsiElement;> (0x00000000d5f6d8f0) thrown at [C:\src\AOSP-openjdk-git\hotspot\src\share\vm\interpreter\linkResolver.cpp, line 620]
Event: 3.786 Thread 0x0000000002452800 Exception <a 'java/lang/ArrayIndexOutOfBoundsException': 126> (0x00000000d72fff30) thrown at [C:\src\AOSP-openjdk-git\hotspot\src\share\vm\interpreter\interpreterRuntime.cpp, line 368]
Event: 3.786 Thread 0x0000000002452800 Exception <a 'java/lang/ArrayIndexOutOfBoundsException': 86> (0x00000000d73013b8) thrown at [C:\src\AOSP-openjdk-git\hotspot\src\share\vm\interpreter\interpreterRuntime.cpp, line 368]
Event: 4.903 Thread 0x0000000002452800 Exception <a 'java/lang/NoSuchMethodError': java.lang.Object.lambda$static$0(I)[Lorg/jetbrains/kotlin/psi/KtExpression;> (0x00000000d5fdac58) thrown at [C:\src\AOSP-openjdk-git\hotspot\src\share\vm\interpreter\linkResolver.cpp, line 620]
Event: 5.964 Thread 0x0000000002452800 Exception <a 'java/lang/NoSuchMethodError': java.lang.Object.lambda$static$0(I)[Lorg/jetbrains/kotlin/com/intellij/psi/PsiClass;> (0x00000000d7d65800) thrown at [C:\src\AOSP-openjdk-git\hotspot\src\share\vm\interpreter\linkResolver.cpp, line 620]
Event: 5.998 Thread 0x0000000002452800 Implicit null exception at 0x0000000002d563d0 to 0x0000000002d56495
Event: 6.023 Thread 0x0000000002452800 Exception <a 'java/lang/NoSuchMethodError': java.lang.Object.lambda$static$0(I)[Lorg/jetbrains/kotlin/com/intellij/psi/PsiReference;> (0x00000000d7edb568) thrown at [C:\src\AOSP-openjdk-git\hotspot\src\share\vm\interpreter\linkResolver.cpp, line 620]
Event: 6.037 Thread 0x0000000002452800 Exception <a 'java/lang/NoSuchMethodError': java.lang.Object.lambda$static$0(I)[Lorg/jetbrains/kotlin/com/intellij/psi/PsiTypeElement;> (0x00000000d7f2cff0) thrown at [C:\src\AOSP-openjdk-git\hotspot\src\share\vm\interpreter\linkResolver.cpp, line 620]
Event: 6.076 Thread 0x0000000002452800 Exception <a 'java/lang/NoSuchMethodError': java.lang.Object.lambda$static$0(I)[Lorg/jetbrains/kotlin/com/intellij/psi/PsiTypeParameter;> (0x00000000d800d6b8) thrown at [C:\src\AOSP-openjdk-git\hotspot\src\share\vm\interpreter\linkResolver.cpp, line 620]
Event: 6.345 Thread 0x0000000002452800 Exception <a 'java/lang/NoSuchMethodError': java.lang.Object.lambda$static$0(I)[Lorg/jetbrains/kotlin/psi/KtTypeElement;> (0x00000000d8daafb0) thrown at [C:\src\AOSP-openjdk-git\hotspot\src\share\vm\interpreter\linkResolver.cpp, line 620]

Events (10 events):
Event: 6.981 loading class org/jetbrains/kotlin/resolve/calls/tower/TowerData$OnlyImplicitReceiver
Event: 6.981 loading class org/jetbrains/kotlin/resolve/calls/tower/TowerData$OnlyImplicitReceiver done
Event: 6.981 loading class org/jetbrains/kotlin/resolve/lazy/LazyImportScope$getContributedFunctions$1
Event: 6.981 loading class org/jetbrains/kotlin/resolve/lazy/LazyImportScope$getContributedFunctions$1 done
Event: 6.983 loading class org/jetbrains/kotlin/resolve/lazy/descriptors/LazyClassMemberScope$Companion
Event: 6.983 loading class org/jetbrains/kotlin/resolve/lazy/descriptors/LazyClassMemberScope$Companion done
Event: 6.985 loading class org/jetbrains/kotlin/resolve/lazy/descriptors/LazyClassMemberScope$Companion$EXTRACT_FUNCTIONS$1
Event: 6.985 loading class org/jetbrains/kotlin/resolve/lazy/descriptors/LazyClassMemberScope$Companion$EXTRACT_FUNCTIONS$1 done
Event: 6.985 loading class org/jetbrains/kotlin/resolve/lazy/descriptors/LazyClassMemberScope$MemberExtractor
Event: 6.985 loading class org/jetbrains/kotlin/resolve/lazy/descriptors/LazyClassMemberScope$MemberExtractor done


Dynamic libraries:
0x00007ff61a0f0000 - 0x00007ff61a121000 	Z:\Android Studio\jre\jre\bin\java.exe
0x00007ffd4b8f0000 - 0x00007ffd4bae6000 	C:\Windows\SYSTEM32\ntdll.dll
0x00007ffd4b6c0000 - 0x00007ffd4b77d000 	C:\Windows\System32\KERNEL32.DLL
0x00007ffd49350000 - 0x00007ffd49619000 	C:\Windows\System32\KERNELBASE.dll
0x00007ffd49950000 - 0x00007ffd499fc000 	C:\Windows\System32\ADVAPI32.dll
0x00007ffd49a00000 - 0x00007ffd49a9e000 	C:\Windows\System32\msvcrt.dll
0x00007ffd4a2f0000 - 0x00007ffd4a38c000 	C:\Windows\System32\sechost.dll
0x00007ffd4b780000 - 0x00007ffd4b8ab000 	C:\Windows\System32\RPCRT4.dll
0x00007ffd4abd0000 - 0x00007ffd4ad70000 	C:\Windows\System32\USER32.dll
0x00007ffd49080000 - 0x00007ffd490a2000 	C:\Windows\System32\win32u.dll
0x00007ffd4a2c0000 - 0x00007ffd4a2ea000 	C:\Windows\System32\GDI32.dll
0x00007ffd49190000 - 0x00007ffd49299000 	C:\Windows\System32\gdi32full.dll
0x00007ffd49620000 - 0x00007ffd496bd000 	C:\Windows\System32\msvcp_win.dll
0x00007ffd496f0000 - 0x00007ffd497f0000 	C:\Windows\System32\ucrtbase.dll
0x00007ffd345f0000 - 0x00007ffd3488b000 	C:\Windows\WinSxS\amd64_microsoft.windows.common-controls_6595b64144ccf1df_6.0.19041.488_none_ca04af081b815d21\COMCTL32.dll
0x00007ffd4aa80000 - 0x00007ffd4aab0000 	C:\Windows\System32\IMM32.DLL
0x0000000057250000 - 0x0000000057322000 	Z:\Android Studio\jre\jre\bin\msvcr100.dll
0x0000000057330000 - 0x0000000057b7b000 	Z:\Android Studio\jre\jre\bin\server\jvm.dll
0x00007ffd4a620000 - 0x00007ffd4a628000 	C:\Windows\System32\PSAPI.DLL
0x00007ffd34db0000 - 0x00007ffd34dd7000 	C:\Windows\SYSTEM32\WINMM.dll
0x00007ffd3f430000 - 0x00007ffd3f43a000 	C:\Windows\SYSTEM32\VERSION.dll
0x00007ffd46910000 - 0x00007ffd46919000 	C:\Windows\SYSTEM32\WSOCK32.dll
0x00007ffd4a630000 - 0x00007ffd4a69b000 	C:\Windows\System32\WS2_32.dll
0x00007ffd43fe0000 - 0x00007ffd43fef000 	Z:\Android Studio\jre\jre\bin\verify.dll
0x00007ffd43c50000 - 0x00007ffd43c79000 	Z:\Android Studio\jre\jre\bin\java.dll
0x00007ffd43f70000 - 0x00007ffd43f86000 	Z:\Android Studio\jre\jre\bin\zip.dll
0x00007ffd4af50000 - 0x00007ffd4b692000 	C:\Windows\System32\SHELL32.dll
0x00007ffd47180000 - 0x00007ffd47915000 	C:\Windows\SYSTEM32\windows.storage.dll
0x00007ffd4a6a0000 - 0x00007ffd4a9f6000 	C:\Windows\System32\combase.dll
0x00007ffd489d0000 - 0x00007ffd489fc000 	C:\Windows\SYSTEM32\Wldp.dll
0x00007ffd4a210000 - 0x00007ffd4a2be000 	C:\Windows\System32\SHCORE.dll
0x00007ffd49b00000 - 0x00007ffd49b55000 	C:\Windows\System32\shlwapi.dll
0x00007ffd48f60000 - 0x00007ffd48f86000 	C:\Windows\SYSTEM32\profapi.dll
0x00007ffd43c00000 - 0x00007ffd43c1a000 	Z:\Android Studio\jre\jre\bin\net.dll
0x00007ffd48750000 - 0x00007ffd487ba000 	C:\Windows\system32\mswsock.dll
0x00007ffd43b60000 - 0x00007ffd43b73000 	Z:\Android Studio\jre\jre\bin\nio.dll

VM Arguments:
java_command: org.jetbrains.kotlin.cli.jvm.K2JVMCompiler @Z:\MyApplication\app\build\20201228_46162942160690903.compiler.options
java_class_path (initial): C:\Users\Chisster\.gradle\caches\modules-2\files-2.1\org.jetbrains.kotlin\kotlin-compiler-embeddable\1.4.10\38c4b99d5d5362debdd9302a866730379aa2328a\kotlin-compiler-embeddable-1.4.10.jar;C:\Users\Chisster\.gradle\caches\modules-2\files-2.1\org.jetbrains.kotlin\kotlin-reflect\1.4.10\e2b3c6695eee6085e606d96d685396dce23a3a06\kotlin-reflect-1.4.10.jar;C:\Users\Chisster\.gradle\caches\modules-2\files-2.1\org.jetbrains.kotlin\kotlin-stdlib\1.4.10\ea29e063d2bbe695be13e9d044dcfb0c7add398e\kotlin-stdlib-1.4.10.jar;C:\Users\Chisster\.gradle\caches\modules-2\files-2.1\org.jetbrains.kotlin\kotlin-script-runtime\1.4.10\7c19d9c2001e016cd7664cebe9eea66fc04a7f4f\kotlin-script-runtime-1.4.10.jar;C:\Users\Chisster\.gradle\caches\modules-2\files-2.1\org.jetbrains.kotlin\kotlin-daemon-embeddable\1.4.10\dbd67f42bed28043d17d7c860b06110a00a45970\kotlin-daemon-embeddable-1.4.10.jar;C:\Users\Chisster\.gradle\caches\modules-2\files-2.1\org.jetbrains.intellij.deps\trove4j\1.0.20181211\216c2e14b070f334479d800987affe4054cd563f\trove4j-1.0.20181211.jar;C:\Users\Chisster\.gradle\caches\modules-2\files-2.1\org.jetbrains.kotlin\kotlin-stdlib-common\1.4.10\6229be3465805c99db1142ad75e6c6ddeac0b04c\kotlin-stdlib-common-1.4.10.jar;C:\Users\Chisster\.gradle\caches\modules-2\files-2.1\org.jetbrains\annotations\13.0\919f0dfe192fb4e063e7dacadee7f8bb9a2672a9\annotations-13.0.jar;Z:\Android Studio\jre\lib\tools.jar
Launcher Type: SUN_STANDARD

Environment Variables:
PATH=C:\Windows\system32;C:\Windows;C:\Windows\System32\Wbem;C:\Windows\System32\WindowsPowerShell\v1.0\;C:\Windows\System32\OpenSSH\;C:\Program Files\Git\cmd;C:\Users\Chisster\AppData\Local\Microsoft\WindowsApps;
USERNAME=Chisster
OS=Windows_NT
PROCESSOR_IDENTIFIER=Intel64 Family 6 Model 69 Stepping 1, GenuineIntel



---------------  S Y S T E M  ---------------

OS: Windows 10.0 , 64 bit Build 19041 (10.0.19041.662)

CPU:total 4 (initial active 4) (2 cores per cpu, 2 threads per core) family 6 model 69 stepping 1, cmov, cx8, fxsr, mmx, sse, sse2, sse3, ssse3, sse4.1, sse4.2, popcnt, avx, avx2, aes, clmul, erms, lzcnt, ht, tsc, tscinvbit, bmi1, bmi2

Memory: 4k page, physical 8278296k(722244k free), swap 11374872k(5332k free)

vm_info: OpenJDK 64-Bit Server VM (25.242-b01) for windows-amd64 JRE (1.8.0_242-release-1644-b01), built by "builder" with MS VC++ 10.0 (VS2010)

time: Mon Dec 28 14:36:36 2020
timezone: RTZ 2 (зима)
elapsed time: 6 seconds (0d 0h 0m 6s)

