#
# There is insufficient memory for the Java Runtime Environment to continue.
# Native memory allocation (malloc) failed to allocate 1986576 bytes for Chunk::new
# Possible reasons:
#   The system is out of physical RAM or swap space
#   The process is running with CompressedOops enabled, and the Java Heap may be blocking the growth of the native heap
# Possible solutions:
#   Reduce memory load on the system
#   Increase physical memory or swap space
#   Check if swap backing store is full
#   Decrease Java heap size (-Xmx/-Xms)
#   Decrease number of Java threads
#   Decrease Java thread stack sizes (-Xss)
#   Set larger code cache with -XX:ReservedCodeCacheSize=
#   JVM is running with Unscaled Compressed Oops mode in which the Java heap is
#     placed in the first 4GB address space. The Java Heap base address is the
#     maximum limit for the native heap growth. Please use -XX:HeapBaseMinAddress
#     to set the Java Heap base and to place the Java Heap above 4GB virtual address.
# This output file may be truncated or incomplete.
#
#  Out of Memory Error (allocation.cpp:389), pid=6560, tid=0x00000000000005b8
#
# JRE version: OpenJDK Runtime Environment (8.0_242-b01) (build 1.8.0_242-release-1644-b01)
# Java VM: OpenJDK 64-Bit Server VM (25.242-b01 mixed mode windows-amd64 compressed oops)
# Failed to write core dump. Minidumps are not enabled by default on client versions of Windows
#

---------------  T H R E A D  ---------------

Current thread (0x00000000170ed000):  JavaThread "C2 CompilerThread1" daemon [_thread_in_native, id=1464, stack(0x0000000018860000,0x0000000018960000)]

Stack: [0x0000000018860000,0x0000000018960000]
[error occurred during error reporting (printing stack bounds), id 0xc0000005]

Native frames: (J=compiled Java code, j=interpreted, Vv=VM code, C=native code)


Current CompileTask:
C2: 215396 14285       4       org.gradle.api.internal.artifacts.transform.AttributeMatchingVariantSelector::doSelect (491 bytes)


---------------  P R O C E S S  ---------------

Java Threads: ( => current thread )
  0x0000000020bcc800 JavaThread "Cache worker for execution history cache (Z:\MyApplication\.gradle\6.5\executionHistory)" [_thread_blocked, id=5668, stack(0x000000002bd60000,0x000000002be60000)]
  0x0000000019e74800 JavaThread "Build operations Thread 4" [_thread_blocked, id=656, stack(0x0000000029c40000,0x0000000029d40000)]
  0x000000001a475800 JavaThread "Build operations Thread 3" [_thread_blocked, id=8952, stack(0x0000000020e70000,0x0000000020f70000)]
  0x000000001a472800 JavaThread "Build operations Thread 2" [_thread_blocked, id=8172, stack(0x000000001f970000,0x000000001fa70000)]
  0x000000001a46b000 JavaThread "Build operations" [_thread_blocked, id=2404, stack(0x000000001f570000,0x000000001f670000)]
  0x000000001a472000 JavaThread "Cache worker for Build Output Cleanup Cache (Z:\MyApplication\.gradle\buildOutputCleanup)" [_thread_blocked, id=11332, stack(0x000000001cbd0000,0x000000001ccd0000)]
  0x000000001a46e000 JavaThread "Cache worker for cache directory md-rule (C:\Users\Chisster\.gradle\caches\6.5\md-rule)" [_thread_blocked, id=2556, stack(0x000000001cad0000,0x000000001cbd0000)]
  0x000000001a46a800 JavaThread "Cache worker for cache directory md-supplier (C:\Users\Chisster\.gradle\caches\6.5\md-supplier)" [_thread_blocked, id=1104, stack(0x000000001c9d0000,0x000000001cad0000)]
  0x000000001a470800 JavaThread "Cache worker for checksums cache (Z:\MyApplication\.gradle\checksums)" [_thread_blocked, id=10572, stack(0x000000001c8d0000,0x000000001c9d0000)]
  0x000000001a46f000 JavaThread "Cache worker for file hash cache (Z:\MyApplication\.gradle\6.5\fileHashes)" [_thread_blocked, id=3988, stack(0x000000001c7d0000,0x000000001c8d0000)]
  0x000000001a46d800 JavaThread "Thread-312" [_thread_blocked, id=9520, stack(0x000000001c6d0000,0x000000001c7d0000)]
  0x000000001a46c800 JavaThread "Stdin handler" [_thread_blocked, id=1596, stack(0x000000001c3d0000,0x000000001c4d0000)]
  0x000000001a46f800 JavaThread "Asynchronous log dispatcher for DefaultDaemonConnection: socket connection from /127.0.0.1:56131 to /127.0.0.1:56233" [_thread_blocked, id=3768, stack(0x000000001bf80000,0x000000001c080000)]
  0x000000001a471000 JavaThread "Cancel handler" [_thread_blocked, id=600, stack(0x0000000000940000,0x0000000000a40000)]
  0x000000001a469800 JavaThread "Handler for socket connection from /127.0.0.1:56131 to /127.0.0.1:56233" [_thread_in_native, id=11488, stack(0x0000000000840000,0x0000000000940000)]
  0x0000000019e6e000 JavaThread "jar transforms Thread 232" [_thread_blocked, id=7964, stack(0x000000002a240000,0x000000002a340000)]
  0x0000000019e6d000 JavaThread "jar transforms Thread 231" [_thread_blocked, id=10044, stack(0x000000002a140000,0x000000002a240000)]
  0x0000000019e74000 JavaThread "jar transforms Thread 230" [_thread_blocked, id=324, stack(0x0000000029e50000,0x0000000029f50000)]
  0x0000000019e6f800 JavaThread "jar transforms Thread 229" [_thread_blocked, id=4372, stack(0x0000000029d50000,0x0000000029e50000)]
  0x0000000019e70000 JavaThread "jar transforms Thread 228" [_thread_blocked, id=9760, stack(0x0000000029b40000,0x0000000029c40000)]
  0x0000000019e73000 JavaThread "jar transforms Thread 227" [_thread_blocked, id=12088, stack(0x0000000029a40000,0x0000000029b40000)]
  0x0000000019e71000 JavaThread "jar transforms Thread 226" [_thread_blocked, id=10968, stack(0x0000000029940000,0x0000000029a40000)]
  0x0000000019e6e800 JavaThread "jar transforms Thread 225" [_thread_blocked, id=7468, stack(0x0000000029840000,0x0000000029940000)]
  0x0000000019e66000 JavaThread "jar transforms Thread 224" [_thread_blocked, id=6992, stack(0x0000000029740000,0x0000000029840000)]
  0x0000000019e67800 JavaThread "jar transforms Thread 223" [_thread_blocked, id=4604, stack(0x0000000029640000,0x0000000029740000)]
  0x0000000019e65800 JavaThread "jar transforms Thread 222" [_thread_blocked, id=6792, stack(0x0000000029540000,0x0000000029640000)]
  0x0000000019e68800 JavaThread "jar transforms Thread 221" [_thread_blocked, id=12240, stack(0x0000000029440000,0x0000000029540000)]
  0x0000000019e6a800 JavaThread "jar transforms Thread 220" [_thread_blocked, id=7648, stack(0x0000000029340000,0x0000000029440000)]
  0x0000000019e6c000 JavaThread "jar transforms Thread 219" [_thread_blocked, id=2860, stack(0x0000000029240000,0x0000000029340000)]
  0x0000000019e6a000 JavaThread "jar transforms Thread 218" [_thread_blocked, id=12764, stack(0x0000000029140000,0x0000000029240000)]
  0x0000000019e69000 JavaThread "jar transforms Thread 217" [_thread_blocked, id=1836, stack(0x0000000029040000,0x0000000029140000)]
  0x0000000019e6b800 JavaThread "jar transforms Thread 216" [_thread_blocked, id=11524, stack(0x0000000028f40000,0x0000000029040000)]
  0x0000000019e67000 JavaThread "jar transforms Thread 215" [_thread_blocked, id=10092, stack(0x0000000028e40000,0x0000000028f40000)]
  0x000000001a50b000 JavaThread "jar transforms Thread 214" [_thread_blocked, id=11076, stack(0x0000000028d40000,0x0000000028e40000)]
  0x000000001a50b800 JavaThread "jar transforms Thread 213" [_thread_blocked, id=3616, stack(0x0000000028c40000,0x0000000028d40000)]
  0x000000001a508000 JavaThread "jar transforms Thread 212" [_thread_blocked, id=9524, stack(0x0000000028b40000,0x0000000028c40000)]
  0x000000001a50a000 JavaThread "jar transforms Thread 211" [_thread_blocked, id=9856, stack(0x0000000028a40000,0x0000000028b40000)]
  0x000000001a506800 JavaThread "jar transforms Thread 210" [_thread_blocked, id=11828, stack(0x0000000028940000,0x0000000028a40000)]
  0x000000001a509800 JavaThread "jar transforms Thread 209" [_thread_blocked, id=9280, stack(0x0000000028840000,0x0000000028940000)]
  0x000000001a50c800 JavaThread "jar transforms Thread 208" [_thread_blocked, id=10040, stack(0x0000000028740000,0x0000000028840000)]
  0x000000001a508800 JavaThread "jar transforms Thread 207" [_thread_blocked, id=9920, stack(0x0000000028640000,0x0000000028740000)]
  0x000000001a507000 JavaThread "jar transforms Thread 206" [_thread_blocked, id=10800, stack(0x0000000028540000,0x0000000028640000)]
  0x000000001a4ff000 JavaThread "jar transforms Thread 205" [_thread_blocked, id=10832, stack(0x0000000028440000,0x0000000028540000)]
  0x000000001a505800 JavaThread "jar transforms Thread 204" [_thread_blocked, id=10128, stack(0x0000000028340000,0x0000000028440000)]
  0x000000001a4fe000 JavaThread "jar transforms Thread 203" [_thread_blocked, id=4620, stack(0x0000000028240000,0x0000000028340000)]
  0x000000001a505000 JavaThread "jar transforms Thread 202" [_thread_blocked, id=7644, stack(0x0000000028140000,0x0000000028240000)]
  0x000000001a503800 JavaThread "jar transforms Thread 201" [_thread_blocked, id=8256, stack(0x0000000028040000,0x0000000028140000)]
  0x000000001a502800 JavaThread "jar transforms Thread 200" [_thread_blocked, id=8676, stack(0x0000000027f40000,0x0000000028040000)]
  0x000000001a4fd800 JavaThread "jar transforms Thread 199" [_thread_blocked, id=2416, stack(0x0000000027e40000,0x0000000027f40000)]
  0x000000001a502000 JavaThread "jar transforms Thread 198" [_thread_blocked, id=12580, stack(0x0000000027d40000,0x0000000027e40000)]
  0x000000001a501000 JavaThread "jar transforms Thread 197" [_thread_blocked, id=7836, stack(0x0000000027c40000,0x0000000027d40000)]
  0x000000001a4ff800 JavaThread "jar transforms Thread 196" [_thread_blocked, id=8604, stack(0x0000000027b40000,0x0000000027c40000)]
  0x000000001a500800 JavaThread "jar transforms Thread 195" [_thread_blocked, id=9776, stack(0x0000000027a40000,0x0000000027b40000)]
  0x000000001a504000 JavaThread "jar transforms Thread 194" [_thread_blocked, id=8236, stack(0x0000000027940000,0x0000000027a40000)]
  0x000000001a5b3800 JavaThread "jar transforms Thread 193" [_thread_blocked, id=7268, stack(0x0000000027840000,0x0000000027940000)]
  0x000000001a5b2000 JavaThread "jar transforms Thread 192" [_thread_blocked, id=10028, stack(0x0000000027740000,0x0000000027840000)]
  0x000000001a5b1000 JavaThread "jar transforms Thread 191" [_thread_blocked, id=6784, stack(0x0000000027640000,0x0000000027740000)]
  0x000000001a5b0800 JavaThread "jar transforms Thread 190" [_thread_blocked, id=6972, stack(0x0000000027540000,0x0000000027640000)]
  0x000000001a5b2800 JavaThread "jar transforms Thread 189" [_thread_blocked, id=12980, stack(0x0000000027440000,0x0000000027540000)]
  0x000000001a5af800 JavaThread "jar transforms Thread 188" [_thread_blocked, id=1968, stack(0x0000000027340000,0x0000000027440000)]
  0x000000001a5aa800 JavaThread "jar transforms Thread 187" [_thread_blocked, id=4616, stack(0x0000000027240000,0x0000000027340000)]
  0x000000001a5ae000 JavaThread "jar transforms Thread 186" [_thread_blocked, id=1112, stack(0x0000000027140000,0x0000000027240000)]
  0x000000001a5ad800 JavaThread "jar transforms Thread 185" [_thread_blocked, id=1580, stack(0x0000000027040000,0x0000000027140000)]
  0x000000001a5af000 JavaThread "jar transforms Thread 184" [_thread_blocked, id=7624, stack(0x0000000026f40000,0x0000000027040000)]
  0x000000001a5ac800 JavaThread "jar transforms Thread 183" [_thread_blocked, id=1900, stack(0x0000000026e40000,0x0000000026f40000)]
  0x000000001a5a5800 JavaThread "jar transforms Thread 182" [_thread_blocked, id=11900, stack(0x0000000026d40000,0x0000000026e40000)]
  0x000000001a5a9800 JavaThread "jar transforms Thread 181" [_thread_blocked, id=4408, stack(0x0000000026c40000,0x0000000026d40000)]
  0x000000001a5a9000 JavaThread "jar transforms Thread 180" [_thread_blocked, id=10224, stack(0x0000000026b40000,0x0000000026c40000)]
  0x000000001a5a5000 JavaThread "jar transforms Thread 179" [_thread_blocked, id=10564, stack(0x0000000026a40000,0x0000000026b40000)]
  0x000000001a5a8000 JavaThread "jar transforms Thread 178" [_thread_blocked, id=7000, stack(0x0000000026940000,0x0000000026a40000)]
  0x000000001a5ac000 JavaThread "jar transforms Thread 177" [_thread_blocked, id=11724, stack(0x0000000026840000,0x0000000026940000)]
  0x000000001a5a7000 JavaThread "jar transforms Thread 176" [_thread_blocked, id=13068, stack(0x0000000026740000,0x0000000026840000)]
  0x000000001a5ab000 JavaThread "jar transforms Thread 175" [_thread_blocked, id=10156, stack(0x0000000026640000,0x0000000026740000)]
  0x000000001a5a6800 JavaThread "jar transforms Thread 174" [_thread_blocked, id=9988, stack(0x0000000026540000,0x0000000026640000)]
  0x000000001a5a4000 JavaThread "jar transforms Thread 173" [_thread_blocked, id=4988, stack(0x0000000026440000,0x0000000026540000)]
  0x000000001ac28000 JavaThread "jar transforms Thread 172" [_thread_blocked, id=10288, stack(0x0000000026340000,0x0000000026440000)]
  0x000000001ac27800 JavaThread "jar transforms Thread 171" [_thread_blocked, id=2288, stack(0x0000000026240000,0x0000000026340000)]
  0x000000001ac26800 JavaThread "jar transforms Thread 170" [_thread_blocked, id=10824, stack(0x0000000026140000,0x0000000026240000)]
  0x000000001ac2d800 JavaThread "jar transforms Thread 169" [_thread_blocked, id=7748, stack(0x0000000026040000,0x0000000026140000)]
  0x0000000019662800 JavaThread "jar transforms Thread 168" [_thread_blocked, id=6480, stack(0x0000000025f40000,0x0000000026040000)]
  0x0000000019662000 JavaThread "jar transforms Thread 167" [_thread_blocked, id=1528, stack(0x0000000025e40000,0x0000000025f40000)]
  0x0000000019660800 JavaThread "jar transforms Thread 166" [_thread_blocked, id=10944, stack(0x0000000025d40000,0x0000000025e40000)]
  0x000000001965e000 JavaThread "jar transforms Thread 165" [_thread_blocked, id=12832, stack(0x0000000025c40000,0x0000000025d40000)]
  0x000000001965f800 JavaThread "jar transforms Thread 164" [_thread_blocked, id=9912, stack(0x0000000025b40000,0x0000000025c40000)]
  0x0000000019661000 JavaThread "jar transforms Thread 163" [_thread_blocked, id=68, stack(0x0000000025a40000,0x0000000025b40000)]
  0x000000001965f000 JavaThread "jar transforms Thread 162" [_thread_blocked, id=10164, stack(0x0000000025940000,0x0000000025a40000)]
  0x0000000019654800 JavaThread "jar transforms Thread 161" [_thread_blocked, id=8316, stack(0x0000000025840000,0x0000000025940000)]
  0x000000001965b000 JavaThread "jar transforms Thread 160" [_thread_blocked, id=6916, stack(0x0000000025740000,0x0000000025840000)]
  0x000000001965a800 JavaThread "jar transforms Thread 159" [_thread_blocked, id=11016, stack(0x0000000025640000,0x0000000025740000)]
  0x0000000019659800 JavaThread "jar transforms Thread 158" [_thread_blocked, id=8052, stack(0x0000000025540000,0x0000000025640000)]
  0x0000000019659000 JavaThread "jar transforms Thread 157" [_thread_blocked, id=11308, stack(0x0000000025440000,0x0000000025540000)]
  0x000000001ad00800 JavaThread "jar transforms Thread 156" [_thread_blocked, id=10748, stack(0x0000000025340000,0x0000000025440000)]
  0x000000001ad02800 JavaThread "jar transforms Thread 155" [_thread_blocked, id=12656, stack(0x0000000025240000,0x0000000025340000)]
  0x000000001ad02000 JavaThread "jar transforms Thread 154" [_thread_blocked, id=1820, stack(0x0000000025140000,0x0000000025240000)]
  0x000000001acff800 JavaThread "jar transforms Thread 153" [_thread_blocked, id=6932, stack(0x0000000025040000,0x0000000025140000)]
  0x000000001acfe000 JavaThread "jar transforms Thread 152" [_thread_blocked, id=2064, stack(0x0000000024f40000,0x0000000025040000)]
  0x000000001ad01000 JavaThread "jar transforms Thread 151" [_thread_blocked, id=12316, stack(0x0000000024e40000,0x0000000024f40000)]
  0x000000001acfc000 JavaThread "jar transforms Thread 150" [_thread_blocked, id=6988, stack(0x0000000024d40000,0x0000000024e40000)]
  0x000000001acfd800 JavaThread "jar transforms Thread 149" [_thread_blocked, id=3908, stack(0x0000000024c40000,0x0000000024d40000)]
  0x000000001acff000 JavaThread "jar transforms Thread 148" [_thread_blocked, id=9784, stack(0x0000000024b40000,0x0000000024c40000)]
  0x000000001acfc800 JavaThread "jar transforms Thread 147" [_thread_blocked, id=11504, stack(0x0000000024a40000,0x0000000024b40000)]
  0x000000001acf4800 JavaThread "jar transforms Thread 146" [_thread_blocked, id=3552, stack(0x0000000024940000,0x0000000024a40000)]
  0x000000001acf6800 JavaThread "jar transforms Thread 145" [_thread_blocked, id=3736, stack(0x0000000024840000,0x0000000024940000)]
  0x000000001acf5000 JavaThread "jar transforms Thread 144" [_thread_blocked, id=4328, stack(0x0000000024740000,0x0000000024840000)]
  0x000000001acfb000 JavaThread "jar transforms Thread 143" [_thread_blocked, id=10948, stack(0x0000000024640000,0x0000000024740000)]
  0x000000001acf3800 JavaThread "jar transforms Thread 142" [_thread_blocked, id=3192, stack(0x0000000024540000,0x0000000024640000)]
  0x00000000195e7800 JavaThread "jar transforms Thread 141" [_thread_blocked, id=12096, stack(0x0000000024440000,0x0000000024540000)]
  0x00000000195ec800 JavaThread "jar transforms Thread 140" [_thread_blocked, id=11424, stack(0x0000000024340000,0x0000000024440000)]
  0x00000000195ec000 JavaThread "jar transforms Thread 139" [_thread_blocked, id=12556, stack(0x0000000024240000,0x0000000024340000)]
  0x00000000195e6800 JavaThread "jar transforms Thread 138" [_thread_blocked, id=5852, stack(0x0000000024140000,0x0000000024240000)]
  0x00000000195eb000 JavaThread "jar transforms Thread 137" [_thread_blocked, id=4120, stack(0x0000000024040000,0x0000000024140000)]
  0x00000000195ea800 JavaThread "jar transforms Thread 136" [_thread_blocked, id=9152, stack(0x0000000023f40000,0x0000000024040000)]
  0x00000000195e9800 JavaThread "jar transforms Thread 135" [_thread_blocked, id=11860, stack(0x0000000023e40000,0x0000000023f40000)]
  0x00000000195e8000 JavaThread "jar transforms Thread 134" [_thread_blocked, id=2272, stack(0x0000000023d40000,0x0000000023e40000)]
  0x00000000195ed800 JavaThread "jar transforms Thread 133" [_thread_blocked, id=7472, stack(0x0000000023c40000,0x0000000023d40000)]
  0x00000000195e9000 JavaThread "jar transforms Thread 132" [_thread_blocked, id=13008, stack(0x0000000023b40000,0x0000000023c40000)]
  0x00000000195e3000 JavaThread "jar transforms Thread 131" [_thread_blocked, id=9596, stack(0x0000000023a40000,0x0000000023b40000)]
  0x00000000195e4800 JavaThread "jar transforms Thread 130" [_thread_blocked, id=8812, stack(0x0000000023940000,0x0000000023a40000)]
  0x00000000195df000 JavaThread "jar transforms Thread 129" [_thread_blocked, id=300, stack(0x0000000023740000,0x0000000023840000)]
  0x00000000195e0000 JavaThread "jar transforms Thread 128" [_thread_blocked, id=13024, stack(0x0000000023640000,0x0000000023740000)]
  0x00000000195e6000 JavaThread "jar transforms Thread 127" [_thread_blocked, id=464, stack(0x0000000023540000,0x0000000023640000)]
  0x00000000195e5000 JavaThread "jar transforms Thread 126" [_thread_blocked, id=140, stack(0x0000000023440000,0x0000000023540000)]
  0x00000000195e2000 JavaThread "jar transforms Thread 125" [_thread_blocked, id=9872, stack(0x0000000023340000,0x0000000023440000)]
  0x00000000195e3800 JavaThread "jar transforms Thread 124" [_thread_blocked, id=11252, stack(0x0000000023240000,0x0000000023340000)]
  0x00000000195e1800 JavaThread "jar transforms Thread 123" [_thread_blocked, id=2068, stack(0x0000000023140000,0x0000000023240000)]
  0x00000000195e0800 JavaThread "jar transforms Thread 122" [_thread_blocked, id=3048, stack(0x0000000023040000,0x0000000023140000)]
  0x000000001a474000 JavaThread "jar transforms Thread 121" [_thread_blocked, id=6736, stack(0x0000000022f40000,0x0000000023040000)]
  0x000000001a473800 JavaThread "jar transforms Thread 120" [_thread_blocked, id=10260, stack(0x0000000022e40000,0x0000000022f40000)]
  0x000000001a478000 JavaThread "jar transforms Thread 119" [_thread_blocked, id=5292, stack(0x0000000022d40000,0x0000000022e40000)]
  0x000000001a475000 JavaThread "jar transforms Thread 118" [_thread_blocked, id=12188, stack(0x0000000022c40000,0x0000000022d40000)]
  0x000000001a477000 JavaThread "jar transforms Thread 117" [_thread_blocked, id=11768, stack(0x0000000022b40000,0x0000000022c40000)]
  0x000000001a46c000 JavaThread "Daemon worker Thread 2" [_thread_in_Java, id=11732, stack(0x000000001be80000,0x000000001bf80000)]
  0x000000001a469000 JavaThread "Daemon Thread 2" [_thread_blocked, id=1864, stack(0x0000000000740000,0x0000000000840000)]
  0x0000000019657800 JavaThread "Memory manager" [_thread_blocked, id=8408, stack(0x000000002ba60000,0x000000002bb60000)]
  0x000000001ac29000 JavaThread "Cache worker for file content cache (C:\Users\Chisster\.gradle\caches\6.5\fileContent)" [_thread_blocked, id=5832, stack(0x000000001fcd0000,0x000000001fdd0000)]
  0x000000001ac2b000 JavaThread "Cache worker for execution history cache (C:\Users\Chisster\.gradle\caches\6.5\executionHistory)" [_thread_blocked, id=6488, stack(0x000000001f870000,0x000000001f970000)]
  0x000000001ac2c000 JavaThread "Cache worker for file hash cache (C:\Users\Chisster\.gradle\caches\6.5\fileHashes)" [_thread_blocked, id=13084, stack(0x000000001d0d0000,0x000000001d1d0000)]
  0x000000001ac2c800 JavaThread "File lock request listener" [_thread_in_native, id=2868, stack(0x000000001cfd0000,0x000000001d0d0000)]
  0x000000001ac2a800 JavaThread "Cache worker for journal cache (C:\Users\Chisster\.gradle\caches\journal-1)" [_thread_blocked, id=7128, stack(0x000000001ced0000,0x000000001cfd0000)]
  0x000000001ab1c800 JavaThread "Daemon periodic checks" [_thread_blocked, id=7084, stack(0x000000001c2d0000,0x000000001c3d0000)]
  0x000000001aac3800 JavaThread "Incoming local TCP Connector on port 56131" [_thread_in_native, id=8668, stack(0x000000001c080000,0x000000001c180000)]
  0x0000000019be6800 JavaThread "Daemon health stats" [_thread_blocked, id=7708, stack(0x000000001ba20000,0x000000001bb20000)]
  0x0000000018a98800 JavaThread "Service Thread" daemon [_thread_blocked, id=4092, stack(0x0000000018e60000,0x0000000018f60000)]
  0x00000000170f9800 JavaThread "C1 CompilerThread2" daemon [_thread_blocked, id=13048, stack(0x0000000018960000,0x0000000018a60000)]
=>0x00000000170ed000 JavaThread "C2 CompilerThread1" daemon [_thread_in_native, id=1464, stack(0x0000000018860000,0x0000000018960000)]
  0x00000000170e6000 JavaThread "C2 CompilerThread0" daemon [_thread_in_native, id=9812, stack(0x0000000018760000,0x0000000018860000)]
  0x00000000170e4000 JavaThread "Attach Listener" daemon [_thread_blocked, id=3712, stack(0x0000000018660000,0x0000000018760000)]
  0x00000000170e2800 JavaThread "Signal Dispatcher" daemon [_thread_blocked, id=11404, stack(0x0000000018560000,0x0000000018660000)]
  0x00000000024ba800 JavaThread "Finalizer" daemon [_thread_blocked, id=12736, stack(0x0000000018340000,0x0000000018440000)]
  0x00000000170c9000 JavaThread "Reference Handler" daemon [_thread_blocked, id=1996, stack(0x0000000018240000,0x0000000018340000)]
  0x00000000023c0800 JavaThread "main" [_thread_blocked, id=11192, stack(0x0000000002260000,0x0000000002360000)]

Other Threads:
  0x00000000170a6800 VMThread [stack: 0x0000000018140000,0x0000000018240000] [id=9064]
  0x000000001713d000 WatcherThread [stack: 0x0000000018f60000,0x0000000019060000] [id=5900]

VM state:not at safepoint (normal execution)

VM Mutex/Monitor currently owned by a thread: None

heap address: 0x0000000080000000, size: 2048 MB, Compressed Oops mode: 32-bit
Narrow klass base: 0x0000000000000000, Narrow klass shift: 3
Compressed class space size: 1073741824 Address: 0x0000000100000000

Heap:
 PSYoungGen      total 356352K, used 22703K [0x00000000d5580000, 0x00000000ecc80000, 0x0000000100000000)
  eden space 329728K, 2% used [0x00000000d5580000,0x00000000d5c496e8,0x00000000e9780000)
  from space 26624K, 59% used [0x00000000e9880000,0x00000000ea7e27b0,0x00000000eb280000)
  to   space 19456K, 0% used [0x00000000eb980000,0x00000000eb980000,0x00000000ecc80000)
 ParOldGen       total 99840K, used 80956K [0x0000000080000000, 0x0000000086180000, 0x00000000d5580000)
  object space 99840K, 81% used [0x0000000080000000,0x0000000084f0f130,0x0000000086180000)
 Metaspace       used 92009K, capacity 96722K, committed 96920K, reserved 1132544K
  class space    used 12040K, capacity 12940K, committed 12976K, reserved 1048576K

Card table byte_map: [0x0000000011880000,0x0000000011c90000] byte_map_base: 0x0000000011480000

Marking Bits: (ParMarkBitMap*) 0x0000000057adf030
 Begin Bits: [0x0000000012340000, 0x0000000014340000)
 End Bits:   [0x0000000014340000, 0x0000000016340000)

Polling page: 0x0000000000a70000

CodeCache: size=245760Kb used=41395Kb max_used=41395Kb free=204364Kb
 bounds [0x00000000024c0000, 0x0000000004d60000, 0x00000000114c0000]
 total_blobs=13373 nmethods=12504 adapters=781
 compilation: enabled

Compilation events (10 events):
Event: 215.061 Thread 0x00000000170f9800 14826       3       org.objectweb.asm.Type::getArgumentsAndReturnSizes (132 bytes)
Event: 215.063 Thread 0x00000000170f9800 nmethod 14826 0x0000000004d56f90 code [0x0000000004d571e0, 0x0000000004d581f8]
Event: 215.133 Thread 0x00000000170f9800 14827       1       org.objectweb.asm.ClassWriter::visitEnd (1 bytes)
Event: 215.133 Thread 0x00000000170f9800 nmethod 14827 0x0000000004d589d0 code [0x0000000004d58b20, 0x0000000004d58c30]
Event: 215.200 Thread 0x00000000170f9800 14828 %     3       org.objectweb.asm.tree.ClassNode::accept @ 507 (625 bytes)
Event: 215.205 Thread 0x00000000170f9800 nmethod 14828% 0x0000000004d58c90 code [0x0000000004d59180, 0x0000000004d5c368]
Event: 215.206 Thread 0x00000000170f9800 14829 %     3       com.android.builder.testing.MockableJarGenerator::modifyClass @ 79 (190 bytes)
Event: 215.207 Thread 0x00000000170f9800 nmethod 14829% 0x0000000004d5d4d0 code [0x0000000004d5d720, 0x0000000004d5e538]
Event: 215.332 Thread 0x00000000170f9800 14830       2       sun.net.www.protocol.jar.URLJarFile::finalize (5 bytes)
Event: 215.338 Thread 0x00000000170f9800 nmethod 14830 0x0000000004d5ead0 code [0x0000000004d5ec40, 0x0000000004d5ee18]

GC Heap History (10 events):
Event: 30.929 GC heap before
{Heap before GC invocations=16 (full 3):
 PSYoungGen      total 271872K, used 251392K [0x00000000d5580000, 0x00000000e7d00000, 0x0000000100000000)
  eden space 251392K, 100% used [0x00000000d5580000,0x00000000e4b00000,0x00000000e4b00000)
  from space 20480K, 0% used [0x00000000e5f00000,0x00000000e5f00000,0x00000000e7300000)
  to   space 20480K, 0% used [0x00000000e4b00000,0x00000000e4b00000,0x00000000e5f00000)
 ParOldGen       total 99840K, used 32133K [0x0000000080000000, 0x0000000086180000, 0x00000000d5580000)
  object space 99840K, 32% used [0x0000000080000000,0x0000000081f61630,0x0000000086180000)
 Metaspace       used 67754K, capacity 70838K, committed 71064K, reserved 1110016K
  class space    used 9229K, capacity 9848K, committed 9904K, reserved 1048576K
Event: 30.974 GC heap after
Heap after GC invocations=16 (full 3):
 PSYoungGen      total 271872K, used 20479K [0x00000000d5580000, 0x00000000ed180000, 0x0000000100000000)
  eden space 251392K, 0% used [0x00000000d5580000,0x00000000d5580000,0x00000000e4b00000)
  from space 20480K, 99% used [0x00000000e4b00000,0x00000000e5efff48,0x00000000e5f00000)
  to   space 24576K, 0% used [0x00000000eb980000,0x00000000eb980000,0x00000000ed180000)
 ParOldGen       total 99840K, used 34480K [0x0000000080000000, 0x0000000086180000, 0x00000000d5580000)
  object space 99840K, 34% used [0x0000000080000000,0x00000000821ac208,0x0000000086180000)
 Metaspace       used 67754K, capacity 70838K, committed 71064K, reserved 1110016K
  class space    used 9229K, capacity 9848K, committed 9904K, reserved 1048576K
}
Event: 68.608 GC heap before
{Heap before GC invocations=17 (full 3):
 PSYoungGen      total 271872K, used 271871K [0x00000000d5580000, 0x00000000ed180000, 0x0000000100000000)
  eden space 251392K, 100% used [0x00000000d5580000,0x00000000e4b00000,0x00000000e4b00000)
  from space 20480K, 99% used [0x00000000e4b00000,0x00000000e5efff48,0x00000000e5f00000)
  to   space 24576K, 0% used [0x00000000eb980000,0x00000000eb980000,0x00000000ed180000)
 ParOldGen       total 99840K, used 34480K [0x0000000080000000, 0x0000000086180000, 0x00000000d5580000)
  object space 99840K, 34% used [0x0000000080000000,0x00000000821ac208,0x0000000086180000)
 Metaspace       used 77260K, capacity 80596K, committed 80792K, reserved 1120256K
  class space    used 10316K, capacity 10921K, committed 10928K, reserved 1048576K
Event: 68.672 GC heap after
Heap after GC invocations=17 (full 3):
 PSYoungGen      total 349184K, used 19169K [0x00000000d5580000, 0x00000000ecc80000, 0x0000000100000000)
  eden space 329728K, 0% used [0x00000000d5580000,0x00000000d5580000,0x00000000e9780000)
  from space 19456K, 98% used [0x00000000eb980000,0x00000000ecc386d8,0x00000000ecc80000)
  to   space 26624K, 0% used [0x00000000e9880000,0x00000000e9880000,0x00000000eb280000)
 ParOldGen       total 99840K, used 48145K [0x0000000080000000, 0x0000000086180000, 0x00000000d5580000)
  object space 99840K, 48% used [0x0000000080000000,0x0000000082f04678,0x0000000086180000)
 Metaspace       used 77260K, capacity 80596K, committed 80792K, reserved 1120256K
  class space    used 10316K, capacity 10921K, committed 10928K, reserved 1048576K
}
Event: 152.893 GC heap before
{Heap before GC invocations=18 (full 3):
 PSYoungGen      total 349184K, used 348897K [0x00000000d5580000, 0x00000000ecc80000, 0x0000000100000000)
  eden space 329728K, 100% used [0x00000000d5580000,0x00000000e9780000,0x00000000e9780000)
  from space 19456K, 98% used [0x00000000eb980000,0x00000000ecc386d8,0x00000000ecc80000)
  to   space 26624K, 0% used [0x00000000e9880000,0x00000000e9880000,0x00000000eb280000)
 ParOldGen       total 99840K, used 48145K [0x0000000080000000, 0x0000000086180000, 0x00000000d5580000)
  object space 99840K, 48% used [0x0000000080000000,0x0000000082f04678,0x0000000086180000)
 Metaspace       used 78271K, capacity 81670K, committed 81944K, reserved 1120256K
  class space    used 10339K, capacity 10956K, committed 11056K, reserved 1048576K
Event: 152.942 GC heap after
Heap after GC invocations=18 (full 3):
 PSYoungGen      total 356352K, used 9632K [0x00000000d5580000, 0x00000000ecc80000, 0x0000000100000000)
  eden space 329728K, 0% used [0x00000000d5580000,0x00000000d5580000,0x00000000e9780000)
  from space 26624K, 36% used [0x00000000e9880000,0x00000000ea1e8000,0x00000000eb280000)
  to   space 19456K, 0% used [0x00000000eb980000,0x00000000eb980000,0x00000000ecc80000)
 ParOldGen       total 99840K, used 56956K [0x0000000080000000, 0x0000000086180000, 0x00000000d5580000)
  object space 99840K, 57% used [0x0000000080000000,0x000000008379f378,0x0000000086180000)
 Metaspace       used 78271K, capacity 81670K, committed 81944K, reserved 1120256K
  class space    used 10339K, capacity 10956K, committed 11056K, reserved 1048576K
}
Event: 209.668 GC heap before
{Heap before GC invocations=19 (full 3):
 PSYoungGen      total 356352K, used 339360K [0x00000000d5580000, 0x00000000ecc80000, 0x0000000100000000)
  eden space 329728K, 100% used [0x00000000d5580000,0x00000000e9780000,0x00000000e9780000)
  from space 26624K, 36% used [0x00000000e9880000,0x00000000ea1e8000,0x00000000eb280000)
  to   space 19456K, 0% used [0x00000000eb980000,0x00000000eb980000,0x00000000ecc80000)
 ParOldGen       total 99840K, used 56956K [0x0000000080000000, 0x0000000086180000, 0x00000000d5580000)
  object space 99840K, 57% used [0x0000000080000000,0x000000008379f378,0x0000000086180000)
 Metaspace       used 89535K, capacity 93768K, committed 94104K, reserved 1130496K
  class space    used 11748K, capacity 12599K, committed 12720K, reserved 1048576K
Event: 209.725 GC heap after
Heap after GC invocations=19 (full 3):
 PSYoungGen      total 349184K, used 19431K [0x00000000d5580000, 0x00000000ecc80000, 0x0000000100000000)
  eden space 329728K, 0% used [0x00000000d5580000,0x00000000d5580000,0x00000000e9780000)
  from space 19456K, 99% used [0x00000000eb980000,0x00000000ecc79e90,0x00000000ecc80000)
  to   space 26624K, 0% used [0x00000000e9880000,0x00000000e9880000,0x00000000eb280000)
 ParOldGen       total 99840K, used 63134K [0x0000000080000000, 0x0000000086180000, 0x00000000d5580000)
  object space 99840K, 63% used [0x0000000080000000,0x0000000083da79e0,0x0000000086180000)
 Metaspace       used 89535K, capacity 93768K, committed 94104K, reserved 1130496K
  class space    used 11748K, capacity 12599K, committed 12720K, reserved 1048576K
}
Event: 215.211 GC heap before
{Heap before GC invocations=20 (full 3):
 PSYoungGen      total 349184K, used 349159K [0x00000000d5580000, 0x00000000ecc80000, 0x0000000100000000)
  eden space 329728K, 100% used [0x00000000d5580000,0x00000000e9780000,0x00000000e9780000)
  from space 19456K, 99% used [0x00000000eb980000,0x00000000ecc79e90,0x00000000ecc80000)
  to   space 26624K, 0% used [0x00000000e9880000,0x00000000e9880000,0x00000000eb280000)
 ParOldGen       total 99840K, used 63134K [0x0000000080000000, 0x0000000086180000, 0x00000000d5580000)
  object space 99840K, 63% used [0x0000000080000000,0x0000000083da79e0,0x0000000086180000)
 Metaspace       used 92009K, capacity 96722K, committed 96920K, reserved 1132544K
  class space    used 12040K, capacity 12940K, committed 12976K, reserved 1048576K
Event: 215.323 GC heap after
Heap after GC invocations=20 (full 3):
 PSYoungGen      total 356352K, used 15753K [0x00000000d5580000, 0x00000000ecc80000, 0x0000000100000000)
  eden space 329728K, 0% used [0x00000000d5580000,0x00000000d5580000,0x00000000e9780000)
  from space 26624K, 59% used [0x00000000e9880000,0x00000000ea7e27b0,0x00000000eb280000)
  to   space 19456K, 0% used [0x00000000eb980000,0x00000000eb980000,0x00000000ecc80000)
 ParOldGen       total 99840K, used 80956K [0x0000000080000000, 0x0000000086180000, 0x00000000d5580000)
  object space 99840K, 81% used [0x0000000080000000,0x0000000084f0f130,0x0000000086180000)
 Metaspace       used 92009K, capacity 96722K, committed 96920K, reserved 1132544K
  class space    used 12040K, capacity 12940K, committed 12976K, reserved 1048576K
}

Deoptimization events (10 events):
Event: 214.167 Thread 0x000000001a46c000 Uncommon trap: reason=bimorphic action=maybe_recompile pc=0x0000000004381010 method=org.gradle.api.internal.artifacts.transform.TransformationSubject$InitialArtifactTransformationSubject.getProducer()Ljava/util/Optional; @ 4
Event: 214.279 Thread 0x000000001a46c000 Uncommon trap: reason=class_check action=maybe_recompile pc=0x0000000004b50848 method=org.objectweb.asm.Label.accept(Lorg/objectweb/asm/MethodVisitor;Z)V @ 2
Event: 214.279 Thread 0x000000001a46c000 Uncommon trap: reason=class_check action=maybe_recompile pc=0x0000000004c186f4 method=org.objectweb.asm.ClassReader.readCode(Lorg/objectweb/asm/MethodVisitor;Lorg/objectweb/asm/Context;I)V @ 3299
Event: 214.290 Thread 0x000000001a46c000 Uncommon trap: reason=class_check action=maybe_recompile pc=0x0000000004b50848 method=org.objectweb.asm.Label.accept(Lorg/objectweb/asm/MethodVisitor;Z)V @ 2
Event: 214.290 Thread 0x000000001a46c000 Uncommon trap: reason=class_check action=maybe_recompile pc=0x0000000004c186f4 method=org.objectweb.asm.ClassReader.readCode(Lorg/objectweb/asm/MethodVisitor;Lorg/objectweb/asm/Context;I)V @ 3299
Event: 214.290 Thread 0x000000001a46c000 Uncommon trap: reason=class_check action=maybe_recompile pc=0x0000000004b50848 method=org.objectweb.asm.Label.accept(Lorg/objectweb/asm/MethodVisitor;Z)V @ 2
Event: 214.290 Thread 0x000000001a46c000 Uncommon trap: reason=class_check action=maybe_recompile pc=0x0000000004c1c094 method=org.objectweb.asm.ClassReader.readCode(Lorg/objectweb/asm/MethodVisitor;Lorg/objectweb/asm/Context;I)V @ 4259
Event: 214.290 Thread 0x000000001a46c000 Uncommon trap: reason=class_check action=maybe_recompile pc=0x0000000004b50848 method=org.objectweb.asm.Label.accept(Lorg/objectweb/asm/MethodVisitor;Z)V @ 2
Event: 214.290 Thread 0x000000001a46c000 Uncommon trap: reason=class_check action=maybe_recompile pc=0x0000000004c1c094 method=org.objectweb.asm.ClassReader.readCode(Lorg/objectweb/asm/MethodVisitor;Lorg/objectweb/asm/Context;I)V @ 4259
Event: 214.292 Thread 0x000000001a46c000 Uncommon trap: reason=unstable_if action=reinterpret pc=0x00000000043fc68c method=org.objectweb.asm.Type.getDescriptor()Ljava/lang/String; @ 6

Classes redefined (0 events):
No events

Internal exceptions (10 events):
Event: 211.474 Thread 0x000000001a46c000 Exception <a 'java/lang/ClassNotFoundException': org/gradle/api/tasks/testing/AbstractTestTaskCustomizer> (0x00000000dfb3d8f8) thrown at [C:\src\AOSP-openjdk-git\hotspot\src\share\vm\classfile\systemDictionary.cpp, line 210]
Event: 211.476 Thread 0x000000001a46c000 Exception <a 'java/lang/ClassNotFoundException': org/gradle/api/tasks/testing/TestCustomizer> (0x00000000dfb91208) thrown at [C:\src\AOSP-openjdk-git\hotspot\src\share\vm\classfile\systemDictionary.cpp, line 210]
Event: 211.490 Thread 0x000000001a46c000 Exception <a 'java/lang/ClassNotFoundException': com/android/build/gradle/tasks/factory/AndroidUnitTestCustomizer> (0x00000000dfc92860) thrown at [C:\src\AOSP-openjdk-git\hotspot\src\share\vm\classfile\systemDictionary.cpp, line 210]
Event: 211.492 Thread 0x000000001a46c000 Exception <a 'java/lang/ClassNotFoundException': com/android/build/gradle/tasks/factory/AndroidUnitTest_DecoratedCustomizer> (0x00000000dfcdab70) thrown at [C:\src\AOSP-openjdk-git\hotspot\src\share\vm\classfile\systemDictionary.cpp, line 210]
Event: 211.522 Thread 0x000000001a46c000 Exception <a 'java/lang/ClassNotFoundException': org/gradle/api/internal/tasks/DefaultSourceSetContainer_DecoratedBeanInfo> (0x00000000e002c048) thrown at [C:\src\AOSP-openjdk-git\hotspot\src\share\vm\classfile\systemDictionary.cpp, line 210]
Event: 211.523 Thread 0x000000001a46c000 Exception <a 'java/lang/ClassNotFoundException': org/gradle/api/internal/tasks/DefaultSourceSetContainerBeanInfo> (0x00000000e005b098) thrown at [C:\src\AOSP-openjdk-git\hotspot\src\share\vm\classfile\systemDictionary.cpp, line 210]
Event: 211.525 Thread 0x000000001a46c000 Exception <a 'java/lang/ClassNotFoundException': org/gradle/api/internal/tasks/DefaultSourceSetContainerCustomizer> (0x00000000e008ac20) thrown at [C:\src\AOSP-openjdk-git\hotspot\src\share\vm\classfile\systemDictionary.cpp, line 210]
Event: 211.528 Thread 0x000000001a46c000 Exception <a 'java/lang/ClassNotFoundException': org/gradle/api/internal/tasks/DefaultSourceSetContainer_DecoratedCustomizer> (0x00000000e00ce330) thrown at [C:\src\AOSP-openjdk-git\hotspot\src\share\vm\classfile\systemDictionary.cpp, line 210]
Event: 211.827 Thread 0x000000001a46c000 Exception <a 'java/lang/reflect/InvocationTargetException'> (0x00000000e0697270) thrown at [C:\src\AOSP-openjdk-git\hotspot\src\share\vm\runtime\reflection.cpp, line 1092]
Event: 214.131 Thread 0x000000001a46c000 Exception <a 'java/lang/NoSuchMethodError': java.lang.Object.lambda$negate$1(Ljava/lang/Object;)Z> (0x00000000e43a09b0) thrown at [C:\src\AOSP-openjdk-git\hotspot\src\share\vm\interpreter\linkResolver.cpp, line 620]

Events (10 events):
Event: 215.339 Executing VM operation: RevokeBias
Event: 215.339 Executing VM operation: RevokeBias done
Event: 215.339 Executing VM operation: RevokeBias
Event: 215.340 Executing VM operation: RevokeBias done
Event: 215.340 Executing VM operation: RevokeBias
Event: 215.341 Executing VM operation: RevokeBias done
Event: 215.341 Executing VM operation: RevokeBias
Event: 215.341 Executing VM operation: RevokeBias done
Event: 215.341 Executing VM operation: BulkRevokeBias
Event: 215.345 Executing VM operation: BulkRevokeBias done


Dynamic libraries:
0x00007ff6ea920000 - 0x00007ff6ea951000 	Z:\Android Studio\jre\bin\java.exe
0x00007ffd4b8f0000 - 0x00007ffd4bae6000 	C:\Windows\SYSTEM32\ntdll.dll
0x00007ffd4b6c0000 - 0x00007ffd4b77d000 	C:\Windows\System32\KERNEL32.DLL
0x00007ffd49350000 - 0x00007ffd49619000 	C:\Windows\System32\KERNELBASE.dll
0x00007ffd49950000 - 0x00007ffd499fc000 	C:\Windows\System32\ADVAPI32.dll
0x00007ffd49a00000 - 0x00007ffd49a9e000 	C:\Windows\System32\msvcrt.dll
0x00007ffd4a2f0000 - 0x00007ffd4a38c000 	C:\Windows\System32\sechost.dll
0x00007ffd4b780000 - 0x00007ffd4b8ab000 	C:\Windows\System32\RPCRT4.dll
0x00007ffd4abd0000 - 0x00007ffd4ad70000 	C:\Windows\System32\USER32.dll
0x00007ffd49080000 - 0x00007ffd490a2000 	C:\Windows\System32\win32u.dll
0x00007ffd4a2c0000 - 0x00007ffd4a2ea000 	C:\Windows\System32\GDI32.dll
0x00007ffd49190000 - 0x00007ffd49299000 	C:\Windows\System32\gdi32full.dll
0x00007ffd49620000 - 0x00007ffd496bd000 	C:\Windows\System32\msvcp_win.dll
0x00007ffd496f0000 - 0x00007ffd497f0000 	C:\Windows\System32\ucrtbase.dll
0x00007ffd345f0000 - 0x00007ffd3488b000 	C:\Windows\WinSxS\amd64_microsoft.windows.common-controls_6595b64144ccf1df_6.0.19041.488_none_ca04af081b815d21\COMCTL32.dll
0x00007ffd4aa80000 - 0x00007ffd4aab0000 	C:\Windows\System32\IMM32.DLL
0x0000000057150000 - 0x0000000057222000 	Z:\Android Studio\jre\jre\bin\msvcr100.dll
0x0000000057310000 - 0x0000000057b5b000 	Z:\Android Studio\jre\jre\bin\server\jvm.dll
0x00007ffd4a620000 - 0x00007ffd4a628000 	C:\Windows\System32\PSAPI.DLL
0x00007ffd3f430000 - 0x00007ffd3f43a000 	C:\Windows\SYSTEM32\VERSION.dll
0x00007ffd34db0000 - 0x00007ffd34dd7000 	C:\Windows\SYSTEM32\WINMM.dll
0x00007ffd43f70000 - 0x00007ffd43f79000 	C:\Windows\SYSTEM32\WSOCK32.dll
0x00007ffd4a630000 - 0x00007ffd4a69b000 	C:\Windows\System32\WS2_32.dll
0x00007ffd438b0000 - 0x00007ffd438bf000 	Z:\Android Studio\jre\jre\bin\verify.dll
0x00007ffd40870000 - 0x00007ffd40899000 	Z:\Android Studio\jre\jre\bin\java.dll
0x00007ffd43390000 - 0x00007ffd433a6000 	Z:\Android Studio\jre\jre\bin\zip.dll
0x00007ffd4af50000 - 0x00007ffd4b692000 	C:\Windows\System32\SHELL32.dll
0x00007ffd47180000 - 0x00007ffd47915000 	C:\Windows\SYSTEM32\windows.storage.dll
0x00007ffd4a6a0000 - 0x00007ffd4a9f6000 	C:\Windows\System32\combase.dll
0x00007ffd489d0000 - 0x00007ffd489fc000 	C:\Windows\SYSTEM32\Wldp.dll
0x00007ffd4a210000 - 0x00007ffd4a2be000 	C:\Windows\System32\SHCORE.dll
0x00007ffd49b00000 - 0x00007ffd49b55000 	C:\Windows\System32\shlwapi.dll
0x00007ffd48f60000 - 0x00007ffd48f86000 	C:\Windows\SYSTEM32\profapi.dll
0x00007ffd42f30000 - 0x00007ffd42f4a000 	Z:\Android Studio\jre\jre\bin\net.dll
0x00007ffd48750000 - 0x00007ffd487ba000 	C:\Windows\system32\mswsock.dll
0x00007ffd42490000 - 0x00007ffd424a3000 	Z:\Android Studio\jre\jre\bin\nio.dll
0x00007ffd33b70000 - 0x00007ffd33b97000 	C:\Users\Chisster\.gradle\native\f6784746aeab05261644944871eae4fe03e0ef1612fff0a4a95f87b438bc6780\windows-amd64\native-platform.dll
0x00007ffd43680000 - 0x00007ffd4368d000 	Z:\Android Studio\jre\jre\bin\management.dll
0x00007ffd48930000 - 0x00007ffd48948000 	C:\Windows\SYSTEM32\CRYPTSP.dll
0x00007ffd480e0000 - 0x00007ffd48114000 	C:\Windows\system32\rsaenh.dll
0x00007ffd496c0000 - 0x00007ffd496e7000 	C:\Windows\System32\bcrypt.dll
0x00007ffd48f20000 - 0x00007ffd48f4e000 	C:\Windows\SYSTEM32\USERENV.dll
0x00007ffd490b0000 - 0x00007ffd49130000 	C:\Windows\System32\bcryptprimitives.dll
0x00007ffd48920000 - 0x00007ffd4892c000 	C:\Windows\SYSTEM32\CRYPTBASE.dll
0x00007ffd48440000 - 0x00007ffd4847b000 	C:\Windows\SYSTEM32\IPHLPAPI.DLL
0x00007ffd4aa70000 - 0x00007ffd4aa78000 	C:\Windows\System32\NSI.dll
0x00007ffd41180000 - 0x00007ffd41197000 	C:\Windows\SYSTEM32\dhcpcsvc6.DLL
0x00007ffd41330000 - 0x00007ffd4134d000 	C:\Windows\SYSTEM32\dhcpcsvc.DLL
0x00007ffd48480000 - 0x00007ffd4854b000 	C:\Windows\SYSTEM32\DNSAPI.dll
0x00007ffd42140000 - 0x00007ffd4214b000 	C:\Windows\SYSTEM32\WINNSI.DLL
0x00007ffd43c70000 - 0x00007ffd43c8e000 	C:\Users\Chisster\AppData\Local\Temp\native-platform7898556062496328293dir\native-platform.dll
0x00007ffd47d70000 - 0x00007ffd47da3000 	C:\Windows\SYSTEM32\ntmarta.dll

VM Arguments:
jvm_args: -Xmx2048m -Dfile.encoding=UTF-8 -Duser.country=RU -Duser.language=ru -Duser.variant 
java_command: org.gradle.launcher.daemon.bootstrap.GradleDaemon 6.5
java_class_path (initial): C:\Users\Chisster\.gradle\wrapper\dists\gradle-6.5-bin\6nifqtx7604sqp1q6g8wikw7p\gradle-6.5\lib\gradle-launcher-6.5.jar
Launcher Type: SUN_STANDARD

Environment Variables:
PATH=C:\ProgramData\Oracle\Java\javapath;C:\Windows\system32;C:\Windows;C:\Windows\System32\Wbem;C:\Windows\System32\WindowsPowerShell\v1.0\;C:\Windows\System32\OpenSSH\;C:\Program Files\Git\cmd;C:\Users\Chisster\AppData\Local\Microsoft\WindowsApps;
USERNAME=Chisster
OS=Windows_NT
PROCESSOR_IDENTIFIER=Intel64 Family 6 Model 69 Stepping 1, GenuineIntel



---------------  S Y S T E M  ---------------

OS: Windows 10.0 , 64 bit Build 19041 (10.0.19041.662)

CPU:total 4 (initial active 4) (2 cores per cpu, 2 threads per core) family 6 model 69 stepping 1, cmov, cx8, fxsr, mmx, sse, sse2, sse3, ssse3, sse4.1, sse4.2, popcnt, avx, avx2, aes, clmul, erms, lzcnt, ht, tsc, tscinvbit, bmi1, bmi2

Memory: 4k page, physical 8278296k(1289716k free), swap 11374872k(6080k free)

vm_info: OpenJDK 64-Bit Server VM (25.242-b01) for windows-amd64 JRE (1.8.0_242-release-1644-b01), built by "builder" with MS VC++ 10.0 (VS2010)

time: Tue Jan 05 03:06:20 2021
timezone: RTZ 2 (зима)
elapsed time: 215 seconds (0d 0h 3m 35s)

