#
# There is insufficient memory for the Java Runtime Environment to continue.
# Native memory allocation (malloc) failed to allocate 727856 bytes for Chunk::new
# Possible reasons:
#   The system is out of physical RAM or swap space
#   The process is running with CompressedOops enabled, and the Java Heap may be blocking the growth of the native heap
# Possible solutions:
#   Reduce memory load on the system
#   Increase physical memory or swap space
#   Check if swap backing store is full
#   Decrease Java heap size (-Xmx/-Xms)
#   Decrease number of Java threads
#   Decrease Java thread stack sizes (-Xss)
#   Set larger code cache with -XX:ReservedCodeCacheSize=
#   JVM is running with Unscaled Compressed Oops mode in which the Java heap is
#     placed in the first 4GB address space. The Java Heap base address is the
#     maximum limit for the native heap growth. Please use -XX:HeapBaseMinAddress
#     to set the Java Heap base and to place the Java Heap above 4GB virtual address.
# This output file may be truncated or incomplete.
#
#  Out of Memory Error (allocation.cpp:389), pid=4632, tid=0x0000000000001d98
#
# JRE version: OpenJDK Runtime Environment (8.0_242-b01) (build 1.8.0_242-release-1644-b01)
# Java VM: OpenJDK 64-Bit Server VM (25.242-b01 mixed mode windows-amd64 compressed oops)
# Failed to write core dump. Minidumps are not enabled by default on client versions of Windows
#

---------------  T H R E A D  ---------------

Current thread (0x0000000017a7e000):  JavaThread "C2 CompilerThread1" daemon [_thread_in_native, id=7576, stack(0x00000000191e0000,0x00000000192e0000)]

Stack: [0x00000000191e0000,0x00000000192e0000]
[error occurred during error reporting (printing stack bounds), id 0xc0000005]

Native frames: (J=compiled Java code, j=interpreted, Vv=VM code, C=native code)


Current CompileTask:
C2:   7061 3825       4       org.jetbrains.org.objectweb.asm.ClassReader::readElementValue (1237 bytes)


---------------  P R O C E S S  ---------------

Java Threads: ( => current thread )
  0x0000000017acd000 JavaThread "Service Thread" daemon [_thread_blocked, id=13100, stack(0x00000000197e0000,0x00000000198e0000)]
  0x0000000017a8a000 JavaThread "C1 CompilerThread2" daemon [_thread_in_native, id=12216, stack(0x00000000192e0000,0x00000000193e0000)]
=>0x0000000017a7e000 JavaThread "C2 CompilerThread1" daemon [_thread_in_native, id=7576, stack(0x00000000191e0000,0x00000000192e0000)]
  0x0000000017a76000 JavaThread "C2 CompilerThread0" daemon [_thread_in_native, id=8320, stack(0x00000000190e0000,0x00000000191e0000)]
  0x0000000017a74800 JavaThread "Attach Listener" daemon [_thread_blocked, id=12648, stack(0x0000000018fe0000,0x00000000190e0000)]
  0x0000000017a73000 JavaThread "Signal Dispatcher" daemon [_thread_blocked, id=12884, stack(0x0000000018ee0000,0x0000000018fe0000)]
  0x0000000017a59000 JavaThread "Finalizer" daemon [_thread_blocked, id=11028, stack(0x0000000018cd0000,0x0000000018dd0000)]
  0x0000000002f20800 JavaThread "Reference Handler" daemon [_thread_blocked, id=12896, stack(0x0000000018bd0000,0x0000000018cd0000)]
  0x0000000002e32800 JavaThread "main" [_thread_in_Java, id=12208, stack(0x0000000002cb0000,0x0000000002db0000)]

Other Threads:
  0x0000000017a37000 VMThread [stack: 0x0000000018ad0000,0x0000000018bd0000] [id=2604]
  0x0000000017ace000 WatcherThread [stack: 0x00000000198e0000,0x00000000199e0000] [id=10920]

VM state:not at safepoint (normal execution)

VM Mutex/Monitor currently owned by a thread: None

heap address: 0x0000000081a00000, size: 2022 MB, Compressed Oops mode: 32-bit
Narrow klass base: 0x0000000000000000, Narrow klass shift: 3
Compressed class space size: 1073741824 Address: 0x0000000100000000

Heap:
 PSYoungGen      total 69632K, used 34702K [0x00000000d5e00000, 0x00000000dbe00000, 0x0000000100000000)
  eden space 64512K, 45% used [0x00000000d5e00000,0x00000000d7ae6840,0x00000000d9d00000)
  from space 5120K, 99% used [0x00000000d9f00000,0x00000000da3fcff0,0x00000000da400000)
  to   space 16896K, 0% used [0x00000000dad80000,0x00000000dad80000,0x00000000dbe00000)
 ParOldGen       total 68096K, used 24822K [0x0000000081a00000, 0x0000000085c80000, 0x00000000d5e00000)
  object space 68096K, 36% used [0x0000000081a00000,0x000000008323dbc0,0x0000000085c80000)
 Metaspace       used 44450K, capacity 45106K, committed 45528K, reserved 1089536K
  class space    used 5598K, capacity 5787K, committed 5888K, reserved 1048576K

Card table byte_map: [0x00000000122f0000,0x00000000126f0000] byte_map_base: 0x0000000011ee3000

Marking Bits: (ParMarkBitMap*) 0x0000000057aff030
 Begin Bits: [0x0000000012da0000, 0x0000000014d38000)
 End Bits:   [0x0000000014d38000, 0x0000000016cd0000)

Polling page: 0x0000000000bf0000

CodeCache: size=245760Kb used=12530Kb max_used=12530Kb free=233229Kb
 bounds [0x0000000002f30000, 0x0000000003b80000, 0x0000000011f30000]
 total_blobs=4305 nmethods=3835 adapters=382
 compilation: enabled

Compilation events (10 events):
Event: 7.045 Thread 0x0000000017a8a000 nmethod 3888 0x0000000003b76610 code [0x0000000003b76760, 0x0000000003b76910]
Event: 7.045 Thread 0x0000000017a8a000 3834       1       org.jetbrains.kotlin.resolve.CompilerDeserializationConfiguration::getReportErrorsOnPreReleaseDependencies (5 bytes)
Event: 7.045 Thread 0x0000000017a8a000 nmethod 3834 0x0000000003b76990 code [0x0000000003b76ae0, 0x0000000003b76bf0]
Event: 7.045 Thread 0x0000000017a8a000 3835       1       org.jetbrains.kotlin.resolve.CompilerDeserializationConfiguration::getReportErrorsOnIrDependencies (5 bytes)
Event: 7.045 Thread 0x0000000017a8a000 nmethod 3835 0x0000000003b76c50 code [0x0000000003b76da0, 0x0000000003b76eb0]
Event: 7.045 Thread 0x0000000017a8a000 3832       1       org.jetbrains.kotlin.metadata.jvm.JvmProtoBuf$StringTableTypes::getLocalNameList (5 bytes)
Event: 7.045 Thread 0x0000000017a8a000 nmethod 3832 0x0000000003b76f10 code [0x0000000003b77060, 0x0000000003b77170]
Event: 7.045 Thread 0x0000000017a8a000 3833       1       org.jetbrains.kotlin.metadata.jvm.JvmProtoBuf$StringTableTypes::getRecordList (5 bytes)
Event: 7.045 Thread 0x0000000017a8a000 nmethod 3833 0x0000000003b771d0 code [0x0000000003b77320, 0x0000000003b77430]
Event: 7.046 Thread 0x0000000017a8a000 3890       3       org.jetbrains.kotlin.serialization.deserialization.descriptors.DeserializedMemberScope::<init> (897 bytes)

GC Heap History (10 events):
Event: 3.284 GC heap before
{Heap before GC invocations=5 (full 1):
 PSYoungGen      total 38400K, used 33280K [0x00000000d5e00000, 0x00000000da900000, 0x0000000100000000)
  eden space 33280K, 100% used [0x00000000d5e00000,0x00000000d7e80000,0x00000000d7e80000)
  from space 5120K, 0% used [0x00000000d7e80000,0x00000000d7e80000,0x00000000d8380000)
  to   space 5120K, 0% used [0x00000000da400000,0x00000000da400000,0x00000000da900000)
 ParOldGen       total 68096K, used 9394K [0x0000000081a00000, 0x0000000085c80000, 0x00000000d5e00000)
  object space 68096K, 13% used [0x0000000081a00000,0x000000008232c9b0,0x0000000085c80000)
 Metaspace       used 23899K, capacity 24436K, committed 24832K, reserved 1071104K
  class space    used 2824K, capacity 2963K, committed 3072K, reserved 1048576K
Event: 3.298 GC heap after
Heap after GC invocations=5 (full 1):
 PSYoungGen      total 52736K, used 5115K [0x00000000d5e00000, 0x00000000da900000, 0x0000000100000000)
  eden space 47616K, 0% used [0x00000000d5e00000,0x00000000d5e00000,0x00000000d8c80000)
  from space 5120K, 99% used [0x00000000da400000,0x00000000da8fee90,0x00000000da900000)
  to   space 5120K, 0% used [0x00000000d9f00000,0x00000000d9f00000,0x00000000da400000)
 ParOldGen       total 68096K, used 11298K [0x0000000081a00000, 0x0000000085c80000, 0x00000000d5e00000)
  object space 68096K, 16% used [0x0000000081a00000,0x0000000082508a30,0x0000000085c80000)
 Metaspace       used 23899K, capacity 24436K, committed 24832K, reserved 1071104K
  class space    used 2824K, capacity 2963K, committed 3072K, reserved 1048576K
}
Event: 4.503 GC heap before
{Heap before GC invocations=6 (full 1):
 PSYoungGen      total 52736K, used 52731K [0x00000000d5e00000, 0x00000000da900000, 0x0000000100000000)
  eden space 47616K, 100% used [0x00000000d5e00000,0x00000000d8c80000,0x00000000d8c80000)
  from space 5120K, 99% used [0x00000000da400000,0x00000000da8fee90,0x00000000da900000)
  to   space 5120K, 0% used [0x00000000d9f00000,0x00000000d9f00000,0x00000000da400000)
 ParOldGen       total 68096K, used 11298K [0x0000000081a00000, 0x0000000085c80000, 0x00000000d5e00000)
  object space 68096K, 16% used [0x0000000081a00000,0x0000000082508a30,0x0000000085c80000)
 Metaspace       used 32341K, capacity 32898K, committed 33152K, reserved 1079296K
  class space    used 4047K, capacity 4219K, committed 4224K, reserved 1048576K
Event: 4.525 GC heap after
Heap after GC invocations=6 (full 1):
 PSYoungGen      total 52736K, used 5091K [0x00000000d5e00000, 0x00000000da900000, 0x0000000100000000)
  eden space 47616K, 0% used [0x00000000d5e00000,0x00000000d5e00000,0x00000000d8c80000)
  from space 5120K, 99% used [0x00000000d9f00000,0x00000000da3f8c70,0x00000000da400000)
  to   space 5120K, 0% used [0x00000000da400000,0x00000000da400000,0x00000000da900000)
 ParOldGen       total 68096K, used 23670K [0x0000000081a00000, 0x0000000085c80000, 0x00000000d5e00000)
  object space 68096K, 34% used [0x0000000081a00000,0x000000008311db10,0x0000000085c80000)
 Metaspace       used 32341K, capacity 32898K, committed 33152K, reserved 1079296K
  class space    used 4047K, capacity 4219K, committed 4224K, reserved 1048576K
}
Event: 4.861 GC heap before
{Heap before GC invocations=7 (full 1):
 PSYoungGen      total 52736K, used 18156K [0x00000000d5e00000, 0x00000000da900000, 0x0000000100000000)
  eden space 47616K, 27% used [0x00000000d5e00000,0x00000000d6ac24a0,0x00000000d8c80000)
  from space 5120K, 99% used [0x00000000d9f00000,0x00000000da3f8c70,0x00000000da400000)
  to   space 5120K, 0% used [0x00000000da400000,0x00000000da400000,0x00000000da900000)
 ParOldGen       total 68096K, used 23670K [0x0000000081a00000, 0x0000000085c80000, 0x00000000d5e00000)
  object space 68096K, 34% used [0x0000000081a00000,0x000000008311db10,0x0000000085c80000)
 Metaspace       used 34559K, capacity 35026K, committed 35416K, reserved 1081344K
  class space    used 4343K, capacity 4479K, committed 4480K, reserved 1048576K
Event: 4.874 GC heap after
Heap after GC invocations=7 (full 1):
 PSYoungGen      total 52736K, used 5100K [0x00000000d5e00000, 0x00000000da900000, 0x0000000100000000)
  eden space 47616K, 0% used [0x00000000d5e00000,0x00000000d5e00000,0x00000000d8c80000)
  from space 5120K, 99% used [0x00000000da400000,0x00000000da8fb130,0x00000000da900000)
  to   space 5120K, 0% used [0x00000000d9f00000,0x00000000d9f00000,0x00000000da400000)
 ParOldGen       total 68096K, used 26718K [0x0000000081a00000, 0x0000000085c80000, 0x00000000d5e00000)
  object space 68096K, 39% used [0x0000000081a00000,0x00000000834178c8,0x0000000085c80000)
 Metaspace       used 34559K, capacity 35026K, committed 35416K, reserved 1081344K
  class space    used 4343K, capacity 4479K, committed 4480K, reserved 1048576K
}
Event: 4.874 GC heap before
{Heap before GC invocations=8 (full 2):
 PSYoungGen      total 52736K, used 5100K [0x00000000d5e00000, 0x00000000da900000, 0x0000000100000000)
  eden space 47616K, 0% used [0x00000000d5e00000,0x00000000d5e00000,0x00000000d8c80000)
  from space 5120K, 99% used [0x00000000da400000,0x00000000da8fb130,0x00000000da900000)
  to   space 5120K, 0% used [0x00000000d9f00000,0x00000000d9f00000,0x00000000da400000)
 ParOldGen       total 68096K, used 26718K [0x0000000081a00000, 0x0000000085c80000, 0x00000000d5e00000)
  object space 68096K, 39% used [0x0000000081a00000,0x00000000834178c8,0x0000000085c80000)
 Metaspace       used 34559K, capacity 35026K, committed 35416K, reserved 1081344K
  class space    used 4343K, capacity 4479K, committed 4480K, reserved 1048576K
Event: 4.993 GC heap after
Heap after GC invocations=8 (full 2):
 PSYoungGen      total 52736K, used 0K [0x00000000d5e00000, 0x00000000da900000, 0x0000000100000000)
  eden space 47616K, 0% used [0x00000000d5e00000,0x00000000d5e00000,0x00000000d8c80000)
  from space 5120K, 0% used [0x00000000da400000,0x00000000da400000,0x00000000da900000)
  to   space 5120K, 0% used [0x00000000d9f00000,0x00000000d9f00000,0x00000000da400000)
 ParOldGen       total 68096K, used 17388K [0x0000000081a00000, 0x0000000085c80000, 0x00000000d5e00000)
  object space 68096K, 25% used [0x0000000081a00000,0x0000000082afb180,0x0000000085c80000)
 Metaspace       used 34559K, capacity 35026K, committed 35416K, reserved 1081344K
  class space    used 4343K, capacity 4479K, committed 4480K, reserved 1048576K
}
Event: 6.581 GC heap before
{Heap before GC invocations=9 (full 2):
 PSYoungGen      total 52736K, used 47616K [0x00000000d5e00000, 0x00000000da900000, 0x0000000100000000)
  eden space 47616K, 100% used [0x00000000d5e00000,0x00000000d8c80000,0x00000000d8c80000)
  from space 5120K, 0% used [0x00000000da400000,0x00000000da400000,0x00000000da900000)
  to   space 5120K, 0% used [0x00000000d9f00000,0x00000000d9f00000,0x00000000da400000)
 ParOldGen       total 68096K, used 17388K [0x0000000081a00000, 0x0000000085c80000, 0x00000000d5e00000)
  object space 68096K, 25% used [0x0000000081a00000,0x0000000082afb180,0x0000000085c80000)
 Metaspace       used 41853K, capacity 42500K, committed 42840K, reserved 1087488K
  class space    used 5281K, capacity 5478K, committed 5504K, reserved 1048576K
Event: 6.598 GC heap after
Heap after GC invocations=9 (full 2):
 PSYoungGen      total 69632K, used 5107K [0x00000000d5e00000, 0x00000000dbe00000, 0x0000000100000000)
  eden space 64512K, 0% used [0x00000000d5e00000,0x00000000d5e00000,0x00000000d9d00000)
  from space 5120K, 99% used [0x00000000d9f00000,0x00000000da3fcff0,0x00000000da400000)
  to   space 16896K, 0% used [0x00000000dad80000,0x00000000dad80000,0x00000000dbe00000)
 ParOldGen       total 68096K, used 24822K [0x0000000081a00000, 0x0000000085c80000, 0x00000000d5e00000)
  object space 68096K, 36% used [0x0000000081a00000,0x000000008323dbc0,0x0000000085c80000)
 Metaspace       used 41853K, capacity 42500K, committed 42840K, reserved 1087488K
  class space    used 5281K, capacity 5478K, committed 5504K, reserved 1048576K
}

Deoptimization events (10 events):
Event: 6.285 Thread 0x0000000002e32800 Uncommon trap: reason=class_check action=maybe_recompile pc=0x000000000378f0f4 method=org.jetbrains.kotlin.com.intellij.psi.impl.source.tree.SharedImplUtil.findFileElement(Lorg/jetbrains/kotlin/com/intellij/lang/ASTNode;)Lorg/jetbrains/kotlin/com/intellij
Event: 6.285 Thread 0x0000000002e32800 Uncommon trap: reason=bimorphic action=maybe_recompile pc=0x000000000380186c method=org.jetbrains.kotlin.com.intellij.psi.impl.source.tree.SharedImplUtil.findFileElement(Lorg/jetbrains/kotlin/com/intellij/lang/ASTNode;)Lorg/jetbrains/kotlin/com/intellij/l
Event: 6.285 Thread 0x0000000002e32800 Uncommon trap: reason=bimorphic action=maybe_recompile pc=0x000000000380186c method=org.jetbrains.kotlin.com.intellij.psi.impl.source.tree.SharedImplUtil.findFileElement(Lorg/jetbrains/kotlin/com/intellij/lang/ASTNode;)Lorg/jetbrains/kotlin/com/intellij/l
Event: 6.285 Thread 0x0000000002e32800 Uncommon trap: reason=bimorphic action=maybe_recompile pc=0x000000000380186c method=org.jetbrains.kotlin.com.intellij.psi.impl.source.tree.SharedImplUtil.findFileElement(Lorg/jetbrains/kotlin/com/intellij/lang/ASTNode;)Lorg/jetbrains/kotlin/com/intellij/l
Event: 6.285 Thread 0x0000000002e32800 Uncommon trap: reason=bimorphic action=maybe_recompile pc=0x000000000380186c method=org.jetbrains.kotlin.com.intellij.psi.impl.source.tree.SharedImplUtil.findFileElement(Lorg/jetbrains/kotlin/com/intellij/lang/ASTNode;)Lorg/jetbrains/kotlin/com/intellij/l
Event: 6.722 Thread 0x0000000002e32800 Uncommon trap: reason=predicate action=maybe_recompile pc=0x0000000003945a84 method=java.util.regex.Pattern$Start.match(Ljava/util/regex/Matcher;ILjava/lang/CharSequence;)Z @ 37
Event: 6.723 Thread 0x0000000002e32800 Uncommon trap: reason=unstable_if action=reinterpret pc=0x00000000036879ac method=java.lang.AbstractStringBuilder.append(Ljava/lang/CharSequence;)Ljava/lang/AbstractStringBuilder; @ 29
Event: 6.764 Thread 0x0000000002e32800 Uncommon trap: reason=unstable_if action=reinterpret pc=0x0000000003ab6c00 method=org.jetbrains.kotlin.name.Name.hashCode()I @ 16
Event: 6.781 Thread 0x0000000002e32800 Uncommon trap: reason=unstable_if action=reinterpret pc=0x0000000003a8e958 method=org.jetbrains.kotlin.parsing.KotlinParserDefinition.createElement(Lorg/jetbrains/kotlin/com/intellij/lang/ASTNode;)Lorg/jetbrains/kotlin/com/intellij/psi/PsiElement; @ 25
Event: 6.788 Thread 0x0000000002e32800 Uncommon trap: reason=predicate action=maybe_recompile pc=0x00000000037f8bbc method=org.jetbrains.kotlin.com.intellij.util.text.CharArrayUtil.getChars(Ljava/lang/CharSequence;[CIII)V @ 210

Classes redefined (0 events):
No events

Internal exceptions (10 events):
Event: 2.492 Thread 0x0000000002e32800 Exception <a 'java/lang/NoSuchMethodError': java.lang.Object.lambda$static$0(I)[Lorg/jetbrains/kotlin/com/intellij/psi/PsiElement;> (0x00000000d5f6d790) thrown at [C:\src\AOSP-openjdk-git\hotspot\src\share\vm\interpreter\linkResolver.cpp, line 620]
Event: 3.912 Thread 0x0000000002e32800 Exception <a 'java/lang/ArrayIndexOutOfBoundsException': 126> (0x00000000d73ba248) thrown at [C:\src\AOSP-openjdk-git\hotspot\src\share\vm\interpreter\interpreterRuntime.cpp, line 368]
Event: 3.913 Thread 0x0000000002e32800 Exception <a 'java/lang/ArrayIndexOutOfBoundsException': 86> (0x00000000d73bb6d0) thrown at [C:\src\AOSP-openjdk-git\hotspot\src\share\vm\interpreter\interpreterRuntime.cpp, line 368]
Event: 5.065 Thread 0x0000000002e32800 Exception <a 'java/lang/NoSuchMethodError': java.lang.Object.lambda$static$0(I)[Lorg/jetbrains/kotlin/psi/KtExpression;> (0x00000000d5fbd1d8) thrown at [C:\src\AOSP-openjdk-git\hotspot\src\share\vm\interpreter\linkResolver.cpp, line 620]
Event: 6.203 Thread 0x0000000002e32800 Exception <a 'java/lang/NoSuchMethodError': java.lang.Object.lambda$static$0(I)[Lorg/jetbrains/kotlin/com/intellij/psi/PsiClass;> (0x00000000d7d00df8) thrown at [C:\src\AOSP-openjdk-git\hotspot\src\share\vm\interpreter\linkResolver.cpp, line 620]
Event: 6.231 Thread 0x0000000002e32800 Implicit null exception at 0x0000000003735f10 to 0x0000000003735fd5
Event: 6.258 Thread 0x0000000002e32800 Exception <a 'java/lang/NoSuchMethodError': java.lang.Object.lambda$static$0(I)[Lorg/jetbrains/kotlin/com/intellij/psi/PsiReference;> (0x00000000d7e768f0) thrown at [C:\src\AOSP-openjdk-git\hotspot\src\share\vm\interpreter\linkResolver.cpp, line 620]
Event: 6.275 Thread 0x0000000002e32800 Exception <a 'java/lang/NoSuchMethodError': java.lang.Object.lambda$static$0(I)[Lorg/jetbrains/kotlin/com/intellij/psi/PsiTypeElement;> (0x00000000d7ec9088) thrown at [C:\src\AOSP-openjdk-git\hotspot\src\share\vm\interpreter\linkResolver.cpp, line 620]
Event: 6.313 Thread 0x0000000002e32800 Exception <a 'java/lang/NoSuchMethodError': java.lang.Object.lambda$static$0(I)[Lorg/jetbrains/kotlin/com/intellij/psi/PsiTypeParameter;> (0x00000000d7fadf20) thrown at [C:\src\AOSP-openjdk-git\hotspot\src\share\vm\interpreter\linkResolver.cpp, line 620]
Event: 6.624 Thread 0x0000000002e32800 Exception <a 'java/lang/NoSuchMethodError': java.lang.Object.lambda$static$0(I)[Lorg/jetbrains/kotlin/psi/KtTypeElement;> (0x00000000d5ecf228) thrown at [C:\src\AOSP-openjdk-git\hotspot\src\share\vm\interpreter\linkResolver.cpp, line 620]

Events (10 events):
Event: 6.934 loading class org/jetbrains/kotlin/utils/FunctionsKt$ALWAYS_TRUE$1
Event: 6.934 loading class org/jetbrains/kotlin/utils/FunctionsKt$ALWAYS_TRUE$1 done
Event: 6.934 loading class org/jetbrains/kotlin/utils/FunctionsKt$ALWAYS_NULL$1
Event: 6.934 loading class org/jetbrains/kotlin/utils/FunctionsKt$ALWAYS_NULL$1 done
Event: 6.935 loading class org/jetbrains/kotlin/utils/FunctionsKt$DO_NOTHING$1
Event: 6.935 loading class org/jetbrains/kotlin/utils/FunctionsKt$DO_NOTHING$1 done
Event: 6.935 loading class org/jetbrains/kotlin/utils/FunctionsKt$DO_NOTHING_2$1
Event: 6.935 loading class org/jetbrains/kotlin/utils/FunctionsKt$DO_NOTHING_2$1 done
Event: 6.935 loading class org/jetbrains/kotlin/utils/FunctionsKt$DO_NOTHING_3$1
Event: 6.935 loading class org/jetbrains/kotlin/utils/FunctionsKt$DO_NOTHING_3$1 done


Dynamic libraries:
0x00007ff61a0f0000 - 0x00007ff61a121000 	Z:\Android Studio\jre\jre\bin\java.exe
0x00007ffd4b8f0000 - 0x00007ffd4bae6000 	C:\Windows\SYSTEM32\ntdll.dll
0x00007ffd4b6c0000 - 0x00007ffd4b77d000 	C:\Windows\System32\KERNEL32.DLL
0x00007ffd49350000 - 0x00007ffd49619000 	C:\Windows\System32\KERNELBASE.dll
0x00007ffd49950000 - 0x00007ffd499fc000 	C:\Windows\System32\ADVAPI32.dll
0x00007ffd49a00000 - 0x00007ffd49a9e000 	C:\Windows\System32\msvcrt.dll
0x00007ffd4a2f0000 - 0x00007ffd4a38c000 	C:\Windows\System32\sechost.dll
0x00007ffd4b780000 - 0x00007ffd4b8ab000 	C:\Windows\System32\RPCRT4.dll
0x00007ffd4abd0000 - 0x00007ffd4ad70000 	C:\Windows\System32\USER32.dll
0x00007ffd49080000 - 0x00007ffd490a2000 	C:\Windows\System32\win32u.dll
0x00007ffd4a2c0000 - 0x00007ffd4a2ea000 	C:\Windows\System32\GDI32.dll
0x00007ffd49190000 - 0x00007ffd49299000 	C:\Windows\System32\gdi32full.dll
0x00007ffd49620000 - 0x00007ffd496bd000 	C:\Windows\System32\msvcp_win.dll
0x00007ffd496f0000 - 0x00007ffd497f0000 	C:\Windows\System32\ucrtbase.dll
0x00007ffd345f0000 - 0x00007ffd3488b000 	C:\Windows\WinSxS\amd64_microsoft.windows.common-controls_6595b64144ccf1df_6.0.19041.488_none_ca04af081b815d21\COMCTL32.dll
0x00007ffd4aa80000 - 0x00007ffd4aab0000 	C:\Windows\System32\IMM32.DLL
0x0000000057250000 - 0x0000000057322000 	Z:\Android Studio\jre\jre\bin\msvcr100.dll
0x0000000057330000 - 0x0000000057b7b000 	Z:\Android Studio\jre\jre\bin\server\jvm.dll
0x00007ffd4a620000 - 0x00007ffd4a628000 	C:\Windows\System32\PSAPI.DLL
0x00007ffd34db0000 - 0x00007ffd34dd7000 	C:\Windows\SYSTEM32\WINMM.dll
0x00007ffd3f430000 - 0x00007ffd3f43a000 	C:\Windows\SYSTEM32\VERSION.dll
0x00007ffd46910000 - 0x00007ffd46919000 	C:\Windows\SYSTEM32\WSOCK32.dll
0x00007ffd4a630000 - 0x00007ffd4a69b000 	C:\Windows\System32\WS2_32.dll
0x00007ffd43fe0000 - 0x00007ffd43fef000 	Z:\Android Studio\jre\jre\bin\verify.dll
0x00007ffd43c50000 - 0x00007ffd43c79000 	Z:\Android Studio\jre\jre\bin\java.dll
0x00007ffd43f70000 - 0x00007ffd43f86000 	Z:\Android Studio\jre\jre\bin\zip.dll
0x00007ffd4af50000 - 0x00007ffd4b692000 	C:\Windows\System32\SHELL32.dll
0x00007ffd47180000 - 0x00007ffd47915000 	C:\Windows\SYSTEM32\windows.storage.dll
0x00007ffd4a6a0000 - 0x00007ffd4a9f6000 	C:\Windows\System32\combase.dll
0x00007ffd489d0000 - 0x00007ffd489fc000 	C:\Windows\SYSTEM32\Wldp.dll
0x00007ffd4a210000 - 0x00007ffd4a2be000 	C:\Windows\System32\SHCORE.dll
0x00007ffd49b00000 - 0x00007ffd49b55000 	C:\Windows\System32\shlwapi.dll
0x00007ffd48f60000 - 0x00007ffd48f86000 	C:\Windows\SYSTEM32\profapi.dll
0x00007ffd43c00000 - 0x00007ffd43c1a000 	Z:\Android Studio\jre\jre\bin\net.dll
0x00007ffd48750000 - 0x00007ffd487ba000 	C:\Windows\system32\mswsock.dll
0x00007ffd43b60000 - 0x00007ffd43b73000 	Z:\Android Studio\jre\jre\bin\nio.dll

VM Arguments:
java_command: org.jetbrains.kotlin.cli.jvm.K2JVMCompiler @Z:\MyApplication\app\build\20201228_774553492898546348.compiler.options
java_class_path (initial): C:\Users\Chisster\.gradle\caches\modules-2\files-2.1\org.jetbrains.kotlin\kotlin-compiler-embeddable\1.4.10\38c4b99d5d5362debdd9302a866730379aa2328a\kotlin-compiler-embeddable-1.4.10.jar;C:\Users\Chisster\.gradle\caches\modules-2\files-2.1\org.jetbrains.kotlin\kotlin-reflect\1.4.10\e2b3c6695eee6085e606d96d685396dce23a3a06\kotlin-reflect-1.4.10.jar;C:\Users\Chisster\.gradle\caches\modules-2\files-2.1\org.jetbrains.kotlin\kotlin-stdlib\1.4.10\ea29e063d2bbe695be13e9d044dcfb0c7add398e\kotlin-stdlib-1.4.10.jar;C:\Users\Chisster\.gradle\caches\modules-2\files-2.1\org.jetbrains.kotlin\kotlin-script-runtime\1.4.10\7c19d9c2001e016cd7664cebe9eea66fc04a7f4f\kotlin-script-runtime-1.4.10.jar;C:\Users\Chisster\.gradle\caches\modules-2\files-2.1\org.jetbrains.kotlin\kotlin-daemon-embeddable\1.4.10\dbd67f42bed28043d17d7c860b06110a00a45970\kotlin-daemon-embeddable-1.4.10.jar;C:\Users\Chisster\.gradle\caches\modules-2\files-2.1\org.jetbrains.intellij.deps\trove4j\1.0.20181211\216c2e14b070f334479d800987affe4054cd563f\trove4j-1.0.20181211.jar;C:\Users\Chisster\.gradle\caches\modules-2\files-2.1\org.jetbrains.kotlin\kotlin-stdlib-common\1.4.10\6229be3465805c99db1142ad75e6c6ddeac0b04c\kotlin-stdlib-common-1.4.10.jar;C:\Users\Chisster\.gradle\caches\modules-2\files-2.1\org.jetbrains\annotations\13.0\919f0dfe192fb4e063e7dacadee7f8bb9a2672a9\annotations-13.0.jar;Z:\Android Studio\jre\lib\tools.jar
Launcher Type: SUN_STANDARD

Environment Variables:
PATH=C:\Windows\system32;C:\Windows;C:\Windows\System32\Wbem;C:\Windows\System32\WindowsPowerShell\v1.0\;C:\Windows\System32\OpenSSH\;C:\Program Files\Git\cmd;C:\Users\Chisster\AppData\Local\Microsoft\WindowsApps;
USERNAME=Chisster
OS=Windows_NT
PROCESSOR_IDENTIFIER=Intel64 Family 6 Model 69 Stepping 1, GenuineIntel



---------------  S Y S T E M  ---------------

OS: Windows 10.0 , 64 bit Build 19041 (10.0.19041.662)

CPU:total 4 (initial active 4) (2 cores per cpu, 2 threads per core) family 6 model 69 stepping 1, cmov, cx8, fxsr, mmx, sse, sse2, sse3, ssse3, sse4.1, sse4.2, popcnt, avx, avx2, aes, clmul, erms, lzcnt, ht, tsc, tscinvbit, bmi1, bmi2

Memory: 4k page, physical 8278296k(998708k free), swap 11374872k(5212k free)

vm_info: OpenJDK 64-Bit Server VM (25.242-b01) for windows-amd64 JRE (1.8.0_242-release-1644-b01), built by "builder" with MS VC++ 10.0 (VS2010)

time: Mon Dec 28 13:47:53 2020
timezone: RTZ 2 (зима)
elapsed time: 7 seconds (0d 0h 0m 7s)

