#
# There is insufficient memory for the Java Runtime Environment to continue.
# Native memory allocation (malloc) failed to allocate 759824 bytes for Chunk::new
# Possible reasons:
#   The system is out of physical RAM or swap space
#   The process is running with CompressedOops enabled, and the Java Heap may be blocking the growth of the native heap
# Possible solutions:
#   Reduce memory load on the system
#   Increase physical memory or swap space
#   Check if swap backing store is full
#   Decrease Java heap size (-Xmx/-Xms)
#   Decrease number of Java threads
#   Decrease Java thread stack sizes (-Xss)
#   Set larger code cache with -XX:ReservedCodeCacheSize=
#   JVM is running with Unscaled Compressed Oops mode in which the Java heap is
#     placed in the first 4GB address space. The Java Heap base address is the
#     maximum limit for the native heap growth. Please use -XX:HeapBaseMinAddress
#     to set the Java Heap base and to place the Java Heap above 4GB virtual address.
# This output file may be truncated or incomplete.
#
#  Out of Memory Error (allocation.cpp:389), pid=13296, tid=0x0000000000001838
#
# JRE version: OpenJDK Runtime Environment (8.0_242-b01) (build 1.8.0_242-release-1644-b01)
# Java VM: OpenJDK 64-Bit Server VM (25.242-b01 mixed mode windows-amd64 compressed oops)
# Failed to write core dump. Minidumps are not enabled by default on client versions of Windows
#

---------------  T H R E A D  ---------------

Current thread (0x000000001761d000):  JavaThread "C2 CompilerThread1" daemon [_thread_in_native, id=6200, stack(0x0000000018d70000,0x0000000018e70000)]

Stack: [0x0000000018d70000,0x0000000018e70000]
[error occurred during error reporting (printing stack bounds), id 0xc0000005]

Native frames: (J=compiled Java code, j=interpreted, Vv=VM code, C=native code)


Current CompileTask:
C2:  30443 11377       4       sun.reflect.generics.parser.SignatureParser::parseFieldTypeSignature (73 bytes)


---------------  P R O C E S S  ---------------

Java Threads: ( => current thread )
  0x000000001f0e1800 JavaThread "Memory manager" [_thread_blocked, id=6604, stack(0x0000000023ed0000,0x0000000023fd0000)]
  0x000000001f0e2800 JavaThread "Cache worker for execution history cache (Z:\MyApplication\.gradle\6.5\executionHistory)" [_thread_blocked, id=9892, stack(0x000000002cb30000,0x000000002cc30000)]
  0x000000001f4ed800 JavaThread "jar transforms Thread 116" [_thread_blocked, id=6388, stack(0x000000002a120000,0x000000002a220000)]
  0x000000001f4f0000 JavaThread "jar transforms Thread 115" [_thread_blocked, id=8500, stack(0x000000002a020000,0x000000002a120000)]
  0x000000001f4ea800 JavaThread "jar transforms Thread 114" [_thread_blocked, id=3160, stack(0x0000000029f20000,0x000000002a020000)]
  0x000000001f4ea000 JavaThread "jar transforms Thread 113" [_thread_blocked, id=4628, stack(0x0000000029e20000,0x0000000029f20000)]
  0x000000001f4ef000 JavaThread "jar transforms Thread 112" [_thread_blocked, id=11176, stack(0x0000000029d20000,0x0000000029e20000)]
  0x000000001f4eb800 JavaThread "jar transforms Thread 111" [_thread_blocked, id=10588, stack(0x0000000029c20000,0x0000000029d20000)]
  0x000000001f4ed000 JavaThread "jar transforms Thread 110" [_thread_blocked, id=10596, stack(0x0000000029b20000,0x0000000029c20000)]
  0x000000001f4ee800 JavaThread "jar transforms Thread 109" [_thread_blocked, id=8588, stack(0x0000000029a20000,0x0000000029b20000)]
  0x000000001f4f0800 JavaThread "jar transforms Thread 108" [_thread_blocked, id=7548, stack(0x0000000029920000,0x0000000029a20000)]
  0x000000001f4ec000 JavaThread "jar transforms Thread 107" [_thread_blocked, id=5216, stack(0x0000000029820000,0x0000000029920000)]
  0x000000001f4e2000 JavaThread "jar transforms Thread 106" [_thread_blocked, id=9876, stack(0x0000000029720000,0x0000000029820000)]
  0x000000001f4e6000 JavaThread "jar transforms Thread 105" [_thread_blocked, id=5324, stack(0x0000000029620000,0x0000000029720000)]
  0x000000001f4e5000 JavaThread "jar transforms Thread 104" [_thread_blocked, id=5080, stack(0x0000000029520000,0x0000000029620000)]
  0x000000001f4e8000 JavaThread "jar transforms Thread 103" [_thread_blocked, id=4548, stack(0x0000000029420000,0x0000000029520000)]
  0x000000001f4e3800 JavaThread "jar transforms Thread 102" [_thread_blocked, id=4008, stack(0x0000000029320000,0x0000000029420000)]
  0x000000001f4e4800 JavaThread "jar transforms Thread 101" [_thread_blocked, id=10472, stack(0x0000000029220000,0x0000000029320000)]
  0x000000001f4e7800 JavaThread "jar transforms Thread 100" [_thread_blocked, id=4152, stack(0x0000000029120000,0x0000000029220000)]
  0x000000001f4e3000 JavaThread "jar transforms Thread 99" [_thread_blocked, id=6776, stack(0x0000000029020000,0x0000000029120000)]
  0x000000001f4e9000 JavaThread "jar transforms Thread 98" [_thread_blocked, id=11528, stack(0x0000000028f20000,0x0000000029020000)]
  0x000000001f4e6800 JavaThread "jar transforms Thread 97" [_thread_blocked, id=3172, stack(0x0000000028e20000,0x0000000028f20000)]
  0x000000001dce0800 JavaThread "jar transforms Thread 96" [_thread_blocked, id=2520, stack(0x0000000028d20000,0x0000000028e20000)]
  0x000000001dcdf000 JavaThread "jar transforms Thread 95" [_thread_blocked, id=9396, stack(0x0000000028c20000,0x0000000028d20000)]
  0x000000001dcde800 JavaThread "jar transforms Thread 94" [_thread_blocked, id=8252, stack(0x0000000023790000,0x0000000023890000)]
  0x000000001dcdd800 JavaThread "jar transforms Thread 93" [_thread_blocked, id=10868, stack(0x0000000028930000,0x0000000028a30000)]
  0x000000001dcdd000 JavaThread "jar transforms Thread 92" [_thread_blocked, id=1028, stack(0x0000000028830000,0x0000000028930000)]
  0x000000001dce0000 JavaThread "jar transforms Thread 91" [_thread_blocked, id=13248, stack(0x0000000028730000,0x0000000028830000)]
  0x000000001dce1800 JavaThread "jar transforms Thread 90" [_thread_blocked, id=12628, stack(0x0000000028630000,0x0000000028730000)]
  0x000000001dcd5800 JavaThread "jar transforms Thread 89" [_thread_blocked, id=1064, stack(0x0000000028530000,0x0000000028630000)]
  0x000000001dcdc000 JavaThread "jar transforms Thread 88" [_thread_blocked, id=9368, stack(0x0000000028430000,0x0000000028530000)]
  0x000000001dcd4800 JavaThread "jar transforms Thread 87" [_thread_blocked, id=5684, stack(0x0000000028330000,0x0000000028430000)]
  0x000000001dcdb800 JavaThread "jar transforms Thread 86" [_thread_blocked, id=6356, stack(0x0000000028230000,0x0000000028330000)]
  0x000000001dcda800 JavaThread "jar transforms Thread 85" [_thread_blocked, id=2268, stack(0x0000000028130000,0x0000000028230000)]
  0x000000001dcd7000 JavaThread "jar transforms Thread 84" [_thread_blocked, id=9804, stack(0x0000000028030000,0x0000000028130000)]
  0x000000001dcda000 JavaThread "jar transforms Thread 83" [_thread_blocked, id=13256, stack(0x0000000027f30000,0x0000000028030000)]
  0x000000001dcd9000 JavaThread "jar transforms Thread 82" [_thread_blocked, id=7508, stack(0x0000000027e30000,0x0000000027f30000)]
  0x000000001dcd4000 JavaThread "jar transforms Thread 81" [_thread_blocked, id=11336, stack(0x0000000027d30000,0x0000000027e30000)]
  0x000000001dcd8800 JavaThread "jar transforms Thread 80" [_thread_blocked, id=10720, stack(0x0000000027c30000,0x0000000027d30000)]
  0x000000001dcd7800 JavaThread "jar transforms Thread 79" [_thread_blocked, id=9604, stack(0x0000000027b30000,0x0000000027c30000)]
  0x000000001dcd3000 JavaThread "jar transforms Thread 78" [_thread_blocked, id=10592, stack(0x0000000027a30000,0x0000000027b30000)]
  0x000000001dcd2800 JavaThread "jar transforms Thread 77" [_thread_blocked, id=3640, stack(0x0000000027930000,0x0000000027a30000)]
  0x000000001dcd6000 JavaThread "jar transforms Thread 76" [_thread_blocked, id=1868, stack(0x0000000027830000,0x0000000027930000)]
  0x000000001d9a5000 JavaThread "jar transforms Thread 75" [_thread_blocked, id=2604, stack(0x0000000027730000,0x0000000027830000)]
  0x000000001d9a3800 JavaThread "jar transforms Thread 74" [_thread_blocked, id=2784, stack(0x0000000027630000,0x0000000027730000)]
  0x000000001d9a0000 JavaThread "jar transforms Thread 73" [_thread_blocked, id=8376, stack(0x0000000027530000,0x0000000027630000)]
  0x000000001d9a3000 JavaThread "jar transforms Thread 72" [_thread_blocked, id=4784, stack(0x0000000027430000,0x0000000027530000)]
  0x000000001d9a2000 JavaThread "jar transforms Thread 71" [_thread_blocked, id=8004, stack(0x0000000027330000,0x0000000027430000)]
  0x000000001d9a1800 JavaThread "jar transforms Thread 70" [_thread_blocked, id=7804, stack(0x0000000027230000,0x0000000027330000)]
  0x000000001d9a4800 JavaThread "jar transforms Thread 69" [_thread_blocked, id=8312, stack(0x0000000027130000,0x0000000027230000)]
  0x000000001d9a0800 JavaThread "jar transforms Thread 68" [_thread_blocked, id=6016, stack(0x0000000027030000,0x0000000027130000)]
  0x000000001d998800 JavaThread "jar transforms Thread 67" [_thread_blocked, id=9112, stack(0x0000000026f30000,0x0000000027030000)]
  0x000000001d99f000 JavaThread "jar transforms Thread 66" [_thread_blocked, id=5376, stack(0x0000000026e30000,0x0000000026f30000)]
  0x000000001d99d800 JavaThread "jar transforms Thread 65" [_thread_blocked, id=5952, stack(0x0000000026d30000,0x0000000026e30000)]
  0x000000001d99e800 JavaThread "jar transforms Thread 64" [_thread_blocked, id=4392, stack(0x0000000026c30000,0x0000000026d30000)]
  0x000000001d99c000 JavaThread "jar transforms Thread 63" [_thread_blocked, id=8416, stack(0x0000000026b30000,0x0000000026c30000)]
  0x000000001d99b800 JavaThread "jar transforms Thread 62" [_thread_blocked, id=9568, stack(0x0000000026a30000,0x0000000026b30000)]
  0x000000001d997800 JavaThread "jar transforms Thread 61" [_thread_blocked, id=12268, stack(0x0000000026930000,0x0000000026a30000)]
  0x000000001d996000 JavaThread "jar transforms Thread 60" [_thread_blocked, id=11844, stack(0x0000000026830000,0x0000000026930000)]
  0x000000001d99a800 JavaThread "jar transforms Thread 59" [_thread_blocked, id=9104, stack(0x0000000026730000,0x0000000026830000)]
  0x000000001d99d000 JavaThread "jar transforms Thread 58" [_thread_blocked, id=3480, stack(0x0000000026630000,0x0000000026730000)]
  0x000000001d99a000 JavaThread "jar transforms Thread 57" [_thread_blocked, id=9676, stack(0x0000000026530000,0x0000000026630000)]
  0x000000001d997000 JavaThread "jar transforms Thread 56" [_thread_blocked, id=4488, stack(0x0000000026430000,0x0000000026530000)]
  0x000000001d999000 JavaThread "jar transforms Thread 55" [_thread_blocked, id=12044, stack(0x0000000026330000,0x0000000026430000)]
  0x000000001ecec800 JavaThread "jar transforms Thread 54" [_thread_blocked, id=10468, stack(0x0000000026230000,0x0000000026330000)]
  0x000000001ece7800 JavaThread "jar transforms Thread 53" [_thread_blocked, id=5736, stack(0x0000000026130000,0x0000000026230000)]
  0x000000001ece6800 JavaThread "jar transforms Thread 52" [_thread_blocked, id=2452, stack(0x0000000026030000,0x0000000026130000)]
  0x000000001ecec000 JavaThread "jar transforms Thread 51" [_thread_blocked, id=10388, stack(0x0000000025f30000,0x0000000026030000)]
  0x000000001eceb000 JavaThread "jar transforms Thread 50" [_thread_blocked, id=12148, stack(0x0000000025e30000,0x0000000025f30000)]
  0x000000001ece9800 JavaThread "jar transforms Thread 49" [_thread_blocked, id=5660, stack(0x0000000025d30000,0x0000000025e30000)]
  0x000000001ece9000 JavaThread "jar transforms Thread 48" [_thread_blocked, id=10780, stack(0x0000000025c30000,0x0000000025d30000)]
  0x000000001ece6000 JavaThread "jar transforms Thread 47" [_thread_blocked, id=5040, stack(0x0000000025b30000,0x0000000025c30000)]
  0x000000001ece8000 JavaThread "jar transforms Thread 46" [_thread_blocked, id=1776, stack(0x0000000025a30000,0x0000000025b30000)]
  0x000000001ecea800 JavaThread "jar transforms Thread 45" [_thread_blocked, id=992, stack(0x0000000025930000,0x0000000025a30000)]
  0x000000001ecdf000 JavaThread "jar transforms Thread 44" [_thread_blocked, id=11852, stack(0x0000000025830000,0x0000000025930000)]
  0x000000001ece5000 JavaThread "jar transforms Thread 43" [_thread_blocked, id=10744, stack(0x0000000025730000,0x0000000025830000)]
  0x000000001ece1800 JavaThread "jar transforms Thread 42" [_thread_blocked, id=10280, stack(0x0000000025630000,0x0000000025730000)]
  0x000000001ecde800 JavaThread "jar transforms Thread 41" [_thread_blocked, id=3648, stack(0x0000000025530000,0x0000000025630000)]
  0x000000001ecdd800 JavaThread "jar transforms Thread 40" [_thread_blocked, id=11084, stack(0x0000000025430000,0x0000000025530000)]
  0x000000001ece0800 JavaThread "jar transforms Thread 39" [_thread_blocked, id=11028, stack(0x0000000025330000,0x0000000025430000)]
  0x000000001ece3800 JavaThread "jar transforms Thread 38" [_thread_blocked, id=2632, stack(0x0000000025230000,0x0000000025330000)]
  0x000000001ece3000 JavaThread "jar transforms Thread 37" [_thread_blocked, id=8784, stack(0x0000000025130000,0x0000000025230000)]
  0x000000001ece0000 JavaThread "jar transforms Thread 36" [_thread_blocked, id=6308, stack(0x0000000025030000,0x0000000025130000)]
  0x000000001ece2000 JavaThread "jar transforms Thread 35" [_thread_blocked, id=10152, stack(0x0000000024f30000,0x0000000025030000)]
  0x000000001ece4800 JavaThread "jar transforms Thread 34" [_thread_blocked, id=9072, stack(0x0000000024e30000,0x0000000024f30000)]
  0x000000001e3a0800 JavaThread "jar transforms Thread 33" [_thread_blocked, id=10320, stack(0x0000000024d30000,0x0000000024e30000)]
  0x000000001e3a0000 JavaThread "jar transforms Thread 32" [_thread_blocked, id=1356, stack(0x0000000024c30000,0x0000000024d30000)]
  0x000000001e3a3000 JavaThread "jar transforms Thread 31" [_thread_blocked, id=224, stack(0x0000000024b30000,0x0000000024c30000)]
  0x000000001e39f000 JavaThread "jar transforms Thread 30" [_thread_blocked, id=5348, stack(0x0000000024a30000,0x0000000024b30000)]
  0x000000001e39e800 JavaThread "jar transforms Thread 29" [_thread_blocked, id=4992, stack(0x0000000024930000,0x0000000024a30000)]
  0x000000001e3a2000 JavaThread "jar transforms Thread 28" [_thread_blocked, id=2512, stack(0x0000000024830000,0x0000000024930000)]
  0x000000001e3a1800 JavaThread "jar transforms Thread 27" [_thread_blocked, id=3196, stack(0x0000000024730000,0x0000000024830000)]
  0x000000001e39d800 JavaThread "jar transforms Thread 26" [_thread_blocked, id=7144, stack(0x0000000024630000,0x0000000024730000)]
  0x000000001e3a3800 JavaThread "jar transforms Thread 25" [_thread_blocked, id=13132, stack(0x0000000024530000,0x0000000024630000)]
  0x000000001e396000 JavaThread "jar transforms Thread 24" [_thread_blocked, id=5228, stack(0x0000000024430000,0x0000000024530000)]
  0x000000001e39d000 JavaThread "jar transforms Thread 23" [_thread_blocked, id=4272, stack(0x0000000024330000,0x0000000024430000)]
  0x000000001e39c000 JavaThread "jar transforms Thread 22" [_thread_blocked, id=3668, stack(0x0000000024230000,0x0000000024330000)]
  0x000000001e394800 JavaThread "jar transforms Thread 21" [_thread_blocked, id=9984, stack(0x0000000023980000,0x0000000023a80000)]
  0x000000001e39a000 JavaThread "Build operations Thread 4" [_thread_blocked, id=7660, stack(0x0000000023dd0000,0x0000000023ed0000)]
  0x000000001e398800 JavaThread "Build operations Thread 3" [_thread_blocked, id=12560, stack(0x0000000023cd0000,0x0000000023dd0000)]
  0x000000001e39a800 JavaThread "Build operations Thread 2" [_thread_blocked, id=5620, stack(0x0000000023bd0000,0x0000000023cd0000)]
  0x000000001e397000 JavaThread "Build operations" [_thread_blocked, id=7256, stack(0x0000000023ad0000,0x0000000023bd0000)]
  0x000000001e395800 JavaThread "Cache worker for Build Output Cleanup Cache (Z:\MyApplication\.gradle\buildOutputCleanup)" [_thread_blocked, id=6804, stack(0x0000000022e70000,0x0000000022f70000)]
  0x00000000198e5000 JavaThread "Cache worker for file content cache (C:\Users\Chisster\.gradle\caches\6.5\fileContent)" [_thread_blocked, id=6796, stack(0x0000000022d70000,0x0000000022e70000)]
  0x00000000198e3000 JavaThread "Cache worker for execution history cache (C:\Users\Chisster\.gradle\caches\6.5\executionHistory)" [_thread_blocked, id=10400, stack(0x0000000022870000,0x0000000022970000)]
  0x00000000198e0800 JavaThread "Cache worker for cache directory md-rule (C:\Users\Chisster\.gradle\caches\6.5\md-rule)" [_thread_blocked, id=1248, stack(0x0000000022570000,0x0000000022670000)]
  0x00000000198e4800 JavaThread "Cache worker for cache directory md-supplier (C:\Users\Chisster\.gradle\caches\6.5\md-supplier)" [_thread_blocked, id=7064, stack(0x0000000022470000,0x0000000022570000)]
  0x00000000198e2000 JavaThread "Cache worker for checksums cache (Z:\MyApplication\.gradle\checksums)" [_thread_blocked, id=10844, stack(0x0000000022370000,0x0000000022470000)]
  0x00000000198dd800 JavaThread "jar transforms Thread 20" [_thread_blocked, id=9700, stack(0x0000000021f70000,0x0000000022070000)]
  0x00000000198e3800 JavaThread "jar transforms Thread 19" [_thread_blocked, id=13040, stack(0x0000000021e70000,0x0000000021f70000)]
  0x00000000198e1800 JavaThread "jar transforms Thread 18" [_thread_blocked, id=13264, stack(0x0000000021d70000,0x0000000021e70000)]
  0x00000000198d6000 JavaThread "jar transforms Thread 17" [_thread_blocked, id=10404, stack(0x0000000021c70000,0x0000000021d70000)]
  0x00000000198dd000 JavaThread "jar transforms Thread 16" [_thread_blocked, id=9968, stack(0x0000000021b70000,0x0000000021c70000)]
  0x00000000198dc000 JavaThread "jar transforms Thread 15" [_thread_blocked, id=9336, stack(0x0000000021a70000,0x0000000021b70000)]
  0x00000000198d9000 JavaThread "jar transforms Thread 14" [_thread_blocked, id=2528, stack(0x0000000021970000,0x0000000021a70000)]
  0x00000000198d7800 JavaThread "jar transforms Thread 13" [_thread_blocked, id=3792, stack(0x0000000021870000,0x0000000021970000)]
  0x00000000198d7000 JavaThread "jar transforms Thread 12" [_thread_blocked, id=1540, stack(0x0000000021770000,0x0000000021870000)]
  0x00000000198db800 JavaThread "jar transforms Thread 11" [_thread_blocked, id=6600, stack(0x0000000021670000,0x0000000021770000)]
  0x00000000198da800 JavaThread "jar transforms Thread 10" [_thread_blocked, id=4480, stack(0x0000000021570000,0x0000000021670000)]
  0x00000000198da000 JavaThread "jar transforms Thread 9" [_thread_blocked, id=2856, stack(0x0000000021470000,0x0000000021570000)]
  0x00000000198d8800 JavaThread "jar transforms Thread 8" [_thread_blocked, id=8068, stack(0x0000000021370000,0x0000000021470000)]
  0x000000001b250800 JavaThread "jar transforms Thread 7" [_thread_blocked, id=6648, stack(0x0000000021270000,0x0000000021370000)]
  0x000000001b24f800 JavaThread "jar transforms Thread 6" [_thread_blocked, id=4672, stack(0x0000000020e90000,0x0000000020f90000)]
  0x000000001b256800 JavaThread "jar transforms Thread 5" [_thread_blocked, id=7004, stack(0x000000001fb40000,0x000000001fc40000)]
  0x000000001b254000 JavaThread "jar transforms Thread 4" [_thread_blocked, id=12296, stack(0x000000001fa40000,0x000000001fb40000)]
  0x000000001b255800 JavaThread "jar transforms Thread 3" [_thread_blocked, id=9640, stack(0x000000001f940000,0x000000001fa40000)]
  0x000000001b251000 JavaThread "jar transforms Thread 2" [_thread_blocked, id=668, stack(0x0000000021170000,0x0000000021270000)]
  0x000000001b252000 JavaThread "jar transforms" [_thread_blocked, id=12664, stack(0x0000000021070000,0x0000000021170000)]
  0x000000001b253800 JavaThread "Cache worker for file hash cache (Z:\MyApplication\.gradle\6.5\fileHashes)" [_thread_blocked, id=10524, stack(0x000000001f840000,0x000000001f940000)]
  0x000000001b252800 JavaThread "Cache worker for file hash cache (C:\Users\Chisster\.gradle\caches\6.5\fileHashes)" [_thread_blocked, id=2100, stack(0x000000001d5a0000,0x000000001d6a0000)]
  0x000000001b255000 JavaThread "File lock request listener" [_thread_in_native, id=1884, stack(0x000000001d4a0000,0x000000001d5a0000)]
  0x000000001afe9000 JavaThread "Cache worker for journal cache (C:\Users\Chisster\.gradle\caches\journal-1)" [_thread_blocked, id=8072, stack(0x000000001d3a0000,0x000000001d4a0000)]
  0x0000000019852000 JavaThread "Thread-9" [_thread_blocked, id=3056, stack(0x000000001d0a0000,0x000000001d1a0000)]
  0x000000001984c800 JavaThread "Stdin handler" [_thread_blocked, id=7504, stack(0x000000001cfa0000,0x000000001d0a0000)]
  0x000000001b04e000 JavaThread "Asynchronous log dispatcher for DefaultDaemonConnection: socket connection from /127.0.0.1:56267 to /127.0.0.1:56268" [_thread_blocked, id=10364, stack(0x000000001cea0000,0x000000001cfa0000)]
  0x000000001b03a000 JavaThread "Daemon worker" [_thread_in_Java, id=6476, stack(0x000000001cda0000,0x000000001cea0000)]
  0x000000001afc1000 JavaThread "Cancel handler" [_thread_blocked, id=9996, stack(0x000000001cca0000,0x000000001cda0000)]
  0x000000001afa6000 JavaThread "Handler for socket connection from /127.0.0.1:56267 to /127.0.0.1:56268" [_thread_in_native, id=8120, stack(0x000000001c9a0000,0x000000001caa0000)]
  0x000000001af9a000 JavaThread "Daemon" [_thread_blocked, id=8536, stack(0x000000001c8a0000,0x000000001c9a0000)]
  0x000000001af87000 JavaThread "Daemon periodic checks" [_thread_blocked, id=7372, stack(0x000000001c7a0000,0x000000001c8a0000)]
  0x000000001af2e000 JavaThread "Incoming local TCP Connector on port 56267" [_thread_in_native, id=9412, stack(0x000000001c550000,0x000000001c650000)]
  0x0000000019026000 JavaThread "Daemon health stats" [_thread_blocked, id=12692, stack(0x000000001bf10000,0x000000001c010000)]
  0x000000001766d000 JavaThread "Service Thread" daemon [_thread_blocked, id=912, stack(0x0000000019370000,0x0000000019470000)]
  0x000000001762b000 JavaThread "C1 CompilerThread2" daemon [_thread_in_native, id=12996, stack(0x0000000018e70000,0x0000000018f70000)]
=>0x000000001761d000 JavaThread "C2 CompilerThread1" daemon [_thread_in_native, id=6200, stack(0x0000000018d70000,0x0000000018e70000)]
  0x0000000017616000 JavaThread "C2 CompilerThread0" daemon [_thread_in_native, id=4652, stack(0x0000000018c70000,0x0000000018d70000)]
  0x0000000017614000 JavaThread "Attach Listener" daemon [_thread_blocked, id=12152, stack(0x0000000018b70000,0x0000000018c70000)]
  0x0000000017612800 JavaThread "Signal Dispatcher" daemon [_thread_blocked, id=9184, stack(0x0000000018a70000,0x0000000018b70000)]
  0x00000000029ea800 JavaThread "Finalizer" daemon [_thread_blocked, id=8700, stack(0x0000000018860000,0x0000000018960000)]
  0x00000000175f9000 JavaThread "Reference Handler" daemon [_thread_blocked, id=392, stack(0x0000000018760000,0x0000000018860000)]
  0x00000000028f0800 JavaThread "main" [_thread_blocked, id=9936, stack(0x0000000002720000,0x0000000002820000)]

Other Threads:
  0x00000000175d6800 VMThread [stack: 0x0000000018660000,0x0000000018760000] [id=8772]
  0x000000001766e000 WatcherThread [stack: 0x0000000019470000,0x0000000019570000] [id=7696]

VM state:not at safepoint (normal execution)

VM Mutex/Monitor currently owned by a thread: None

heap address: 0x0000000080000000, size: 2048 MB, Compressed Oops mode: 32-bit
Narrow klass base: 0x0000000000000000, Narrow klass shift: 3
Compressed class space size: 1073741824 Address: 0x0000000100000000

Heap:
 PSYoungGen      total 284160K, used 148603K [0x00000000d5580000, 0x00000000eaa00000, 0x0000000100000000)
  eden space 247808K, 45% used [0x00000000d5580000,0x00000000dc322998,0x00000000e4780000)
  from space 36352K, 99% used [0x00000000e7280000,0x00000000e95fc5d0,0x00000000e9600000)
  to   space 44032K, 0% used [0x00000000e4780000,0x00000000e4780000,0x00000000e7280000)
 ParOldGen       total 153600K, used 49513K [0x0000000080000000, 0x0000000089600000, 0x00000000d5580000)
  object space 153600K, 32% used [0x0000000080000000,0x000000008305a518,0x0000000089600000)
 Metaspace       used 88576K, capacity 92928K, committed 93144K, reserved 1130496K
  class space    used 11904K, capacity 12783K, committed 12800K, reserved 1048576K

Card table byte_map: [0x0000000011db0000,0x00000000121c0000] byte_map_base: 0x00000000119b0000

Marking Bits: (ParMarkBitMap*) 0x0000000057adf030
 Begin Bits: [0x0000000012870000, 0x0000000014870000)
 End Bits:   [0x0000000014870000, 0x0000000016870000)

Polling page: 0x0000000002820000

CodeCache: size=245760Kb used=32708Kb max_used=32708Kb free=213051Kb
 bounds [0x00000000029f0000, 0x0000000004a10000, 0x00000000119f0000]
 total_blobs=11002 nmethods=10146 adapters=767
 compilation: enabled

Compilation events (10 events):
Event: 30.419 Thread 0x000000001762b000 nmethod 11515 0x00000000049f8d50 code [0x00000000049f8ea0, 0x00000000049f9110]
Event: 30.419 Thread 0x000000001762b000 11516       3       org.gradle.tooling.internal.adapter.ProtocolToModelAdapter$SupportedPropertyInvoker::invoke (154 bytes)
Event: 30.421 Thread 0x000000001762b000 nmethod 11516 0x00000000049f9210 code [0x00000000049f94a0, 0x00000000049fa5c8]
Event: 30.434 Thread 0x000000001762b000 11517       3       com.android.ide.gradle.model.artifacts.samples.SamplesVariantRule$Inject::getObjectFactory (31 bytes)
Event: 30.435 Thread 0x000000001762b000 nmethod 11517 0x00000000049fac90 code [0x00000000049fae40, 0x00000000049fb4f8]
Event: 30.435 Thread 0x000000001762b000 11518       3       org.gradle.internal.rules.NoInputsRuleAction::getInputTypes (4 bytes)
Event: 30.435 Thread 0x000000001762b000 nmethod 11518 0x00000000049fb6d0 code [0x00000000049fb840, 0x00000000049fb9f0]
Event: 30.440 Thread 0x000000001762b000 11519       3       org.gradle.api.internal.artifacts.ivyservice.modulecache.PersistentModuleMetadataCache$RevisionKeySerializer::write (10 bytes)
Event: 30.440 Thread 0x000000001762b000 nmethod 11519 0x00000000049fba90 code [0x00000000049fbc20, 0x00000000049fc018]
Event: 30.440 Thread 0x000000001762b000 11520       3       org.gradle.api.internal.artifacts.ivyservice.modulecache.PersistentModuleMetadataCache$RevisionKeySerializer::write (23 bytes)

GC Heap History (10 events):
Event: 14.584 GC heap before
{Heap before GC invocations=13 (full 3):
 PSYoungGen      total 196608K, used 16704K [0x00000000d5580000, 0x00000000e3980000, 0x0000000100000000)
  eden space 176640K, 0% used [0x00000000d5580000,0x00000000d5580000,0x00000000e0200000)
  from space 19968K, 83% used [0x00000000e1780000,0x00000000e27d0208,0x00000000e2b00000)
  to   space 22016K, 0% used [0x00000000e0200000,0x00000000e0200000,0x00000000e1780000)
 ParOldGen       total 106496K, used 29632K [0x0000000080000000, 0x0000000086800000, 0x00000000d5580000)
  object space 106496K, 27% used [0x0000000080000000,0x0000000081cf03e0,0x0000000086800000)
 Metaspace       used 56755K, capacity 58878K, committed 59028K, reserved 1099776K
  class space    used 7445K, capacity 7871K, committed 7936K, reserved 1048576K
Event: 14.905 GC heap after
Heap after GC invocations=13 (full 3):
 PSYoungGen      total 196608K, used 0K [0x00000000d5580000, 0x00000000e3980000, 0x0000000100000000)
  eden space 176640K, 0% used [0x00000000d5580000,0x00000000d5580000,0x00000000e0200000)
  from space 19968K, 0% used [0x00000000e1780000,0x00000000e1780000,0x00000000e2b00000)
  to   space 22016K, 0% used [0x00000000e0200000,0x00000000e0200000,0x00000000e1780000)
 ParOldGen       total 153600K, used 31018K [0x0000000080000000, 0x0000000089600000, 0x00000000d5580000)
  object space 153600K, 20% used [0x0000000080000000,0x0000000081e4a9c8,0x0000000089600000)
 Metaspace       used 56738K, capacity 58836K, committed 59028K, reserved 1099776K
  class space    used 7439K, capacity 7862K, committed 7936K, reserved 1048576K
}
Event: 18.503 GC heap before
{Heap before GC invocations=14 (full 3):
 PSYoungGen      total 196608K, used 176640K [0x00000000d5580000, 0x00000000e3980000, 0x0000000100000000)
  eden space 176640K, 100% used [0x00000000d5580000,0x00000000e0200000,0x00000000e0200000)
  from space 19968K, 0% used [0x00000000e1780000,0x00000000e1780000,0x00000000e2b00000)
  to   space 22016K, 0% used [0x00000000e0200000,0x00000000e0200000,0x00000000e1780000)
 ParOldGen       total 153600K, used 31018K [0x0000000080000000, 0x0000000089600000, 0x00000000d5580000)
  object space 153600K, 20% used [0x0000000080000000,0x0000000081e4a9c8,0x0000000089600000)
 Metaspace       used 67306K, capacity 70054K, committed 70232K, reserved 1110016K
  class space    used 9008K, capacity 9537K, committed 9600K, reserved 1048576K
Event: 18.560 GC heap after
Heap after GC invocations=14 (full 3):
 PSYoungGen      total 198656K, used 18796K [0x00000000d5580000, 0x00000000e5600000, 0x0000000100000000)
  eden space 176640K, 0% used [0x00000000d5580000,0x00000000d5580000,0x00000000e0200000)
  from space 22016K, 85% used [0x00000000e0200000,0x00000000e145b030,0x00000000e1780000)
  to   space 24064K, 0% used [0x00000000e3e80000,0x00000000e3e80000,0x00000000e5600000)
 ParOldGen       total 153600K, used 31026K [0x0000000080000000, 0x0000000089600000, 0x00000000d5580000)
  object space 153600K, 20% used [0x0000000080000000,0x0000000081e4c9c8,0x0000000089600000)
 Metaspace       used 67306K, capacity 70054K, committed 70232K, reserved 1110016K
  class space    used 9008K, capacity 9537K, committed 9600K, reserved 1048576K
}
Event: 22.526 GC heap before
{Heap before GC invocations=15 (full 3):
 PSYoungGen      total 198656K, used 195436K [0x00000000d5580000, 0x00000000e5600000, 0x0000000100000000)
  eden space 176640K, 100% used [0x00000000d5580000,0x00000000e0200000,0x00000000e0200000)
  from space 22016K, 85% used [0x00000000e0200000,0x00000000e145b030,0x00000000e1780000)
  to   space 24064K, 0% used [0x00000000e3e80000,0x00000000e3e80000,0x00000000e5600000)
 ParOldGen       total 153600K, used 31026K [0x0000000080000000, 0x0000000089600000, 0x00000000d5580000)
  object space 153600K, 20% used [0x0000000080000000,0x0000000081e4c9c8,0x0000000089600000)
 Metaspace       used 74941K, capacity 78404K, committed 78680K, reserved 1118208K
  class space    used 10114K, capacity 10799K, committed 10880K, reserved 1048576K
Event: 22.579 GC heap after
Heap after GC invocations=15 (full 3):
 PSYoungGen      total 235008K, used 24042K [0x00000000d5580000, 0x00000000e5b00000, 0x0000000100000000)
  eden space 210944K, 0% used [0x00000000d5580000,0x00000000d5580000,0x00000000e2380000)
  from space 24064K, 99% used [0x00000000e3e80000,0x00000000e55fa878,0x00000000e5600000)
  to   space 27648K, 0% used [0x00000000e2380000,0x00000000e2380000,0x00000000e3e80000)
 ParOldGen       total 153600K, used 31981K [0x0000000080000000, 0x0000000089600000, 0x00000000d5580000)
  object space 153600K, 20% used [0x0000000080000000,0x0000000081f3b488,0x0000000089600000)
 Metaspace       used 74941K, capacity 78404K, committed 78680K, reserved 1118208K
  class space    used 10114K, capacity 10799K, committed 10880K, reserved 1048576K
}
Event: 26.201 GC heap before
{Heap before GC invocations=16 (full 3):
 PSYoungGen      total 235008K, used 234986K [0x00000000d5580000, 0x00000000e5b00000, 0x0000000100000000)
  eden space 210944K, 100% used [0x00000000d5580000,0x00000000e2380000,0x00000000e2380000)
  from space 24064K, 99% used [0x00000000e3e80000,0x00000000e55fa878,0x00000000e5600000)
  to   space 27648K, 0% used [0x00000000e2380000,0x00000000e2380000,0x00000000e3e80000)
 ParOldGen       total 153600K, used 31981K [0x0000000080000000, 0x0000000089600000, 0x00000000d5580000)
  object space 153600K, 20% used [0x0000000080000000,0x0000000081f3b488,0x0000000089600000)
 Metaspace       used 84184K, capacity 88238K, committed 88408K, reserved 1126400K
  class space    used 11327K, capacity 12092K, committed 12160K, reserved 1048576K
Event: 26.282 GC heap after
Heap after GC invocations=16 (full 3):
 PSYoungGen      total 238592K, used 27617K [0x00000000d5580000, 0x00000000e9600000, 0x0000000100000000)
  eden space 210944K, 0% used [0x00000000d5580000,0x00000000d5580000,0x00000000e2380000)
  from space 27648K, 99% used [0x00000000e2380000,0x00000000e3e787b0,0x00000000e3e80000)
  to   space 36352K, 0% used [0x00000000e7280000,0x00000000e7280000,0x00000000e9600000)
 ParOldGen       total 153600K, used 43877K [0x0000000080000000, 0x0000000089600000, 0x00000000d5580000)
  object space 153600K, 28% used [0x0000000080000000,0x0000000082ad95d8,0x0000000089600000)
 Metaspace       used 84184K, capacity 88238K, committed 88408K, reserved 1126400K
  class space    used 11327K, capacity 12092K, committed 12160K, reserved 1048576K
}
Event: 28.871 GC heap before
{Heap before GC invocations=17 (full 3):
 PSYoungGen      total 238592K, used 238561K [0x00000000d5580000, 0x00000000e9600000, 0x0000000100000000)
  eden space 210944K, 100% used [0x00000000d5580000,0x00000000e2380000,0x00000000e2380000)
  from space 27648K, 99% used [0x00000000e2380000,0x00000000e3e787b0,0x00000000e3e80000)
  to   space 36352K, 0% used [0x00000000e7280000,0x00000000e7280000,0x00000000e9600000)
 ParOldGen       total 153600K, used 43877K [0x0000000080000000, 0x0000000089600000, 0x00000000d5580000)
  object space 153600K, 28% used [0x0000000080000000,0x0000000082ad95d8,0x0000000089600000)
 Metaspace       used 85393K, capacity 89440K, committed 89560K, reserved 1126400K
  class space    used 11434K, capacity 12253K, committed 12288K, reserved 1048576K
Event: 28.961 GC heap after
Heap after GC invocations=17 (full 3):
 PSYoungGen      total 284160K, used 36337K [0x00000000d5580000, 0x00000000eaa00000, 0x0000000100000000)
  eden space 247808K, 0% used [0x00000000d5580000,0x00000000d5580000,0x00000000e4780000)
  from space 36352K, 99% used [0x00000000e7280000,0x00000000e95fc5d0,0x00000000e9600000)
  to   space 44032K, 0% used [0x00000000e4780000,0x00000000e4780000,0x00000000e7280000)
 ParOldGen       total 153600K, used 49513K [0x0000000080000000, 0x0000000089600000, 0x00000000d5580000)
  object space 153600K, 32% used [0x0000000080000000,0x000000008305a518,0x0000000089600000)
 Metaspace       used 85393K, capacity 89440K, committed 89560K, reserved 1126400K
  class space    used 11434K, capacity 12253K, committed 12288K, reserved 1048576K
}

Deoptimization events (10 events):
Event: 29.803 Thread 0x000000001b03a000 Uncommon trap: reason=class_check action=maybe_recompile pc=0x0000000003c8a65c method=java.util.Collections$SetFromMap.add(Ljava/lang/Object;)Z @ 8
Event: 30.085 Thread 0x000000001b03a000 Uncommon trap: reason=unstable_if action=reinterpret pc=0x0000000003abc5e0 method=java.util.stream.AbstractPipeline.<init>(Ljava/util/stream/AbstractPipeline;I)V @ 69
Event: 30.272 Thread 0x000000001b03a000 Uncommon trap: reason=class_check action=maybe_recompile pc=0x0000000004561c40 method=org.gradle.internal.component.external.model.DefaultModuleComponentIdentifier.getGroup()Ljava/lang/String; @ 4
Event: 30.272 Thread 0x000000001b03a000 Uncommon trap: reason=class_check action=maybe_recompile pc=0x00000000044dcd80 method=org.gradle.internal.component.external.model.DefaultModuleComponentIdentifier.getModule()Ljava/lang/String; @ 4
Event: 30.272 Thread 0x000000001b03a000 Uncommon trap: reason=class_check action=maybe_recompile pc=0x0000000004561c40 method=org.gradle.internal.component.external.model.DefaultModuleComponentIdentifier.getGroup()Ljava/lang/String; @ 4
Event: 30.273 Thread 0x000000001b03a000 Uncommon trap: reason=class_check action=maybe_recompile pc=0x00000000044dcd80 method=org.gradle.internal.component.external.model.DefaultModuleComponentIdentifier.getModule()Ljava/lang/String; @ 4
Event: 30.280 Thread 0x000000001b03a000 Uncommon trap: reason=class_check action=maybe_recompile pc=0x0000000004561c40 method=org.gradle.internal.component.external.model.DefaultModuleComponentIdentifier.getGroup()Ljava/lang/String; @ 4
Event: 30.281 Thread 0x000000001b03a000 Uncommon trap: reason=class_check action=maybe_recompile pc=0x00000000044dcd80 method=org.gradle.internal.component.external.model.DefaultModuleComponentIdentifier.getModule()Ljava/lang/String; @ 4
Event: 30.281 Thread 0x000000001b03a000 Uncommon trap: reason=class_check action=maybe_recompile pc=0x0000000004561c40 method=org.gradle.internal.component.external.model.DefaultModuleComponentIdentifier.getGroup()Ljava/lang/String; @ 4
Event: 30.281 Thread 0x000000001b03a000 Uncommon trap: reason=class_check action=maybe_recompile pc=0x00000000044dcd80 method=org.gradle.internal.component.external.model.DefaultModuleComponentIdentifier.getModule()Ljava/lang/String; @ 4

Classes redefined (0 events):
No events

Internal exceptions (10 events):
Event: 25.216 Thread 0x000000001b03a000 Exception <a 'java/lang/ClassNotFoundException': org/gradle/api/internal/tasks/DefaultTaskContainer_DecoratedCustomizer> (0x00000000def2b608) thrown at [C:\src\AOSP-openjdk-git\hotspot\src\share\vm\classfile\systemDictionary.cpp, line 210]
Event: 25.232 Thread 0x000000001b03a000 Exception <a 'java/lang/ClassNotFoundException': java/lang/SystemBeanInfo> (0x00000000defcb540) thrown at [C:\src\AOSP-openjdk-git\hotspot\src\share\vm\classfile\systemDictionary.cpp, line 210]
Event: 25.232 Thread 0x000000001b03a000 Exception <a 'java/lang/ClassNotFoundException': java/lang/SystemCustomizer> (0x00000000defd3bf8) thrown at [C:\src\AOSP-openjdk-git\hotspot\src\share\vm\classfile\systemDictionary.cpp, line 210]
Event: 25.257 Thread 0x000000001b03a000 Exception <a 'java/lang/ClassNotFoundException': org/gradle/api/tasks/SourceSetBeanInfo> (0x00000000df0982a0) thrown at [C:\src\AOSP-openjdk-git\hotspot\src\share\vm\classfile\systemDictionary.cpp, line 210]
Event: 25.259 Thread 0x000000001b03a000 Exception <a 'java/lang/ClassNotFoundException': org/gradle/api/tasks/SourceSetCustomizer> (0x00000000df0bb200) thrown at [C:\src\AOSP-openjdk-git\hotspot\src\share\vm\classfile\systemDictionary.cpp, line 210]
Event: 25.261 Thread 0x000000001b03a000 Exception <a 'java/lang/ClassNotFoundException': java/util/LinkedHashMapBeanInfo> (0x00000000df132a40) thrown at [C:\src\AOSP-openjdk-git\hotspot\src\share\vm\classfile\systemDictionary.cpp, line 210]
Event: 25.262 Thread 0x000000001b03a000 Exception <a 'java/lang/ClassNotFoundException': java/util/LinkedHashMapCustomizer> (0x00000000df13c318) thrown at [C:\src\AOSP-openjdk-git\hotspot\src\share\vm\classfile\systemDictionary.cpp, line 210]
Event: 25.616 Thread 0x000000001b03a000 Exception <a 'java/lang/reflect/InvocationTargetException'> (0x00000000e00c5e78) thrown at [C:\src\AOSP-openjdk-git\hotspot\src\share\vm\runtime\reflection.cpp, line 1092]
Event: 26.972 Thread 0x000000001b03a000 Exception <a 'java/lang/NoSuchMethodError': java.lang.Object.lambda$negate$1(Ljava/lang/Object;)Z> (0x00000000d7389d48) thrown at [C:\src\AOSP-openjdk-git\hotspot\src\share\vm\interpreter\linkResolver.cpp, line 620]
Event: 27.039 Thread 0x000000001b03a000 Exception <a 'java/lang/NoSuchMethodError': java.lang.Object.lambda$static$0(Lorg/gradle/internal/snapshot/SnapshotHierarchy$DiffCapturingUpdateFunction;Lorg/gradle/internal/snapshot/SnapshotHierarchy;)Lorg/gradle/internal/snapshot/SnapshotHierarchy;> (0x

Events (10 events):
Event: 30.280 Thread 0x000000001b03a000 DEOPT UNPACKING pc=0x0000000002a3557b sp=0x000000001ce99550 mode 2
Event: 30.281 Thread 0x000000001b03a000 Uncommon trap: trap_request=0xffffffde fr.pc=0x00000000044dcd80
Event: 30.281 Thread 0x000000001b03a000 DEOPT PACKING pc=0x00000000044dcd80 sp=0x000000001ce995c0
Event: 30.281 Thread 0x000000001b03a000 DEOPT UNPACKING pc=0x0000000002a3557b sp=0x000000001ce99550 mode 2
Event: 30.281 Thread 0x000000001b03a000 Uncommon trap: trap_request=0xffffffde fr.pc=0x0000000004561c40
Event: 30.281 Thread 0x000000001b03a000 DEOPT PACKING pc=0x0000000004561c40 sp=0x000000001ce99b00
Event: 30.281 Thread 0x000000001b03a000 DEOPT UNPACKING pc=0x0000000002a3557b sp=0x000000001ce99a98 mode 2
Event: 30.281 Thread 0x000000001b03a000 Uncommon trap: trap_request=0xffffffde fr.pc=0x00000000044dcd80
Event: 30.281 Thread 0x000000001b03a000 DEOPT PACKING pc=0x00000000044dcd80 sp=0x000000001ce99b00
Event: 30.281 Thread 0x000000001b03a000 DEOPT UNPACKING pc=0x0000000002a3557b sp=0x000000001ce99a98 mode 2


Dynamic libraries:
0x00007ff6ea920000 - 0x00007ff6ea951000 	Z:\Android Studio\jre\bin\java.exe
0x00007ffd4b8f0000 - 0x00007ffd4bae6000 	C:\Windows\SYSTEM32\ntdll.dll
0x00007ffd4b6c0000 - 0x00007ffd4b77d000 	C:\Windows\System32\KERNEL32.DLL
0x00007ffd49350000 - 0x00007ffd49619000 	C:\Windows\System32\KERNELBASE.dll
0x00007ffd49950000 - 0x00007ffd499fc000 	C:\Windows\System32\ADVAPI32.dll
0x00007ffd49a00000 - 0x00007ffd49a9e000 	C:\Windows\System32\msvcrt.dll
0x00007ffd4a2f0000 - 0x00007ffd4a38c000 	C:\Windows\System32\sechost.dll
0x00007ffd4b780000 - 0x00007ffd4b8ab000 	C:\Windows\System32\RPCRT4.dll
0x00007ffd4abd0000 - 0x00007ffd4ad70000 	C:\Windows\System32\USER32.dll
0x00007ffd49080000 - 0x00007ffd490a2000 	C:\Windows\System32\win32u.dll
0x00007ffd4a2c0000 - 0x00007ffd4a2ea000 	C:\Windows\System32\GDI32.dll
0x00007ffd49190000 - 0x00007ffd49299000 	C:\Windows\System32\gdi32full.dll
0x00007ffd49620000 - 0x00007ffd496bd000 	C:\Windows\System32\msvcp_win.dll
0x00007ffd496f0000 - 0x00007ffd497f0000 	C:\Windows\System32\ucrtbase.dll
0x00007ffd345f0000 - 0x00007ffd3488b000 	C:\Windows\WinSxS\amd64_microsoft.windows.common-controls_6595b64144ccf1df_6.0.19041.488_none_ca04af081b815d21\COMCTL32.dll
0x00007ffd4aa80000 - 0x00007ffd4aab0000 	C:\Windows\System32\IMM32.DLL
0x0000000057150000 - 0x0000000057222000 	Z:\Android Studio\jre\jre\bin\msvcr100.dll
0x0000000057310000 - 0x0000000057b5b000 	Z:\Android Studio\jre\jre\bin\server\jvm.dll
0x00007ffd4a620000 - 0x00007ffd4a628000 	C:\Windows\System32\PSAPI.DLL
0x00007ffd34db0000 - 0x00007ffd34dd7000 	C:\Windows\SYSTEM32\WINMM.dll
0x00007ffd3f430000 - 0x00007ffd3f43a000 	C:\Windows\SYSTEM32\VERSION.dll
0x00007ffd43f70000 - 0x00007ffd43f79000 	C:\Windows\SYSTEM32\WSOCK32.dll
0x00007ffd4a630000 - 0x00007ffd4a69b000 	C:\Windows\System32\WS2_32.dll
0x00007ffd438b0000 - 0x00007ffd438bf000 	Z:\Android Studio\jre\jre\bin\verify.dll
0x00007ffd40870000 - 0x00007ffd40899000 	Z:\Android Studio\jre\jre\bin\java.dll
0x00007ffd43390000 - 0x00007ffd433a6000 	Z:\Android Studio\jre\jre\bin\zip.dll
0x00007ffd4af50000 - 0x00007ffd4b692000 	C:\Windows\System32\SHELL32.dll
0x00007ffd47180000 - 0x00007ffd47915000 	C:\Windows\SYSTEM32\windows.storage.dll
0x00007ffd4a6a0000 - 0x00007ffd4a9f6000 	C:\Windows\System32\combase.dll
0x00007ffd489d0000 - 0x00007ffd489fc000 	C:\Windows\SYSTEM32\Wldp.dll
0x00007ffd4a210000 - 0x00007ffd4a2be000 	C:\Windows\System32\SHCORE.dll
0x00007ffd49b00000 - 0x00007ffd49b55000 	C:\Windows\System32\shlwapi.dll
0x00007ffd48f60000 - 0x00007ffd48f86000 	C:\Windows\SYSTEM32\profapi.dll
0x00007ffd42f30000 - 0x00007ffd42f4a000 	Z:\Android Studio\jre\jre\bin\net.dll
0x00007ffd48750000 - 0x00007ffd487ba000 	C:\Windows\system32\mswsock.dll
0x00007ffd42490000 - 0x00007ffd424a3000 	Z:\Android Studio\jre\jre\bin\nio.dll
0x00007ffd33b70000 - 0x00007ffd33b97000 	C:\Users\Chisster\.gradle\native\f6784746aeab05261644944871eae4fe03e0ef1612fff0a4a95f87b438bc6780\windows-amd64\native-platform.dll
0x00007ffd43680000 - 0x00007ffd4368d000 	Z:\Android Studio\jre\jre\bin\management.dll
0x00007ffd48930000 - 0x00007ffd48948000 	C:\Windows\SYSTEM32\CRYPTSP.dll
0x00007ffd480e0000 - 0x00007ffd48114000 	C:\Windows\system32\rsaenh.dll
0x00007ffd496c0000 - 0x00007ffd496e7000 	C:\Windows\System32\bcrypt.dll
0x00007ffd48f20000 - 0x00007ffd48f4e000 	C:\Windows\SYSTEM32\USERENV.dll
0x00007ffd490b0000 - 0x00007ffd49130000 	C:\Windows\System32\bcryptprimitives.dll
0x00007ffd48920000 - 0x00007ffd4892c000 	C:\Windows\SYSTEM32\CRYPTBASE.dll
0x00007ffd48440000 - 0x00007ffd4847b000 	C:\Windows\SYSTEM32\IPHLPAPI.DLL
0x00007ffd4aa70000 - 0x00007ffd4aa78000 	C:\Windows\System32\NSI.dll
0x00007ffd41180000 - 0x00007ffd41197000 	C:\Windows\SYSTEM32\dhcpcsvc6.DLL
0x00007ffd41330000 - 0x00007ffd4134d000 	C:\Windows\SYSTEM32\dhcpcsvc.DLL
0x00007ffd48480000 - 0x00007ffd4854b000 	C:\Windows\SYSTEM32\DNSAPI.dll
0x00007ffd42140000 - 0x00007ffd4214b000 	C:\Windows\SYSTEM32\WINNSI.DLL

VM Arguments:
jvm_args: -Xmx2048m -Dfile.encoding=UTF-8 -Duser.country=RU -Duser.language=ru -Duser.variant 
java_command: org.gradle.launcher.daemon.bootstrap.GradleDaemon 6.5
java_class_path (initial): C:\Users\Chisster\.gradle\wrapper\dists\gradle-6.5-bin\6nifqtx7604sqp1q6g8wikw7p\gradle-6.5\lib\gradle-launcher-6.5.jar
Launcher Type: SUN_STANDARD

Environment Variables:
PATH=C:\ProgramData\Oracle\Java\javapath;C:\Windows\system32;C:\Windows;C:\Windows\System32\Wbem;C:\Windows\System32\WindowsPowerShell\v1.0\;C:\Windows\System32\OpenSSH\;C:\Program Files\Git\cmd;C:\Users\Chisster\AppData\Local\Microsoft\WindowsApps;
USERNAME=Chisster
OS=Windows_NT
PROCESSOR_IDENTIFIER=Intel64 Family 6 Model 69 Stepping 1, GenuineIntel



---------------  S Y S T E M  ---------------

OS: Windows 10.0 , 64 bit Build 19041 (10.0.19041.662)

CPU:total 4 (initial active 4) (2 cores per cpu, 2 threads per core) family 6 model 69 stepping 1, cmov, cx8, fxsr, mmx, sse, sse2, sse3, ssse3, sse4.1, sse4.2, popcnt, avx, avx2, aes, clmul, erms, lzcnt, ht, tsc, tscinvbit, bmi1, bmi2

Memory: 4k page, physical 8278296k(1445884k free), swap 11374872k(5312k free)

vm_info: OpenJDK 64-Bit Server VM (25.242-b01) for windows-amd64 JRE (1.8.0_242-release-1644-b01), built by "builder" with MS VC++ 10.0 (VS2010)

time: Tue Jan 05 03:07:15 2021
timezone: RTZ 2 (зима)
elapsed time: 30 seconds (0d 0h 0m 30s)

