#
# There is insufficient memory for the Java Runtime Environment to continue.
# Native memory allocation (malloc) failed to allocate 554656 bytes for Chunk::new
# Possible reasons:
#   The system is out of physical RAM or swap space
#   The process is running with CompressedOops enabled, and the Java Heap may be blocking the growth of the native heap
# Possible solutions:
#   Reduce memory load on the system
#   Increase physical memory or swap space
#   Check if swap backing store is full
#   Decrease Java heap size (-Xmx/-Xms)
#   Decrease number of Java threads
#   Decrease Java thread stack sizes (-Xss)
#   Set larger code cache with -XX:ReservedCodeCacheSize=
#   JVM is running with Unscaled Compressed Oops mode in which the Java heap is
#     placed in the first 4GB address space. The Java Heap base address is the
#     maximum limit for the native heap growth. Please use -XX:HeapBaseMinAddress
#     to set the Java Heap base and to place the Java Heap above 4GB virtual address.
# This output file may be truncated or incomplete.
#
#  Out of Memory Error (allocation.cpp:389), pid=6564, tid=0x0000000000001398
#
# JRE version: OpenJDK Runtime Environment (8.0_242-b01) (build 1.8.0_242-release-1644-b01)
# Java VM: OpenJDK 64-Bit Server VM (25.242-b01 mixed mode windows-amd64 compressed oops)
# Failed to write core dump. Minidumps are not enabled by default on client versions of Windows
#

---------------  T H R E A D  ---------------

Current thread (0x00000000173ca800):  JavaThread "C2 CompilerThread1" daemon [_thread_in_native, id=5016, stack(0x0000000018b20000,0x0000000018c20000)]

Stack: [0x0000000018b20000,0x0000000018c20000]
[error occurred during error reporting (printing stack bounds), id 0xc0000005]

Native frames: (J=compiled Java code, j=interpreted, Vv=VM code, C=native code)


Current CompileTask:
C2:  17525 5330   !   4       java.lang.reflect.Executable::sharedToGenericString (329 bytes)


---------------  P R O C E S S  ---------------

Java Threads: ( => current thread )
  0x000000001e2c2000 JavaThread "Cache worker for Build Output Cleanup Cache (Z:\MyApplication\.gradle\buildOutputCleanup)" [_thread_blocked, id=10088, stack(0x0000000029870000,0x0000000029970000)]
  0x00000000198c0000 JavaThread "jar transforms Thread 116" [_thread_blocked, id=12648, stack(0x0000000029570000,0x0000000029670000)]
  0x00000000198bf000 JavaThread "jar transforms Thread 115" [_thread_blocked, id=7112, stack(0x0000000029470000,0x0000000029570000)]
  0x00000000198be800 JavaThread "jar transforms Thread 114" [_thread_blocked, id=10488, stack(0x0000000029370000,0x0000000029470000)]
  0x00000000198c1800 JavaThread "jar transforms Thread 113" [_thread_blocked, id=4992, stack(0x0000000029270000,0x0000000029370000)]
  0x00000000198c0800 JavaThread "jar transforms Thread 112" [_thread_blocked, id=5876, stack(0x0000000029170000,0x0000000029270000)]
  0x00000000198bd800 JavaThread "jar transforms Thread 111" [_thread_blocked, id=10300, stack(0x0000000029070000,0x0000000029170000)]
  0x00000000198bd000 JavaThread "jar transforms Thread 110" [_thread_blocked, id=2180, stack(0x0000000028f70000,0x0000000029070000)]
  0x00000000198b7000 JavaThread "jar transforms Thread 109" [_thread_blocked, id=640, stack(0x0000000028e70000,0x0000000028f70000)]
  0x00000000198b5800 JavaThread "jar transforms Thread 108" [_thread_blocked, id=7044, stack(0x0000000028d70000,0x0000000028e70000)]
  0x00000000198bc000 JavaThread "jar transforms Thread 107" [_thread_blocked, id=10208, stack(0x0000000028c70000,0x0000000028d70000)]
  0x00000000198b4800 JavaThread "jar transforms Thread 106" [_thread_blocked, id=3680, stack(0x0000000028b70000,0x0000000028c70000)]
  0x00000000198b6000 JavaThread "jar transforms Thread 105" [_thread_blocked, id=5240, stack(0x0000000028a70000,0x0000000028b70000)]
  0x00000000198bb800 JavaThread "jar transforms Thread 104" [_thread_blocked, id=12748, stack(0x0000000028970000,0x0000000028a70000)]
  0x00000000198ba800 JavaThread "jar transforms Thread 103" [_thread_blocked, id=10284, stack(0x0000000028870000,0x0000000028970000)]
  0x00000000198b3000 JavaThread "jar transforms Thread 102" [_thread_blocked, id=6068, stack(0x0000000028770000,0x0000000028870000)]
  0x00000000198b4000 JavaThread "jar transforms Thread 101" [_thread_blocked, id=220, stack(0x0000000028670000,0x0000000028770000)]
  0x00000000198b9000 JavaThread "jar transforms Thread 100" [_thread_blocked, id=5964, stack(0x0000000028570000,0x0000000028670000)]
  0x00000000198b8800 JavaThread "jar transforms Thread 99" [_thread_blocked, id=9944, stack(0x0000000028470000,0x0000000028570000)]
  0x00000000198ba000 JavaThread "jar transforms Thread 98" [_thread_blocked, id=10556, stack(0x0000000028370000,0x0000000028470000)]
  0x00000000198b2800 JavaThread "jar transforms Thread 97" [_thread_blocked, id=10812, stack(0x0000000028270000,0x0000000028370000)]
  0x00000000198b7800 JavaThread "jar transforms Thread 96" [_thread_blocked, id=3336, stack(0x0000000028170000,0x0000000028270000)]
  0x000000001b30f800 JavaThread "jar transforms Thread 95" [_thread_blocked, id=12664, stack(0x0000000028070000,0x0000000028170000)]
  0x000000001b30e000 JavaThread "jar transforms Thread 94" [_thread_blocked, id=12672, stack(0x0000000027f70000,0x0000000028070000)]
  0x000000001b30d000 JavaThread "jar transforms Thread 93" [_thread_blocked, id=12056, stack(0x0000000027e70000,0x0000000027f70000)]
  0x000000001b30e800 JavaThread "jar transforms Thread 92" [_thread_blocked, id=7384, stack(0x0000000027d70000,0x0000000027e70000)]
  0x000000001b30c800 JavaThread "jar transforms Thread 91" [_thread_blocked, id=9808, stack(0x0000000027c70000,0x0000000027d70000)]
  0x000000001b30b800 JavaThread "jar transforms Thread 90" [_thread_blocked, id=10372, stack(0x0000000027b70000,0x0000000027c70000)]
  0x000000001b30b000 JavaThread "jar transforms Thread 89" [_thread_blocked, id=1460, stack(0x0000000027a70000,0x0000000027b70000)]
  0x000000001b30a000 JavaThread "jar transforms Thread 88" [_thread_blocked, id=10816, stack(0x0000000027970000,0x0000000027a70000)]
  0x000000001b302800 JavaThread "jar transforms Thread 87" [_thread_blocked, id=3192, stack(0x0000000027870000,0x0000000027970000)]
  0x000000001b309800 JavaThread "jar transforms Thread 86" [_thread_blocked, id=7352, stack(0x0000000027770000,0x0000000027870000)]
  0x000000001b308800 JavaThread "jar transforms Thread 85" [_thread_blocked, id=2964, stack(0x0000000027670000,0x0000000027770000)]
  0x000000001b301000 JavaThread "jar transforms Thread 84" [_thread_blocked, id=8576, stack(0x0000000027570000,0x0000000027670000)]
  0x000000001b305000 JavaThread "jar transforms Thread 83" [_thread_blocked, id=13136, stack(0x0000000027470000,0x0000000027570000)]
  0x000000001b303000 JavaThread "jar transforms Thread 82" [_thread_blocked, id=5616, stack(0x0000000027370000,0x0000000027470000)]
  0x000000001b308000 JavaThread "jar transforms Thread 81" [_thread_blocked, id=10612, stack(0x0000000027270000,0x0000000027370000)]
  0x000000001b301800 JavaThread "jar transforms Thread 80" [_thread_blocked, id=8880, stack(0x0000000027170000,0x0000000027270000)]
  0x000000001b300000 JavaThread "jar transforms Thread 79" [_thread_blocked, id=2748, stack(0x0000000027070000,0x0000000027170000)]
  0x000000001b307000 JavaThread "jar transforms Thread 78" [_thread_blocked, id=6148, stack(0x0000000026f70000,0x0000000027070000)]
  0x000000001b306800 JavaThread "jar transforms Thread 77" [_thread_blocked, id=9040, stack(0x0000000026e70000,0x0000000026f70000)]
  0x000000001b305800 JavaThread "jar transforms Thread 76" [_thread_blocked, id=10788, stack(0x0000000026d70000,0x0000000026e70000)]
  0x000000001b304000 JavaThread "jar transforms Thread 75" [_thread_blocked, id=11672, stack(0x0000000026c70000,0x0000000026d70000)]
  0x0000000019993800 JavaThread "jar transforms Thread 74" [_thread_blocked, id=11612, stack(0x0000000026b70000,0x0000000026c70000)]
  0x0000000019992800 JavaThread "jar transforms Thread 73" [_thread_blocked, id=10944, stack(0x0000000026a70000,0x0000000026b70000)]
  0x0000000019995800 JavaThread "jar transforms Thread 72" [_thread_blocked, id=1880, stack(0x0000000026970000,0x0000000026a70000)]
  0x0000000019992000 JavaThread "jar transforms Thread 71" [_thread_blocked, id=10112, stack(0x0000000026870000,0x0000000026970000)]
  0x0000000019991000 JavaThread "jar transforms Thread 70" [_thread_blocked, id=7560, stack(0x0000000026770000,0x0000000026870000)]
  0x0000000019994000 JavaThread "jar transforms Thread 69" [_thread_blocked, id=4916, stack(0x0000000026670000,0x0000000026770000)]
  0x0000000019995000 JavaThread "jar transforms Thread 68" [_thread_blocked, id=3004, stack(0x0000000026570000,0x0000000026670000)]
  0x0000000019989800 JavaThread "jar transforms Thread 67" [_thread_blocked, id=9192, stack(0x0000000026470000,0x0000000026570000)]
  0x000000001998b000 JavaThread "jar transforms Thread 66" [_thread_blocked, id=12792, stack(0x0000000026370000,0x0000000026470000)]
  0x000000001998f800 JavaThread "jar transforms Thread 65" [_thread_blocked, id=9608, stack(0x0000000026270000,0x0000000026370000)]
  0x000000001998f000 JavaThread "jar transforms Thread 64" [_thread_blocked, id=7252, stack(0x0000000026170000,0x0000000026270000)]
  0x000000001998e000 JavaThread "jar transforms Thread 63" [_thread_blocked, id=8852, stack(0x0000000026070000,0x0000000026170000)]
  0x0000000019990800 JavaThread "jar transforms Thread 62" [_thread_blocked, id=8224, stack(0x0000000025f70000,0x0000000026070000)]
  0x000000001998d800 JavaThread "jar transforms Thread 61" [_thread_blocked, id=3928, stack(0x0000000025e70000,0x0000000025f70000)]
  0x0000000019989000 JavaThread "jar transforms Thread 60" [_thread_blocked, id=12736, stack(0x0000000025d70000,0x0000000025e70000)]
  0x000000001998a800 JavaThread "jar transforms Thread 59" [_thread_blocked, id=7804, stack(0x0000000025c70000,0x0000000025d70000)]
  0x000000001998c800 JavaThread "jar transforms Thread 58" [_thread_blocked, id=11872, stack(0x0000000025b70000,0x0000000025c70000)]
  0x0000000019987800 JavaThread "jar transforms Thread 57" [_thread_blocked, id=11668, stack(0x0000000025a70000,0x0000000025b70000)]
  0x0000000019988000 JavaThread "jar transforms Thread 56" [_thread_blocked, id=2196, stack(0x0000000025970000,0x0000000025a70000)]
  0x0000000019986800 JavaThread "jar transforms Thread 55" [_thread_blocked, id=12676, stack(0x0000000025870000,0x0000000025970000)]
  0x000000001998c000 JavaThread "jar transforms Thread 54" [_thread_blocked, id=13116, stack(0x0000000025770000,0x0000000025870000)]
  0x000000001e511000 JavaThread "jar transforms Thread 53" [_thread_blocked, id=6228, stack(0x0000000025670000,0x0000000025770000)]
  0x000000001e50f800 JavaThread "jar transforms Thread 52" [_thread_blocked, id=12048, stack(0x0000000025570000,0x0000000025670000)]
  0x000000001e510800 JavaThread "jar transforms Thread 51" [_thread_blocked, id=8504, stack(0x0000000025470000,0x0000000025570000)]
  0x000000001e508000 JavaThread "jar transforms Thread 50" [_thread_blocked, id=5660, stack(0x0000000025370000,0x0000000025470000)]
  0x000000001e50f000 JavaThread "jar transforms Thread 49" [_thread_blocked, id=7752, stack(0x0000000025270000,0x0000000025370000)]
  0x000000001e507800 JavaThread "jar transforms Thread 48" [_thread_blocked, id=2700, stack(0x0000000025170000,0x0000000025270000)]
  0x000000001e50c000 JavaThread "jar transforms Thread 47" [_thread_blocked, id=3132, stack(0x0000000025070000,0x0000000025170000)]
  0x000000001e50b000 JavaThread "jar transforms Thread 46" [_thread_blocked, id=6632, stack(0x0000000024f70000,0x0000000025070000)]
  0x000000001e509800 JavaThread "jar transforms Thread 45" [_thread_blocked, id=5364, stack(0x0000000024e70000,0x0000000024f70000)]
  0x000000001e50d800 JavaThread "jar transforms Thread 44" [_thread_blocked, id=6760, stack(0x0000000024d70000,0x0000000024e70000)]
  0x000000001e50c800 JavaThread "jar transforms Thread 43" [_thread_blocked, id=9000, stack(0x0000000024c70000,0x0000000024d70000)]
  0x000000001e50a800 JavaThread "jar transforms Thread 42" [_thread_blocked, id=11184, stack(0x0000000024b70000,0x0000000024c70000)]
  0x000000001e50e000 JavaThread "jar transforms Thread 41" [_thread_blocked, id=7596, stack(0x0000000024a70000,0x0000000024b70000)]
  0x000000001e502000 JavaThread "jar transforms Thread 40" [_thread_blocked, id=12616, stack(0x0000000024970000,0x0000000024a70000)]
  0x000000001e506800 JavaThread "jar transforms Thread 39" [_thread_blocked, id=5092, stack(0x0000000024870000,0x0000000024970000)]
  0x000000001e506000 JavaThread "jar transforms Thread 38" [_thread_blocked, id=7260, stack(0x0000000024770000,0x0000000024870000)]
  0x000000001e509000 JavaThread "jar transforms Thread 37" [_thread_blocked, id=7568, stack(0x0000000024670000,0x0000000024770000)]
  0x000000001e505000 JavaThread "jar transforms Thread 36" [_thread_blocked, id=11260, stack(0x0000000024570000,0x0000000024670000)]
  0x000000001e503800 JavaThread "jar transforms Thread 35" [_thread_blocked, id=9784, stack(0x0000000024470000,0x0000000024570000)]
  0x000000001e503000 JavaThread "jar transforms Thread 34" [_thread_blocked, id=5820, stack(0x0000000024370000,0x0000000024470000)]
  0x000000001e504800 JavaThread "jar transforms Thread 33" [_thread_blocked, id=6480, stack(0x0000000024270000,0x0000000024370000)]
  0x000000001dcb7800 JavaThread "jar transforms Thread 32" [_thread_blocked, id=8728, stack(0x0000000024170000,0x0000000024270000)]
  0x000000001dcbe000 JavaThread "jar transforms Thread 31" [_thread_blocked, id=10920, stack(0x0000000024070000,0x0000000024170000)]
  0x000000001dcbd800 JavaThread "jar transforms Thread 30" [_thread_blocked, id=9332, stack(0x0000000023f70000,0x0000000024070000)]
  0x000000001dcbb000 JavaThread "jar transforms Thread 29" [_thread_blocked, id=5572, stack(0x0000000023e70000,0x0000000023f70000)]
  0x000000001dcb9800 JavaThread "jar transforms Thread 28" [_thread_blocked, id=9704, stack(0x0000000023d70000,0x0000000023e70000)]
  0x000000001dcb9000 JavaThread "jar transforms Thread 27" [_thread_blocked, id=11352, stack(0x0000000023c70000,0x0000000023d70000)]
  0x000000001dcbc800 JavaThread "jar transforms Thread 26" [_thread_blocked, id=11248, stack(0x0000000023b70000,0x0000000023c70000)]
  0x000000001dcb8000 JavaThread "jar transforms Thread 25" [_thread_blocked, id=4144, stack(0x0000000023a70000,0x0000000023b70000)]
  0x000000001dcba800 JavaThread "jar transforms Thread 24" [_thread_blocked, id=5336, stack(0x0000000023970000,0x0000000023a70000)]
  0x000000001dcbc000 JavaThread "jar transforms Thread 23" [_thread_blocked, id=1484, stack(0x0000000023870000,0x0000000023970000)]
  0x000000001dcb0000 JavaThread "jar transforms Thread 22" [_thread_blocked, id=12780, stack(0x0000000023770000,0x0000000023870000)]
  0x000000001dcb6800 JavaThread "jar transforms Thread 21" [_thread_blocked, id=11196, stack(0x0000000023670000,0x0000000023770000)]
  0x000000001dcb5000 JavaThread "jar transforms Thread 20" [_thread_blocked, id=12592, stack(0x0000000023570000,0x0000000023670000)]
  0x000000001dcb4800 JavaThread "jar transforms Thread 19" [_thread_blocked, id=12712, stack(0x0000000023470000,0x0000000023570000)]
  0x000000001dcb1800 JavaThread "jar transforms Thread 18" [_thread_blocked, id=8472, stack(0x0000000023370000,0x0000000023470000)]
  0x000000001dcb6000 JavaThread "jar transforms Thread 17" [_thread_blocked, id=10288, stack(0x0000000023270000,0x0000000023370000)]
  0x000000001dcaf000 JavaThread "jar transforms Thread 16" [_thread_blocked, id=8800, stack(0x0000000023170000,0x0000000023270000)]
  0x000000001dcb2000 JavaThread "jar transforms Thread 15" [_thread_blocked, id=3476, stack(0x0000000023070000,0x0000000023170000)]
  0x000000001dcb3800 JavaThread "jar transforms Thread 14" [_thread_blocked, id=8448, stack(0x0000000022f70000,0x0000000023070000)]
  0x000000001dcb0800 JavaThread "jar transforms Thread 13" [_thread_blocked, id=10528, stack(0x0000000022e70000,0x0000000022f70000)]
  0x000000001dcb3000 JavaThread "jar transforms Thread 12" [_thread_blocked, id=5588, stack(0x0000000022d70000,0x0000000022e70000)]
  0x000000001a195800 JavaThread "jar transforms Thread 11" [_thread_blocked, id=3644, stack(0x0000000022c70000,0x0000000022d70000)]
  0x000000001a194000 JavaThread "jar transforms Thread 10" [_thread_blocked, id=7840, stack(0x0000000022a70000,0x0000000022b70000)]
  0x000000001a194800 JavaThread "jar transforms Thread 9" [_thread_blocked, id=10344, stack(0x0000000022970000,0x0000000022a70000)]
  0x000000001a192800 JavaThread "jar transforms Thread 8" [_thread_blocked, id=4232, stack(0x0000000022870000,0x0000000022970000)]
  0x000000001a191800 JavaThread "jar transforms Thread 7" [_thread_blocked, id=8932, stack(0x0000000022770000,0x0000000022870000)]
  0x000000001a193000 JavaThread "jar transforms Thread 6" [_thread_blocked, id=2312, stack(0x0000000022670000,0x0000000022770000)]
  0x000000001a18a000 JavaThread "jar transforms Thread 5" [_thread_blocked, id=4708, stack(0x0000000022570000,0x0000000022670000)]
  0x000000001a191000 JavaThread "jar transforms Thread 4" [_thread_blocked, id=11488, stack(0x0000000022470000,0x0000000022570000)]
  0x000000001a18f800 JavaThread "jar transforms Thread 3" [_thread_blocked, id=8644, stack(0x0000000022370000,0x0000000022470000)]
  0x000000001a190000 JavaThread "jar transforms Thread 2" [_thread_blocked, id=7848, stack(0x0000000022270000,0x0000000022370000)]
  0x000000001a188000 JavaThread "Build operations Thread 4" [_thread_blocked, id=8100, stack(0x0000000022170000,0x0000000022270000)]
  0x000000001a18e800 JavaThread "Build operations Thread 3" [_thread_blocked, id=13244, stack(0x0000000022070000,0x0000000022170000)]
  0x000000001a187000 JavaThread "Build operations Thread 2" [_thread_blocked, id=9368, stack(0x0000000021f70000,0x0000000022070000)]
  0x000000001a18e000 JavaThread "Build operations" [_thread_blocked, id=13280, stack(0x0000000021c10000,0x0000000021d10000)]
  0x00000000173e0800 JavaThread "Cache worker for file content cache (C:\Users\Chisster\.gradle\caches\6.5\fileContent)" [_thread_blocked, id=1032, stack(0x0000000021710000,0x0000000021810000)]
  0x00000000173df800 JavaThread "jar transforms" [_thread_blocked, id=12588, stack(0x0000000021610000,0x0000000021710000)]
  0x00000000173df000 JavaThread "Cache worker for execution history cache (C:\Users\Chisster\.gradle\caches\6.5\executionHistory)" [_thread_blocked, id=8340, stack(0x0000000020f10000,0x0000000021010000)]
  0x00000000173de000 JavaThread "Cache worker for cache directory md-rule (C:\Users\Chisster\.gradle\caches\6.5\md-rule)" [_thread_blocked, id=8996, stack(0x0000000020e10000,0x0000000020f10000)]
  0x00000000173dd800 JavaThread "Cache worker for cache directory md-supplier (C:\Users\Chisster\.gradle\caches\6.5\md-supplier)" [_thread_blocked, id=11148, stack(0x000000001fc60000,0x000000001fd60000)]
  0x00000000173da800 JavaThread "Cache worker for checksums cache (Z:\MyApplication\.gradle\checksums)" [_thread_blocked, id=4960, stack(0x000000001f8f0000,0x000000001f9f0000)]
  0x00000000173dc800 JavaThread "Cache worker for file hash cache (Z:\MyApplication\.gradle\6.5\fileHashes)" [_thread_blocked, id=12740, stack(0x000000001f5f0000,0x000000001f6f0000)]
  0x00000000173db000 JavaThread "Cache worker for file hash cache (C:\Users\Chisster\.gradle\caches\6.5\fileHashes)" [_thread_blocked, id=10312, stack(0x000000001d350000,0x000000001d450000)]
  0x00000000173dc000 JavaThread "File lock request listener" [_thread_in_native, id=13092, stack(0x000000001d250000,0x000000001d350000)]
  0x000000001ae37800 JavaThread "Cache worker for journal cache (C:\Users\Chisster\.gradle\caches\journal-1)" [_thread_blocked, id=7696, stack(0x000000001d150000,0x000000001d250000)]
  0x0000000019433000 JavaThread "Thread-9" [_thread_blocked, id=11808, stack(0x000000001ce50000,0x000000001cf50000)]
  0x00000000193a1800 JavaThread "Stdin handler" [_thread_blocked, id=8984, stack(0x000000001cd50000,0x000000001ce50000)]
  0x000000001939c800 JavaThread "Asynchronous log dispatcher for DefaultDaemonConnection: socket connection from /127.0.0.1:65471 to /127.0.0.1:65472" [_thread_blocked, id=10564, stack(0x000000001cc50000,0x000000001cd50000)]
  0x000000001ad6c800 JavaThread "Daemon worker" [_thread_in_Java, id=12444, stack(0x000000001cb50000,0x000000001cc50000)]
  0x000000001ad43800 JavaThread "Cancel handler" [_thread_blocked, id=11740, stack(0x000000001ca50000,0x000000001cb50000)]
  0x000000001ad39800 JavaThread "Handler for socket connection from /127.0.0.1:65471 to /127.0.0.1:65472" [_thread_in_native, id=10388, stack(0x000000001c950000,0x000000001ca50000)]
  0x000000001acb6000 JavaThread "Daemon" [_thread_blocked, id=10620, stack(0x000000001c650000,0x000000001c750000)]
  0x000000001acb5000 JavaThread "Daemon periodic checks" [_thread_blocked, id=13168, stack(0x000000001c550000,0x000000001c650000)]
  0x000000001acb3800 JavaThread "Incoming local TCP Connector on port 65471" [_thread_in_native, id=7672, stack(0x000000001c300000,0x000000001c400000)]
  0x000000001936c800 JavaThread "Daemon health stats" [_thread_blocked, id=9600, stack(0x000000001bcc0000,0x000000001bdc0000)]
  0x0000000018d50800 JavaThread "Service Thread" daemon [_thread_blocked, id=6952, stack(0x0000000019120000,0x0000000019220000)]
  0x00000000173d9800 JavaThread "C1 CompilerThread2" daemon [_thread_blocked, id=11428, stack(0x0000000018c20000,0x0000000018d20000)]
=>0x00000000173ca800 JavaThread "C2 CompilerThread1" daemon [_thread_in_native, id=5016, stack(0x0000000018b20000,0x0000000018c20000)]
  0x00000000173c5800 JavaThread "C2 CompilerThread0" daemon [_thread_in_native, id=6512, stack(0x0000000018a20000,0x0000000018b20000)]
  0x00000000173c3800 JavaThread "Attach Listener" daemon [_thread_blocked, id=5108, stack(0x0000000018920000,0x0000000018a20000)]
  0x00000000173c2800 JavaThread "Signal Dispatcher" daemon [_thread_blocked, id=10328, stack(0x0000000018820000,0x0000000018920000)]
  0x0000000002799800 JavaThread "Finalizer" daemon [_thread_blocked, id=11508, stack(0x0000000018610000,0x0000000018710000)]
  0x0000000002791000 JavaThread "Reference Handler" daemon [_thread_blocked, id=10572, stack(0x0000000018510000,0x0000000018610000)]
  0x00000000026a0800 JavaThread "main" [_thread_blocked, id=12964, stack(0x00000000025a0000,0x00000000026a0000)]

Other Threads:
  0x0000000017386000 VMThread [stack: 0x0000000018410000,0x0000000018510000] [id=6092]
  0x0000000018d53000 WatcherThread [stack: 0x0000000019220000,0x0000000019320000] [id=10492]

VM state:not at safepoint (normal execution)

VM Mutex/Monitor currently owned by a thread: None

heap address: 0x0000000080000000, size: 2048 MB, Compressed Oops mode: 32-bit
Narrow klass base: 0x0000000000000000, Narrow klass shift: 3
Compressed class space size: 1073741824 Address: 0x0000000100000000

Heap:
 PSYoungGen      total 368640K, used 12112K [0x00000000d5580000, 0x00000000ed900000, 0x0000000100000000)
  eden space 351744K, 3% used [0x00000000d5580000,0x00000000d6154240,0x00000000ead00000)
  from space 16896K, 0% used [0x00000000ec400000,0x00000000ec400000,0x00000000ed480000)
  to   space 22528K, 0% used [0x00000000ead00000,0x00000000ead00000,0x00000000ec300000)
 ParOldGen       total 102912K, used 38472K [0x0000000080000000, 0x0000000086480000, 0x00000000d5580000)
  object space 102912K, 37% used [0x0000000080000000,0x00000000825923d8,0x0000000086480000)
 Metaspace       used 57498K, capacity 59686K, committed 59800K, reserved 1101824K
  class space    used 7814K, capacity 8250K, committed 8352K, reserved 1048576K

Card table byte_map: [0x0000000011b60000,0x0000000011f70000] byte_map_base: 0x0000000011760000

Marking Bits: (ParMarkBitMap*) 0x0000000057aff030
 Begin Bits: [0x0000000012620000, 0x0000000014620000)
 End Bits:   [0x0000000014620000, 0x0000000016620000)

Polling page: 0x0000000000cb0000

CodeCache: size=245760Kb used=16689Kb max_used=16922Kb free=229070Kb
 bounds [0x00000000027a0000, 0x0000000003840000, 0x00000000117a0000]
 total_blobs=5711 nmethods=4942 adapters=681
 compilation: enabled

Compilation events (10 events):
Event: 17.515 Thread 0x00000000173d9800 nmethod 5358 0x0000000002e5a6d0 code [0x0000000002e5a860, 0x0000000002e5ac78]
Event: 17.515 Thread 0x00000000173d9800 5359       3       org.jetbrains.kotlin.gradle.utils.StringUtilsKt$lowerCamelCaseName$1::invoke (11 bytes)
Event: 17.516 Thread 0x00000000173d9800 nmethod 5359 0x0000000002d27450 code [0x0000000002d275c0, 0x0000000002d27818]
Event: 17.516 Thread 0x00000000173d9800 5356       3       kotlin.collections.CollectionsKt__CollectionsKt::listOfNotNull (11 bytes)
Event: 17.517 Thread 0x00000000173d9800 nmethod 5356 0x0000000002e51a50 code [0x0000000002e51c20, 0x0000000002e52288]
Event: 17.520 Thread 0x00000000173d9800 5360       3       kotlin.collections.CollectionsKt___CollectionsKt::last (39 bytes)
Event: 17.520 Thread 0x00000000173d9800 nmethod 5360 0x0000000002c2f090 code [0x0000000002c2f260, 0x0000000002c2f8d8]
Event: 17.521 Thread 0x00000000173d9800 5361       3       org.gradle.api.internal.project.DefaultProject::getConfigurations (30 bytes)
Event: 17.522 Thread 0x00000000173d9800 nmethod 5361 0x0000000002a38b50 code [0x0000000002a38d00, 0x0000000002a394e8]
Event: 17.522 Thread 0x00000000173d9800 5362       3       org.jetbrains.kotlin.gradle.plugin.sources.DefaultKotlinSourceSetKt::disambiguateName (130 bytes)

GC Heap History (10 events):
Event: 9.103 GC heap before
{Heap before GC invocations=9 (full 1):
 PSYoungGen      total 144896K, used 41971K [0x00000000d5580000, 0x00000000e6580000, 0x0000000100000000)
  eden space 133120K, 22% used [0x00000000d5580000,0x00000000d72fdd80,0x00000000dd780000)
  from space 11776K, 99% used [0x00000000dd780000,0x00000000de2ff048,0x00000000de300000)
  to   space 15360K, 0% used [0x00000000e5680000,0x00000000e5680000,0x00000000e6580000)
 ParOldGen       total 50176K, used 9434K [0x0000000080000000, 0x0000000083100000, 0x00000000d5580000)
  object space 50176K, 18% used [0x0000000080000000,0x00000000809369e8,0x0000000083100000)
 Metaspace       used 34278K, capacity 35424K, committed 35496K, reserved 1079296K
  class space    used 4724K, capacity 5005K, committed 5040K, reserved 1048576K
Event: 9.132 GC heap after
Heap after GC invocations=9 (full 1):
 PSYoungGen      total 260096K, used 8750K [0x00000000d5580000, 0x00000000e6380000, 0x0000000100000000)
  eden space 246784K, 0% used [0x00000000d5580000,0x00000000d5580000,0x00000000e4680000)
  from space 13312K, 65% used [0x00000000e5680000,0x00000000e5f0ba28,0x00000000e6380000)
  to   space 14848K, 0% used [0x00000000e4680000,0x00000000e4680000,0x00000000e5500000)
 ParOldGen       total 50176K, used 9442K [0x0000000080000000, 0x0000000083100000, 0x00000000d5580000)
  object space 50176K, 18% used [0x0000000080000000,0x00000000809389e8,0x0000000083100000)
 Metaspace       used 34278K, capacity 35424K, committed 35496K, reserved 1079296K
  class space    used 4724K, capacity 5005K, committed 5040K, reserved 1048576K
}
Event: 9.132 GC heap before
{Heap before GC invocations=10 (full 2):
 PSYoungGen      total 260096K, used 8750K [0x00000000d5580000, 0x00000000e6380000, 0x0000000100000000)
  eden space 246784K, 0% used [0x00000000d5580000,0x00000000d5580000,0x00000000e4680000)
  from space 13312K, 65% used [0x00000000e5680000,0x00000000e5f0ba28,0x00000000e6380000)
  to   space 14848K, 0% used [0x00000000e4680000,0x00000000e4680000,0x00000000e5500000)
 ParOldGen       total 50176K, used 9442K [0x0000000080000000, 0x0000000083100000, 0x00000000d5580000)
  object space 50176K, 18% used [0x0000000080000000,0x00000000809389e8,0x0000000083100000)
 Metaspace       used 34278K, capacity 35424K, committed 35496K, reserved 1079296K
  class space    used 4724K, capacity 5005K, committed 5040K, reserved 1048576K
Event: 9.244 GC heap after
Heap after GC invocations=10 (full 2):
 PSYoungGen      total 260096K, used 0K [0x00000000d5580000, 0x00000000e6380000, 0x0000000100000000)
  eden space 246784K, 0% used [0x00000000d5580000,0x00000000d5580000,0x00000000e4680000)
  from space 13312K, 0% used [0x00000000e5680000,0x00000000e5680000,0x00000000e6380000)
  to   space 14848K, 0% used [0x00000000e4680000,0x00000000e4680000,0x00000000e5500000)
 ParOldGen       total 66560K, used 15154K [0x0000000080000000, 0x0000000084100000, 0x00000000d5580000)
  object space 66560K, 22% used [0x0000000080000000,0x0000000080eccbd0,0x0000000084100000)
 Metaspace       used 34278K, capacity 35424K, committed 35496K, reserved 1079296K
  class space    used 4724K, capacity 5005K, committed 5040K, reserved 1048576K
}
Event: 12.176 GC heap before
{Heap before GC invocations=11 (full 2):
 PSYoungGen      total 260096K, used 246784K [0x00000000d5580000, 0x00000000e6380000, 0x0000000100000000)
  eden space 246784K, 100% used [0x00000000d5580000,0x00000000e4680000,0x00000000e4680000)
  from space 13312K, 0% used [0x00000000e5680000,0x00000000e5680000,0x00000000e6380000)
  to   space 14848K, 0% used [0x00000000e4680000,0x00000000e4680000,0x00000000e5500000)
 ParOldGen       total 66560K, used 15154K [0x0000000080000000, 0x0000000084100000, 0x00000000d5580000)
  object space 66560K, 22% used [0x0000000080000000,0x0000000080eccbd0,0x0000000084100000)
 Metaspace       used 44616K, capacity 46352K, committed 46632K, reserved 1089536K
  class space    used 6053K, capacity 6384K, committed 6448K, reserved 1048576K
Event: 12.240 GC heap after
Heap after GC invocations=11 (full 2):
 PSYoungGen      total 261632K, used 14725K [0x00000000d5580000, 0x00000000ed480000, 0x0000000100000000)
  eden space 246784K, 0% used [0x00000000d5580000,0x00000000d5580000,0x00000000e4680000)
  from space 14848K, 99% used [0x00000000e4680000,0x00000000e54e1500,0x00000000e5500000)
  to   space 16896K, 0% used [0x00000000ec400000,0x00000000ec400000,0x00000000ed480000)
 ParOldGen       total 66560K, used 15162K [0x0000000080000000, 0x0000000084100000, 0x00000000d5580000)
  object space 66560K, 22% used [0x0000000080000000,0x0000000080ecebd0,0x0000000084100000)
 Metaspace       used 44616K, capacity 46352K, committed 46632K, reserved 1089536K
  class space    used 6053K, capacity 6384K, committed 6448K, reserved 1048576K
}
Event: 16.754 GC heap before
{Heap before GC invocations=12 (full 2):
 PSYoungGen      total 261632K, used 176710K [0x00000000d5580000, 0x00000000ed480000, 0x0000000100000000)
  eden space 246784K, 65% used [0x00000000d5580000,0x00000000df3b04a0,0x00000000e4680000)
  from space 14848K, 99% used [0x00000000e4680000,0x00000000e54e1500,0x00000000e5500000)
  to   space 16896K, 0% used [0x00000000ec400000,0x00000000ec400000,0x00000000ed480000)
 ParOldGen       total 66560K, used 15162K [0x0000000080000000, 0x0000000084100000, 0x00000000d5580000)
  object space 66560K, 22% used [0x0000000080000000,0x0000000080ecebd0,0x0000000084100000)
 Metaspace       used 56923K, capacity 59080K, committed 59160K, reserved 1099776K
  class space    used 7709K, capacity 8153K, committed 8224K, reserved 1048576K
Event: 16.799 GC heap after
Heap after GC invocations=12 (full 2):
 PSYoungGen      total 368640K, used 16892K [0x00000000d5580000, 0x00000000ed900000, 0x0000000100000000)
  eden space 351744K, 0% used [0x00000000d5580000,0x00000000d5580000,0x00000000ead00000)
  from space 16896K, 99% used [0x00000000ec400000,0x00000000ed47f340,0x00000000ed480000)
  to   space 22528K, 0% used [0x00000000ead00000,0x00000000ead00000,0x00000000ec300000)
 ParOldGen       total 66560K, used 24347K [0x0000000080000000, 0x0000000084100000, 0x00000000d5580000)
  object space 66560K, 36% used [0x0000000080000000,0x00000000817c6e98,0x0000000084100000)
 Metaspace       used 56923K, capacity 59080K, committed 59160K, reserved 1099776K
  class space    used 7709K, capacity 8153K, committed 8224K, reserved 1048576K
}
Event: 16.799 GC heap before
{Heap before GC invocations=13 (full 3):
 PSYoungGen      total 368640K, used 16892K [0x00000000d5580000, 0x00000000ed900000, 0x0000000100000000)
  eden space 351744K, 0% used [0x00000000d5580000,0x00000000d5580000,0x00000000ead00000)
  from space 16896K, 99% used [0x00000000ec400000,0x00000000ed47f340,0x00000000ed480000)
  to   space 22528K, 0% used [0x00000000ead00000,0x00000000ead00000,0x00000000ec300000)
 ParOldGen       total 66560K, used 24347K [0x0000000080000000, 0x0000000084100000, 0x00000000d5580000)
  object space 66560K, 36% used [0x0000000080000000,0x00000000817c6e98,0x0000000084100000)
 Metaspace       used 56923K, capacity 59080K, committed 59160K, reserved 1099776K
  class space    used 7709K, capacity 8153K, committed 8224K, reserved 1048576K
Event: 17.198 GC heap after
Heap after GC invocations=13 (full 3):
 PSYoungGen      total 368640K, used 0K [0x00000000d5580000, 0x00000000ed900000, 0x0000000100000000)
  eden space 351744K, 0% used [0x00000000d5580000,0x00000000d5580000,0x00000000ead00000)
  from space 16896K, 0% used [0x00000000ec400000,0x00000000ec400000,0x00000000ed480000)
  to   space 22528K, 0% used [0x00000000ead00000,0x00000000ead00000,0x00000000ec300000)
 ParOldGen       total 102912K, used 38472K [0x0000000080000000, 0x0000000086480000, 0x00000000d5580000)
  object space 102912K, 37% used [0x0000000080000000,0x00000000825923d8,0x0000000086480000)
 Metaspace       used 56914K, capacity 59050K, committed 59160K, reserved 1099776K
  class space    used 7706K, capacity 8148K, committed 8224K, reserved 1048576K
}

Deoptimization events (10 events):
Event: 14.739 Thread 0x000000001ad6c800 Uncommon trap: reason=bimorphic action=maybe_recompile pc=0x0000000003465068 method=java.util.Hashtable.get(Ljava/lang/Object;)Ljava/lang/Object; @ 6
Event: 14.762 Thread 0x000000001ad6c800 Uncommon trap: reason=range_check action=make_not_entrant pc=0x0000000002a47014 method=java.lang.String.charAt(I)C @ 27
Event: 14.762 Thread 0x000000001ad6c800 Uncommon trap: reason=unstable_if action=reinterpret pc=0x000000000297a024 method=java.lang.String.replace(CC)Ljava/lang/String; @ 2
Event: 14.768 Thread 0x000000001ad6c800 Uncommon trap: reason=bimorphic action=maybe_recompile pc=0x000000000332a7bc method=org.codehaus.groovy.runtime.metaclass.MetaMethodIndex.addMethodToList(Ljava/lang/Object;Lgroovy/lang/MetaMethod;)Ljava/lang/Object; @ 96
Event: 14.769 Thread 0x000000001ad6c800 Uncommon trap: reason=unstable_if action=reinterpret pc=0x00000000032d8b6c method=groovy.lang.MetaClassImpl$1MOPIter.methodNameAction(Ljava/lang/Class;Lorg/codehaus/groovy/runtime/metaclass/MetaMethodIndex$Entry;)V @ 182
Event: 14.911 Thread 0x000000001ad6c800 Uncommon trap: reason=unstable_if action=reinterpret pc=0x0000000002b6f824 method=java.lang.String.lastIndexOf([CII[CIII)I @ 17
Event: 14.911 Thread 0x000000001ad6c800 Uncommon trap: reason=unstable_if action=reinterpret pc=0x0000000002e9a018 method=sun.net.www.protocol.jar.Handler.parseURL(Ljava/net/URL;Ljava/lang/String;II)V @ 116
Event: 15.292 Thread 0x000000001ad6c800 Uncommon trap: reason=null_check action=make_not_entrant pc=0x0000000002f3b39c method=java.lang.Class.searchMethods([Ljava/lang/reflect/Method;Ljava/lang/String;[Ljava/lang/Class;)Ljava/lang/reflect/Method; @ 59
Event: 16.605 Thread 0x000000001ad6c800 Uncommon trap: reason=unstable_if action=reinterpret pc=0x0000000003689e4c method=java.security.CodeSource.hashCode()I @ 4
Event: 17.476 Thread 0x000000001ad6c800 Uncommon trap: reason=null_check action=make_not_entrant pc=0x0000000002d65258 method=java.lang.ThreadLocal$ThreadLocalMap.getEntryAfterMiss(Ljava/lang/ThreadLocal;ILjava/lang/ThreadLocal$ThreadLocalMap$Entry;)Ljava/lang/ThreadLocal$ThreadLocalMap$Entry; 

Classes redefined (0 events):
No events

Internal exceptions (10 events):
Event: 15.535 Thread 0x000000001ad6c800 Exception <a 'java/lang/ClassNotFoundException': org/jetbrains/kotlin/gradle/dsl/KotlinJvmOptionsBaseCustomizer> (0x00000000dce31768) thrown at [C:\src\AOSP-openjdk-git\hotspot\src\share\vm\classfile\systemDictionary.cpp, line 210]
Event: 15.537 Thread 0x000000001ad6c800 Exception <a 'java/lang/ClassNotFoundException': org/jetbrains/kotlin/gradle/dsl/KotlinJvmOptionsImplCustomizer> (0x00000000dce73910) thrown at [C:\src\AOSP-openjdk-git\hotspot\src\share\vm\classfile\systemDictionary.cpp, line 210]
Event: 16.605 Thread 0x000000001ad6c800 Implicit null exception at 0x0000000003689b55 to 0x0000000003689e3d
Event: 17.360 Thread 0x000000001ad6c800 Exception <a 'java/lang/ClassNotFoundException': com/android/build/gradle/internal/api/ApkVariantOutputImpl_DecoratedBeanInfo> (0x00000000d5c7c580) thrown at [C:\src\AOSP-openjdk-git\hotspot\src\share\vm\classfile\systemDictionary.cpp, line 210]
Event: 17.361 Thread 0x000000001ad6c800 Exception <a 'java/lang/ClassNotFoundException': com/android/build/gradle/internal/api/ApkVariantOutputImplBeanInfo> (0x00000000d5c9c4b0) thrown at [C:\src\AOSP-openjdk-git\hotspot\src\share\vm\classfile\systemDictionary.cpp, line 210]
Event: 17.362 Thread 0x000000001ad6c800 Exception <a 'java/lang/ClassNotFoundException': com/android/build/gradle/internal/api/BaseVariantOutputImplBeanInfo> (0x00000000d5cbd828) thrown at [C:\src\AOSP-openjdk-git\hotspot\src\share\vm\classfile\systemDictionary.cpp, line 210]
Event: 17.363 Thread 0x000000001ad6c800 Exception <a 'java/lang/ClassNotFoundException': com/android/build/gradle/internal/api/BaseVariantOutputImplCustomizer> (0x00000000d5cdf1c0) thrown at [C:\src\AOSP-openjdk-git\hotspot\src\share\vm\classfile\systemDictionary.cpp, line 210]
Event: 17.365 Thread 0x000000001ad6c800 Exception <a 'java/lang/ClassNotFoundException': com/android/build/gradle/internal/api/ApkVariantOutputImplCustomizer> (0x00000000d5d1a8a8) thrown at [C:\src\AOSP-openjdk-git\hotspot\src\share\vm\classfile\systemDictionary.cpp, line 210]
Event: 17.371 Thread 0x000000001ad6c800 Exception <a 'java/lang/ClassNotFoundException': com/android/build/gradle/internal/api/ApkVariantOutputImpl_DecoratedCustomizer> (0x00000000d5d51ac8) thrown at [C:\src\AOSP-openjdk-git\hotspot\src\share\vm\classfile\systemDictionary.cpp, line 210]
Event: 17.476 Thread 0x000000001ad6c800 Implicit null exception at 0x0000000002d64d77 to 0x0000000002d65239

Events (10 events):
Event: 17.476 Thread 0x000000001ad6c800 Uncommon trap: trap_request=0xfffffff4 fr.pc=0x0000000002d65258
Event: 17.476 Thread 0x000000001ad6c800 DEOPT PACKING pc=0x0000000002d65258 sp=0x000000001cc49df0
Event: 17.476 Thread 0x000000001ad6c800 DEOPT UNPACKING pc=0x00000000027e557b sp=0x000000001cc49c48 mode 2
Event: 17.479 Thread 0x00000000173d9800 flushing nmethod 0x0000000003237210
Event: 17.490 Thread 0x00000000173d9800 flushing nmethod 0x00000000032b5b10
Event: 17.490 Thread 0x00000000173d9800 flushing nmethod 0x00000000032f1e10
Event: 17.495 loading class dagger/hilt/android/plugin/HiltTransformTestClassesTask
Event: 17.495 loading class dagger/hilt/android/plugin/HiltTransformTestClassesTask done
Event: 17.496 loading class dagger/hilt/android/plugin/HiltTransformTestClassesTask$Companion
Event: 17.496 loading class dagger/hilt/android/plugin/HiltTransformTestClassesTask$Companion done


Dynamic libraries:
0x00007ff602ec0000 - 0x00007ff602ef1000 	Z:\Android Studio\jre\bin\java.exe
0x00007ffd4b8f0000 - 0x00007ffd4bae6000 	C:\Windows\SYSTEM32\ntdll.dll
0x00007ffd4b6c0000 - 0x00007ffd4b77d000 	C:\Windows\System32\KERNEL32.DLL
0x00007ffd49350000 - 0x00007ffd49619000 	C:\Windows\System32\KERNELBASE.dll
0x00007ffd49950000 - 0x00007ffd499fc000 	C:\Windows\System32\ADVAPI32.dll
0x00007ffd49a00000 - 0x00007ffd49a9e000 	C:\Windows\System32\msvcrt.dll
0x00007ffd4a2f0000 - 0x00007ffd4a38c000 	C:\Windows\System32\sechost.dll
0x00007ffd4b780000 - 0x00007ffd4b8ab000 	C:\Windows\System32\RPCRT4.dll
0x00007ffd4abd0000 - 0x00007ffd4ad70000 	C:\Windows\System32\USER32.dll
0x00007ffd49080000 - 0x00007ffd490a2000 	C:\Windows\System32\win32u.dll
0x00007ffd4a2c0000 - 0x00007ffd4a2ea000 	C:\Windows\System32\GDI32.dll
0x00007ffd49190000 - 0x00007ffd49299000 	C:\Windows\System32\gdi32full.dll
0x00007ffd49620000 - 0x00007ffd496bd000 	C:\Windows\System32\msvcp_win.dll
0x00007ffd496f0000 - 0x00007ffd497f0000 	C:\Windows\System32\ucrtbase.dll
0x00007ffd345f0000 - 0x00007ffd3488b000 	C:\Windows\WinSxS\amd64_microsoft.windows.common-controls_6595b64144ccf1df_6.0.19041.488_none_ca04af081b815d21\COMCTL32.dll
0x00007ffd4aa80000 - 0x00007ffd4aab0000 	C:\Windows\System32\IMM32.DLL
0x0000000057250000 - 0x0000000057322000 	Z:\Android Studio\jre\jre\bin\msvcr100.dll
0x0000000057330000 - 0x0000000057b7b000 	Z:\Android Studio\jre\jre\bin\server\jvm.dll
0x00007ffd4a620000 - 0x00007ffd4a628000 	C:\Windows\System32\PSAPI.DLL
0x00007ffd34db0000 - 0x00007ffd34dd7000 	C:\Windows\SYSTEM32\WINMM.dll
0x00007ffd3f430000 - 0x00007ffd3f43a000 	C:\Windows\SYSTEM32\VERSION.dll
0x00007ffd46910000 - 0x00007ffd46919000 	C:\Windows\SYSTEM32\WSOCK32.dll
0x00007ffd4a630000 - 0x00007ffd4a69b000 	C:\Windows\System32\WS2_32.dll
0x00007ffd43fe0000 - 0x00007ffd43fef000 	Z:\Android Studio\jre\jre\bin\verify.dll
0x00007ffd43c50000 - 0x00007ffd43c79000 	Z:\Android Studio\jre\jre\bin\java.dll
0x00007ffd43f70000 - 0x00007ffd43f86000 	Z:\Android Studio\jre\jre\bin\zip.dll
0x00007ffd4af50000 - 0x00007ffd4b692000 	C:\Windows\System32\SHELL32.dll
0x00007ffd47180000 - 0x00007ffd47915000 	C:\Windows\SYSTEM32\windows.storage.dll
0x00007ffd4a6a0000 - 0x00007ffd4a9f6000 	C:\Windows\System32\combase.dll
0x00007ffd489d0000 - 0x00007ffd489fc000 	C:\Windows\SYSTEM32\Wldp.dll
0x00007ffd4a210000 - 0x00007ffd4a2be000 	C:\Windows\System32\SHCORE.dll
0x00007ffd49b00000 - 0x00007ffd49b55000 	C:\Windows\System32\shlwapi.dll
0x00007ffd48f60000 - 0x00007ffd48f86000 	C:\Windows\SYSTEM32\profapi.dll
0x00007ffd43c00000 - 0x00007ffd43c1a000 	Z:\Android Studio\jre\jre\bin\net.dll
0x00007ffd48750000 - 0x00007ffd487ba000 	C:\Windows\system32\mswsock.dll
0x00007ffd43b60000 - 0x00007ffd43b73000 	Z:\Android Studio\jre\jre\bin\nio.dll
0x00007ffd3c7b0000 - 0x00007ffd3c7d7000 	C:\Users\Chisster\.gradle\native\f6784746aeab05261644944871eae4fe03e0ef1612fff0a4a95f87b438bc6780\windows-amd64\native-platform.dll
0x00007ffd43bf0000 - 0x00007ffd43bfd000 	Z:\Android Studio\jre\jre\bin\management.dll
0x00007ffd48930000 - 0x00007ffd48948000 	C:\Windows\SYSTEM32\CRYPTSP.dll
0x00007ffd480e0000 - 0x00007ffd48114000 	C:\Windows\system32\rsaenh.dll
0x00007ffd496c0000 - 0x00007ffd496e7000 	C:\Windows\System32\bcrypt.dll
0x00007ffd48f20000 - 0x00007ffd48f4e000 	C:\Windows\SYSTEM32\USERENV.dll
0x00007ffd490b0000 - 0x00007ffd49130000 	C:\Windows\System32\bcryptprimitives.dll
0x00007ffd48920000 - 0x00007ffd4892c000 	C:\Windows\SYSTEM32\CRYPTBASE.dll
0x00007ffd48440000 - 0x00007ffd4847b000 	C:\Windows\SYSTEM32\IPHLPAPI.DLL
0x00007ffd4aa70000 - 0x00007ffd4aa78000 	C:\Windows\System32\NSI.dll
0x00007ffd41180000 - 0x00007ffd41197000 	C:\Windows\SYSTEM32\dhcpcsvc6.DLL
0x00007ffd41330000 - 0x00007ffd4134d000 	C:\Windows\SYSTEM32\dhcpcsvc.DLL
0x00007ffd48480000 - 0x00007ffd4854b000 	C:\Windows\SYSTEM32\DNSAPI.dll
0x00007ffd42140000 - 0x00007ffd4214b000 	C:\Windows\SYSTEM32\WINNSI.DLL

VM Arguments:
jvm_args: -Xmx2048m -Dfile.encoding=UTF-8 -Duser.country=RU -Duser.language=ru -Duser.variant 
java_command: org.gradle.launcher.daemon.bootstrap.GradleDaemon 6.5
java_class_path (initial): C:\Users\Chisster\.gradle\wrapper\dists\gradle-6.5-bin\6nifqtx7604sqp1q6g8wikw7p\gradle-6.5\lib\gradle-launcher-6.5.jar
Launcher Type: SUN_STANDARD

Environment Variables:
PATH=C:\Windows\system32;C:\Windows;C:\Windows\System32\Wbem;C:\Windows\System32\WindowsPowerShell\v1.0\;C:\Windows\System32\OpenSSH\;C:\Program Files\Git\cmd;C:\Users\Chisster\AppData\Local\Microsoft\WindowsApps;
USERNAME=Chisster
OS=Windows_NT
PROCESSOR_IDENTIFIER=Intel64 Family 6 Model 69 Stepping 1, GenuineIntel



---------------  S Y S T E M  ---------------

OS: Windows 10.0 , 64 bit Build 19041 (10.0.19041.662)

CPU:total 4 (initial active 4) (2 cores per cpu, 2 threads per core) family 6 model 69 stepping 1, cmov, cx8, fxsr, mmx, sse, sse2, sse3, ssse3, sse4.1, sse4.2, popcnt, avx, avx2, aes, clmul, erms, lzcnt, ht, tsc, tscinvbit, bmi1, bmi2

Memory: 4k page, physical 8278296k(1196212k free), swap 11374872k(5224k free)

vm_info: OpenJDK 64-Bit Server VM (25.242-b01) for windows-amd64 JRE (1.8.0_242-release-1644-b01), built by "builder" with MS VC++ 10.0 (VS2010)

time: Mon Dec 28 14:16:44 2020
timezone: RTZ 2 (зима)
elapsed time: 17 seconds (0d 0h 0m 17s)

